2026-04-02 15:23:11,307 - backend.utils.db_core - INFO - 密码学库导入成功
2026-04-02 15:23:11,308 - auth_routes - INFO - UserDatabase imported from: E:\信安暖驿——基于信息保护的医患交流分享平台\源码\xant66-app-source~\xant66-app-source\backend\utils\db_users_core.py
2026-04-02 15:23:11,308 - auth_routes - INFO - UserDatabase methods: ['__class__', '__delattr__', '__dict__', '__dir__', '__doc__', '__eq__', '__format__', '__ge__', '__getattribute__', '__gt__', '__hash__', '__init__', '__init_subclass__', '__le__', '__lt__', '__module__', '__ne__', '__new__', '__reduce__', '__reduce_ex__', '__repr__', '__setattr__', '__sizeof__', '__str__', '__subclasshook__', '__weakref__', '_get_connection', '_init_db', '_kdf', '_load_or_generate_system_keys', 'add_user', 'ban_user', 'delete_user', 'disable_connection_pool', 'enable_connection_pool', 'get_all_users', 'get_total_users_count', 'get_user_by_email', 'get_user_by_id', 'get_user_by_username', 'get_user_collection_count', 'get_user_count', 'get_user_followers_count', 'get_user_following_count', 'get_user_post_count', 'get_user_posts', 'get_user_profile', 'search_users', 'unban_user', 'update_user_profile', 'verify_user']
2026-04-02 15:23:11,313 - backend.utils.db_core - INFO - 数据库初始化成功，文件路径: E:\信安暖驿——基于信息保护的医患交流分享平台\源码\xant66-app-source~\xant66-app-source\database\forum.db
2026-04-02 15:23:11,314 - backend.utils.db_core - INFO - 系统密钥加载成功
2026-04-02 15:23:11,314 - backend.utils.db_core - INFO - [db_users] 初始化UserDatabase，使用的数据库路径: E:\信安暖驿——基于信息保护的医患交流分享平台\源码\xant66-app-source~\xant66-app-source\database\forum.db
2026-04-02 15:23:11,314 - auth_routes - INFO - user_db instance type: <class 'backend.utils.db_users_core.ExtendedUserDatabase'>
2026-04-02 15:23:11,315 - auth_routes - INFO - user_db methods: ['add_user', 'ban_user', 'db_path', 'delete_user', 'disable_connection_pool', 'enable_connection_pool', 'get_all_users', 'get_total_users_count', 'get_user_by_email', 'get_user_by_id', 'get_user_by_username', 'get_user_collection_count', 'get_user_count', 'get_user_followers_count', 'get_user_following_count', 'get_user_post_count', 'get_user_posts', 'get_user_profile', 'private_key', 'public_key', 'search_users', 'unban_user', 'update_user_profile', 'verify_user']
2026-04-02 15:23:11,320 - backend.utils.db_core - INFO - 数据库初始化成功，文件路径: E:\信安暖驿——基于信息保护的医患交流分享平台\源码\xant66-app-source~\xant66-app-source\database\forum.db
2026-04-02 15:23:11,320 - backend.utils.db_core - INFO - 系统密钥加载成功
2026-04-02 15:23:11,321 - backend.utils.db_core - INFO - 数据库初始化成功，文件路径: E:\信安暖驿——基于信息保护的医患交流分享平台\源码\xant66-app-source~\xant66-app-source\database\forum.db
2026-04-02 15:23:11,322 - backend.utils.db_core - INFO - 系统密钥加载成功
2026-04-02 15:23:11,324 - backend.utils.db_core - INFO - 数据库初始化成功，文件路径: E:\信安暖驿——基于信息保护的医患交流分享平台\源码\xant66-app-source~\xant66-app-source\database\forum.db
2026-04-02 15:23:11,324 - backend.utils.db_core - INFO - 系统密钥加载成功
2026-04-02 15:23:11,325 - backend.utils.db_core - INFO - 数据库初始化成功，文件路径: E:\信安暖驿——基于信息保护的医患交流分享平台\源码\xant66-app-source~\xant66-app-source\database\forum.db
2026-04-02 15:23:11,326 - backend.utils.db_core - INFO - 系统密钥加载成功
2026-04-02 15:23:11,328 - backend.utils.db_core - INFO - 数据库初始化成功，文件路径: E:\信安暖驿——基于信息保护的医患交流分享平台\源码\xant66-app-source~\xant66-app-source\database\forum.db
2026-04-02 15:23:11,329 - backend.utils.db_core - INFO - 系统密钥加载成功
2026-04-02 15:23:11,338 - backend.utils.db_core - INFO - 数据库初始化成功，文件路径: E:\信安暖驿——基于信息保护的医患交流分享平台\源码\xant66-app-source~\xant66-app-source\database\forum.db
2026-04-02 15:23:11,339 - backend.utils.db_core - INFO - 系统密钥加载成功
2026-04-02 15:23:11,339 - backend.utils.db_core - INFO - [db_users] 初始化UserDatabase，使用的数据库路径: E:\信安暖驿——基于信息保护的医患交流分享平台\源码\xant66-app-source~\xant66-app-source\database\forum.db
2026-04-02 15:23:11,342 - lock_manager - INFO - [lock_manager] 锁表初始化成功
2026-04-02 15:23:11,342 - lock_manager - INFO - [lock_manager] 初始化锁管理器，使用的数据库路径: E:\信安暖驿——基于信息保护的医患交流分享平台\源码\xant66-app-source~\xant66-app-source\database\forum.db
2026-04-02 15:23:11,560 - backend.utils.database - INFO - 创建主数据库实例，使用路径: E:\信安暖驿——基于信息保护的医患交流分享平台\源码\xant66-app-source~\xant66-app-source\database\forum.db
2026-04-02 15:23:11,560 - backend.utils.db_core - INFO - 数据库初始化成功，文件路径: E:\信安暖驿——基于信息保护的医患交流分享平台\源码\xant66-app-source~\xant66-app-source\database\forum.db
2026-04-02 15:23:11,560 - backend.utils.db_core - INFO - 系统密钥加载成功
2026-04-02 15:23:11,560 - backend.utils.db_core - INFO - [db_users] 初始化UserDatabase，使用的数据库路径: E:\信安暖驿——基于信息保护的医患交流分享平台\源码\xant66-app-source~\xant66-app-source\database\forum.db
2026-04-02 15:23:11,565 - backend.utils.db_core - INFO - 已启用数据库连接池，大小: 5
2026-04-02 15:23:11,565 - backend.utils.db_integration - INFO - 数据库连接池已启用
2026-04-02 15:23:11,566 - backend.utils.db_integration - INFO - 成就管理器已初始化
2026-04-02 15:23:11,567 - backend.utils.db_integration - INFO - 数据库功能集成完成
2026-04-02 15:23:11,567 - backend.utils.database - INFO - 关注表初始化成功
2026-04-02 15:23:11,567 - backend.utils.database - INFO - 开始初始化示例用户...
2026-04-02 15:23:11,567 - backend.utils.db_core - INFO - 数据库初始化成功，文件路径: E:\信安暖驿——基于信息保护的医患交流分享平台\源码\xant66-app-source~\xant66-app-source\database\forum.db
2026-04-02 15:23:11,567 - backend.utils.db_core - INFO - 系统密钥加载成功
2026-04-02 15:23:11,567 - backend.utils.db_core - INFO - [db_users] 初始化UserDatabase，使用的数据库路径: E:\信安暖驿——基于信息保护的医患交流分享平台\源码\xant66-app-source~\xant66-app-source\database\forum.db
2026-04-02 15:23:11,567 - sample_users_initializer - INFO - 初始化SampleUserInitializer，使用数据库路径: E:\信安暖驿——基于信息保护的医患交流分享平台\源码\xant66-app-source~\xant66-app-source\database\forum.db
2026-04-02 15:23:11,567 - sample_users_initializer - INFO - 用户已存在，跳过添加: 洪汉博
2026-04-02 15:23:11,568 - sample_users_initializer - INFO - 用户已存在，跳过添加: 石皓文
2026-04-02 15:23:11,568 - sample_users_initializer - INFO - 用户已存在，跳过添加: 张心泽
2026-04-02 15:23:11,569 - sample_users_initializer - INFO - 用户已存在，跳过添加: 郑伊萍
2026-04-02 15:23:11,569 - sample_users_initializer - INFO - 用户已存在，跳过添加: 笪媛媛
2026-04-02 15:23:11,569 - sample_users_initializer - INFO - 用户已存在，跳过添加: 孟尚婉
2026-04-02 15:23:11,570 - sample_users_initializer - INFO - 用户已存在，跳过添加: 陈宇轩
2026-04-02 15:23:11,570 - sample_users_initializer - INFO - 用户已存在，跳过添加: 李明哲
2026-04-02 15:23:11,571 - sample_users_initializer - INFO - 用户已存在，跳过添加: 王浩宇
2026-04-02 15:23:11,571 - sample_users_initializer - INFO - 用户已存在，跳过添加: 刘嘉豪
2026-04-02 15:23:11,571 - sample_users_initializer - INFO - 用户已存在，跳过添加: 张子轩
2026-04-02 15:23:11,572 - sample_users_initializer - INFO - 用户已存在，跳过添加: 杨博文
2026-04-02 15:23:11,573 - sample_users_initializer - INFO - 用户已存在，跳过添加: 黄俊凯
2026-04-02 15:23:11,573 - sample_users_initializer - INFO - 用户已存在，跳过添加: 吴泽宇
2026-04-02 15:23:11,573 - sample_users_initializer - INFO - 用户已存在，跳过添加: 周星辰
2026-04-02 15:23:11,573 - sample_users_initializer - INFO - 用户已存在，跳过添加: 徐浩然
2026-04-02 15:23:11,573 - sample_users_initializer - INFO - 用户已存在，跳过添加: 孙嘉乐
2026-04-02 15:23:11,573 - sample_users_initializer - INFO - 用户已存在，跳过添加: 马天宇
2026-04-02 15:23:11,573 - sample_users_initializer - INFO - 用户已存在，跳过添加: 朱梓晨
2026-04-02 15:23:11,573 - sample_users_initializer - INFO - 用户已存在，跳过添加: 胡文杰
2026-04-02 15:23:11,573 - sample_users_initializer - INFO - 用户已存在，跳过添加: 林泽宇
2026-04-02 15:23:11,573 - sample_users_initializer - INFO - 用户已存在，跳过添加: 李雨桐
2026-04-02 15:23:11,577 - sample_users_initializer - INFO - 用户已存在，跳过添加: 王若曦
2026-04-02 15:23:11,577 - sample_users_initializer - INFO - 用户已存在，跳过添加: 张梓涵
2026-04-02 15:23:11,577 - sample_users_initializer - INFO - 用户已存在，跳过添加: 刘梦瑶
2026-04-02 15:23:11,578 - sample_users_initializer - INFO - 用户已存在，跳过添加: 陈欣怡
2026-04-02 15:23:11,578 - sample_users_initializer - INFO - 用户已存在，跳过添加: 杨雨薇
2026-04-02 15:23:11,578 - sample_users_initializer - INFO - 用户已存在，跳过添加: 黄诗涵
2026-04-02 15:23:11,578 - sample_users_initializer - INFO - 用户已存在，跳过添加: 吴雨萱
2026-04-02 15:23:11,579 - sample_users_initializer - INFO - 用户已存在，跳过添加: 周思彤
2026-04-02 15:23:11,579 - sample_users_initializer - INFO - 用户已存在，跳过添加: 徐佳宁
2026-04-02 15:23:11,580 - sample_users_initializer - INFO - 用户已存在，跳过添加: 孙雅琪
2026-04-02 15:23:11,580 - sample_users_initializer - INFO - 用户已存在，跳过添加: 马语桐
2026-04-02 15:23:11,580 - sample_users_initializer - INFO - 用户已存在，跳过添加: 朱欣悦
2026-04-02 15:23:11,581 - sample_users_initializer - INFO - 用户已存在，跳过添加: 胡静怡
2026-04-02 15:23:11,581 - sample_users_initializer - INFO - 用户已存在，跳过添加: 林婉清
2026-04-02 15:23:11,635 - __main__ - INFO - 启动AI对话助手 v1.0.0
2026-04-02 15:23:11,635 - __main__ - INFO - 服务地址: http://0.0.0.0:8001
2026-04-02 15:23:11,699 - backend.utils.database - INFO - 开始初始化示例用户...
2026-04-02 15:23:11,700 - backend.utils.db_core - INFO - 数据库初始化成功，文件路径: E:\信安暖驿——基于信息保护的医患交流分享平台\源码\xant66-app-source~\xant66-app-source\database\forum.db
2026-04-02 15:23:11,700 - backend.utils.db_core - INFO - 系统密钥加载成功
2026-04-02 15:23:11,700 - backend.utils.db_core - INFO - [db_users] 初始化UserDatabase，使用的数据库路径: E:\信安暖驿——基于信息保护的医患交流分享平台\源码\xant66-app-source~\xant66-app-source\database\forum.db
2026-04-02 15:23:11,700 - sample_users_initializer - INFO - 初始化SampleUserInitializer，使用数据库路径: E:\信安暖驿——基于信息保护的医患交流分享平台\源码\xant66-app-source~\xant66-app-source\database\forum.db
2026-04-02 15:23:11,701 - sample_users_initializer - INFO - 用户已存在，跳过添加: 洪汉博
2026-04-02 15:23:11,701 - sample_users_initializer - INFO - 用户已存在，跳过添加: 石皓文
2026-04-02 15:23:11,702 - sample_users_initializer - INFO - 用户已存在，跳过添加: 张心泽
2026-04-02 15:23:11,702 - sample_users_initializer - INFO - 用户已存在，跳过添加: 郑伊萍
2026-04-02 15:23:11,702 - sample_users_initializer - INFO - 用户已存在，跳过添加: 笪媛媛
2026-04-02 15:23:11,702 - sample_users_initializer - INFO - 用户已存在，跳过添加: 孟尚婉
2026-04-02 15:23:11,702 - sample_users_initializer - INFO - 用户已存在，跳过添加: 陈宇轩
2026-04-02 15:23:11,702 - sample_users_initializer - INFO - 用户已存在，跳过添加: 李明哲
2026-04-02 15:23:11,702 - sample_users_initializer - INFO - 用户已存在，跳过添加: 王浩宇
2026-04-02 15:23:11,702 - sample_users_initializer - INFO - 用户已存在，跳过添加: 刘嘉豪
2026-04-02 15:23:11,702 - sample_users_initializer - INFO - 用户已存在，跳过添加: 张子轩
2026-04-02 15:23:11,702 - sample_users_initializer - INFO - 用户已存在，跳过添加: 杨博文
2026-04-02 15:23:11,702 - sample_users_initializer - INFO - 用户已存在，跳过添加: 黄俊凯
2026-04-02 15:23:11,706 - sample_users_initializer - INFO - 用户已存在，跳过添加: 吴泽宇
2026-04-02 15:23:11,706 - sample_users_initializer - INFO - 用户已存在，跳过添加: 周星辰
2026-04-02 15:23:11,706 - sample_users_initializer - INFO - 用户已存在，跳过添加: 徐浩然
2026-04-02 15:23:11,706 - sample_users_initializer - INFO - 用户已存在，跳过添加: 孙嘉乐
2026-04-02 15:23:11,707 - sample_users_initializer - INFO - 用户已存在，跳过添加: 马天宇
2026-04-02 15:23:11,707 - sample_users_initializer - INFO - 用户已存在，跳过添加: 朱梓晨
2026-04-02 15:23:11,707 - sample_users_initializer - INFO - 用户已存在，跳过添加: 胡文杰
2026-04-02 15:23:11,708 - sample_users_initializer - INFO - 用户已存在，跳过添加: 林泽宇
2026-04-02 15:23:11,708 - sample_users_initializer - INFO - 用户已存在，跳过添加: 李雨桐
2026-04-02 15:23:11,708 - sample_users_initializer - INFO - 用户已存在，跳过添加: 王若曦
2026-04-02 15:23:11,709 - sample_users_initializer - INFO - 用户已存在，跳过添加: 张梓涵
2026-04-02 15:23:11,709 - sample_users_initializer - INFO - 用户已存在，跳过添加: 刘梦瑶
2026-04-02 15:23:11,709 - sample_users_initializer - INFO - 用户已存在，跳过添加: 陈欣怡
2026-04-02 15:23:11,710 - sample_users_initializer - INFO - 用户已存在，跳过添加: 杨雨薇
2026-04-02 15:23:11,710 - sample_users_initializer - INFO - 用户已存在，跳过添加: 黄诗涵
2026-04-02 15:23:11,710 - sample_users_initializer - INFO - 用户已存在，跳过添加: 吴雨萱
2026-04-02 15:23:11,711 - sample_users_initializer - INFO - 用户已存在，跳过添加: 周思彤
2026-04-02 15:23:11,712 - sample_users_initializer - INFO - 用户已存在，跳过添加: 徐佳宁
2026-04-02 15:23:11,712 - sample_users_initializer - INFO - 用户已存在，跳过添加: 孙雅琪
2026-04-02 15:23:11,712 - sample_users_initializer - INFO - 用户已存在，跳过添加: 马语桐
2026-04-02 15:23:11,712 - sample_users_initializer - INFO - 用户已存在，跳过添加: 朱欣悦
2026-04-02 15:23:11,712 - sample_users_initializer - INFO - 用户已存在，跳过添加: 胡静怡
2026-04-02 15:23:11,714 - sample_users_initializer - INFO - 用户已存在，跳过添加: 林婉清
2026-04-02 15:23:46,477 - backend.utils.db_core - INFO - [db_users] 找到用户 陈宇轩 的密码哈希，开始验证
2026-04-02 15:23:46,477 - backend.utils.db_core - INFO - [db_users] 密码哈希: {"version": 2, "mode": "aes_gc...
2026-04-02 15:23:46,481 - backend.utils.db_core - INFO - 密码验证 - 版本: 2
2026-04-02 15:23:46,481 - backend.utils.db_core - INFO - 使用高级加密验证方法
2026-04-02 15:23:46,482 - backend.utils.db_core - INFO - 使用AES-GCM加密模式验证
2026-04-02 15:23:46,485 - backend.utils.db_core - INFO - AES-GCM解密验证结果: True
2026-04-02 15:23:46,489 - auth_routes - INFO - User 陈宇轩 logged in successfully
2026-04-02 15:24:04,671 - backend.api.article_routes - INFO - [文章列表] 获取文章列表 - 页码: 1, 每页: 10, 分类: None, 状态: approved, 搜索: None
2026-04-02 15:24:04,677 - backend.utils.db_core - INFO - 数据库初始化成功，文件路径: E:\信安暖驿——基于信息保护的医患交流分享平台\源码\xant66-app-source~\xant66-app-source\database\forum.db
2026-04-02 15:24:04,679 - backend.utils.db_core - INFO - 系统密钥加载成功
2026-04-02 15:24:04,683 - backend.api.article_routes - INFO - [文章列表成功] 返回 10 篇文章，总计 37 篇
2026-04-02 15:24:07,660 - utils.db_core - INFO - 密码学库导入成功
2026-04-02 15:24:07,682 - utils.db_core - INFO - 数据库初始化成功，文件路径: E:\信安暖驿——基于信息保护的医患交流分享平台\源码\xant66-app-source~\xant66-app-source\database\forum.db
2026-04-02 15:24:07,698 - utils.db_core - INFO - 系统密钥加载成功
2026-04-02 15:24:07,699 - utils.db_core - INFO - [db_users] 初始化UserDatabase，使用的数据库路径: E:\信安暖驿——基于信息保护的医患交流分享平台\源码\xant66-app-source~\xant66-app-source\database\forum.db
2026-04-02 15:24:07,702 - backend.utils.auth - INFO - 用户认证成功: 陈宇轩, 角色: 使用者
2026-04-02 15:24:07,711 - auth_routes - INFO - User profile requested: 陈宇轩
2026-04-02 15:24:07,778 - backend.utils.auth - INFO - 用户认证成功: 陈宇轩, 角色: 使用者
2026-04-02 15:24:07,778 - follow_routes - INFO - 获取关注列表 - 用户: 陈宇轩
2026-04-02 15:24:07,778 - follow_routes - INFO - 获取关注列表成功，共 0 个关注
2026-04-02 15:24:07,808 - backend.utils.auth - INFO - 用户认证成功: 陈宇轩, 角色: 使用者
2026-04-02 15:24:07,818 - auth_routes - INFO - User posts requested: 陈宇轩, page: 1
