2026-04-21 08:52:51,299 - backend.utils.db_core - INFO - 密码学库导入成功
2026-04-21 08:52:51,307 - auth_routes - INFO - UserDatabase imported from: /app/backend/utils/db_users_core.py
2026-04-21 08:52:51,308 - auth_routes - INFO - UserDatabase methods: ['__class__', '__delattr__', '__dict__', '__dir__', '__doc__', '__eq__', '__format__', '__ge__', '__getattribute__', '__gt__', '__hash__', '__init__', '__init_subclass__', '__le__', '__lt__', '__module__', '__ne__', '__new__', '__reduce__', '__reduce_ex__', '__repr__', '__setattr__', '__sizeof__', '__str__', '__subclasshook__', '__weakref__', '_get_connection', '_init_db', '_kdf', '_load_or_generate_system_keys', 'add_user', 'ban_user', 'delete_user', 'disable_connection_pool', 'enable_connection_pool', 'get_all_users', 'get_total_users_count', 'get_user_by_email', 'get_user_by_id', 'get_user_by_username', 'get_user_collection_count', 'get_user_count', 'get_user_followers_count', 'get_user_following_count', 'get_user_post_count', 'get_user_posts', 'get_user_profile', 'search_users', 'unban_user', 'update_user_profile', 'verify_user']
2026-04-21 08:52:51,446 - backend.utils.db_core - INFO - 数据库初始化成功，文件路径: /app/database/forum.db
2026-04-21 08:52:51,477 - backend.utils.db_core - INFO - 生成新的系统密钥
2026-04-21 08:52:51,482 - backend.utils.db_core - INFO - 系统密钥已生成并保存到: /app/database/system_keys.json
2026-04-21 08:52:51,482 - backend.utils.db_core - INFO - [db_users] 初始化UserDatabase，使用的数据库路径: /app/database/forum.db
2026-04-21 08:52:51,483 - auth_routes - INFO - user_db instance type: <class 'backend.utils.db_users_core.ExtendedUserDatabase'>
2026-04-21 08:52:51,484 - auth_routes - INFO - user_db methods: ['add_user', 'ban_user', 'db_path', 'delete_user', 'disable_connection_pool', 'enable_connection_pool', 'get_all_users', 'get_total_users_count', 'get_user_by_email', 'get_user_by_id', 'get_user_by_username', 'get_user_collection_count', 'get_user_count', 'get_user_followers_count', 'get_user_following_count', 'get_user_post_count', 'get_user_posts', 'get_user_profile', 'private_key', 'public_key', 'search_users', 'unban_user', 'update_user_profile', 'verify_user']
2026-04-21 08:52:51,544 - backend.utils.db_core - INFO - 数据库初始化成功，文件路径: /app/database/forum.db
2026-04-21 08:52:51,559 - backend.utils.db_core - INFO - 系统密钥加载成功
2026-04-21 08:52:51,609 - backend.utils.db_core - INFO - 数据库初始化成功，文件路径: /app/database/forum.db
2026-04-21 08:52:51,621 - backend.utils.db_core - INFO - 系统密钥加载成功
2026-04-21 08:52:51,662 - backend.utils.db_core - INFO - 数据库初始化成功，文件路径: /app/database/forum.db
2026-04-21 08:52:51,675 - backend.utils.db_core - INFO - 系统密钥加载成功
2026-04-21 08:52:51,714 - backend.utils.db_core - INFO - 数据库初始化成功，文件路径: /app/database/forum.db
2026-04-21 08:52:51,727 - backend.utils.db_core - INFO - 系统密钥加载成功
2026-04-21 08:52:51,788 - backend.utils.db_core - INFO - 数据库初始化成功，文件路径: /app/database/forum.db
2026-04-21 08:52:51,800 - backend.utils.db_core - INFO - 系统密钥加载成功
2026-04-21 08:52:51,867 - backend.utils.db_core - INFO - 数据库初始化成功，文件路径: /app/database/forum.db
2026-04-21 08:52:51,879 - backend.utils.db_core - INFO - 系统密钥加载成功
2026-04-21 08:52:51,879 - backend.utils.db_core - INFO - [db_users] 初始化UserDatabase，使用的数据库路径: /app/database/forum.db
2026-04-21 08:52:51,947 - lock_manager - INFO - [lock_manager] 锁表初始化成功
2026-04-21 08:52:51,966 - lock_manager - INFO - [lock_manager] 初始化锁管理器，使用的数据库路径: /app/database/forum.db
2026-04-21 08:52:52,618 - backend.utils.database - INFO - 创建主数据库实例，使用路径: /app/database/forum.db
2026-04-21 08:52:52,655 - backend.utils.db_core - INFO - 数据库初始化成功，文件路径: /app/database/forum.db
2026-04-21 08:52:52,667 - backend.utils.db_core - INFO - 系统密钥加载成功
2026-04-21 08:52:52,668 - backend.utils.db_core - INFO - [db_users] 初始化UserDatabase，使用的数据库路径: /app/database/forum.db
2026-04-21 08:52:52,733 - backend.utils.db_core - INFO - 已启用数据库连接池，大小: 5
2026-04-21 08:52:52,734 - backend.utils.db_integration - INFO - 数据库连接池已启用
2026-04-21 08:52:52,768 - backend.utils.db_achievements_enhanced - INFO - 已初始化25个默认成就
2026-04-21 08:52:52,771 - backend.utils.db_integration - INFO - 成就管理器已初始化
2026-04-21 08:52:52,771 - backend.utils.db_integration - INFO - 数据库功能集成完成
2026-04-21 08:52:52,778 - backend.utils.database - INFO - 关注表初始化成功
2026-04-21 08:52:52,780 - backend.utils.database - INFO - 开始初始化示例用户...
2026-04-21 08:52:52,799 - backend.utils.db_core - INFO - 数据库初始化成功，文件路径: /app/database/forum.db
2026-04-21 08:52:52,808 - backend.utils.db_core - INFO - 系统密钥加载成功
2026-04-21 08:52:52,808 - backend.utils.db_core - INFO - [db_users] 初始化UserDatabase，使用的数据库路径: /app/database/forum.db
2026-04-21 08:52:52,809 - sample_users_initializer - INFO - 初始化SampleUserInitializer，使用数据库路径: /app/database/forum.db
2026-04-21 08:52:52,832 - backend.utils.db_core - INFO - 尝试使用高级加密方法处理密码
2026-04-21 08:52:52,848 - backend.utils.db_core - INFO - 成功添加用户: 洪汉博, 角色: 管理员, 用户ID: 1
2026-04-21 08:52:52,851 - sample_users_initializer - INFO - 成功添加示例用户: 洪汉博
2026-04-21 08:52:52,885 - backend.utils.db_core - INFO - 尝试使用高级加密方法处理密码
2026-04-21 08:52:52,897 - backend.utils.db_core - INFO - 成功添加用户: 石皓文, 角色: 管理员, 用户ID: 2
2026-04-21 08:52:52,900 - sample_users_initializer - INFO - 成功添加示例用户: 石皓文
2026-04-21 08:52:52,947 - backend.utils.db_core - INFO - 尝试使用高级加密方法处理密码
2026-04-21 08:52:52,960 - backend.utils.db_core - INFO - 成功添加用户: 张心泽, 角色: 管理员, 用户ID: 3
2026-04-21 08:52:52,962 - sample_users_initializer - INFO - 成功添加示例用户: 张心泽
2026-04-21 08:52:53,005 - backend.utils.db_core - INFO - 尝试使用高级加密方法处理密码
2026-04-21 08:52:53,017 - backend.utils.db_core - INFO - 成功添加用户: 郑伊萍, 角色: 管理员, 用户ID: 4
2026-04-21 08:52:53,019 - sample_users_initializer - INFO - 成功添加示例用户: 郑伊萍
2026-04-21 08:52:53,063 - backend.utils.db_core - INFO - 尝试使用高级加密方法处理密码
2026-04-21 08:52:53,078 - backend.utils.db_core - INFO - 成功添加用户: 笪媛媛, 角色: 管理员, 用户ID: 5
2026-04-21 08:52:53,080 - sample_users_initializer - INFO - 成功添加示例用户: 笪媛媛
2026-04-21 08:52:53,130 - backend.utils.db_core - INFO - 尝试使用高级加密方法处理密码
2026-04-21 08:52:53,142 - backend.utils.db_core - INFO - 成功添加用户: 孟尚婉, 角色: 使用者, 用户ID: 6
2026-04-21 08:52:53,144 - sample_users_initializer - INFO - 成功添加示例用户: 孟尚婉
2026-04-21 08:52:53,187 - backend.utils.db_core - INFO - 尝试使用高级加密方法处理密码
2026-04-21 08:52:53,200 - backend.utils.db_core - INFO - 成功添加用户: 陈宇轩, 角色: 使用者, 用户ID: 7
2026-04-21 08:52:53,202 - sample_users_initializer - INFO - 成功添加示例用户: 陈宇轩
2026-04-21 08:52:53,247 - backend.utils.db_core - INFO - 尝试使用高级加密方法处理密码
2026-04-21 08:52:53,260 - backend.utils.db_core - INFO - 成功添加用户: 李明哲, 角色: 使用者, 用户ID: 8
2026-04-21 08:52:53,262 - sample_users_initializer - INFO - 成功添加示例用户: 李明哲
2026-04-21 08:52:53,307 - backend.utils.db_core - INFO - 尝试使用高级加密方法处理密码
2026-04-21 08:52:53,322 - backend.utils.db_core - INFO - 成功添加用户: 王浩宇, 角色: 使用者, 用户ID: 9
2026-04-21 08:52:53,324 - sample_users_initializer - INFO - 成功添加示例用户: 王浩宇
2026-04-21 08:52:53,375 - backend.utils.db_core - INFO - 尝试使用高级加密方法处理密码
2026-04-21 08:52:53,390 - backend.utils.db_core - INFO - 成功添加用户: 刘嘉豪, 角色: 使用者, 用户ID: 10
2026-04-21 08:52:53,395 - sample_users_initializer - INFO - 成功添加示例用户: 刘嘉豪
2026-04-21 08:52:53,440 - backend.utils.db_core - INFO - 尝试使用高级加密方法处理密码
2026-04-21 08:52:53,453 - backend.utils.db_core - INFO - 成功添加用户: 张子轩, 角色: 使用者, 用户ID: 11
2026-04-21 08:52:53,456 - sample_users_initializer - INFO - 成功添加示例用户: 张子轩
2026-04-21 08:52:53,497 - backend.utils.db_core - INFO - 尝试使用高级加密方法处理密码
2026-04-21 08:52:53,509 - backend.utils.db_core - INFO - 成功添加用户: 杨博文, 角色: 使用者, 用户ID: 12
2026-04-21 08:52:53,512 - sample_users_initializer - INFO - 成功添加示例用户: 杨博文
2026-04-21 08:52:53,552 - backend.utils.db_core - INFO - 尝试使用高级加密方法处理密码
2026-04-21 08:52:53,565 - backend.utils.db_core - INFO - 成功添加用户: 黄俊凯, 角色: 使用者, 用户ID: 13
2026-04-21 08:52:53,567 - sample_users_initializer - INFO - 成功添加示例用户: 黄俊凯
2026-04-21 08:52:53,609 - backend.utils.db_core - INFO - 尝试使用高级加密方法处理密码
2026-04-21 08:52:53,626 - backend.utils.db_core - INFO - 成功添加用户: 吴泽宇, 角色: 使用者, 用户ID: 14
2026-04-21 08:52:53,629 - sample_users_initializer - INFO - 成功添加示例用户: 吴泽宇
2026-04-21 08:52:53,662 - backend.utils.db_core - INFO - 尝试使用高级加密方法处理密码
2026-04-21 08:52:53,677 - backend.utils.db_core - INFO - 成功添加用户: 周星辰, 角色: 使用者, 用户ID: 15
2026-04-21 08:52:53,680 - sample_users_initializer - INFO - 成功添加示例用户: 周星辰
2026-04-21 08:52:53,710 - backend.utils.db_core - INFO - 尝试使用高级加密方法处理密码
2026-04-21 08:52:53,723 - backend.utils.db_core - INFO - 成功添加用户: 徐浩然, 角色: 使用者, 用户ID: 16
2026-04-21 08:52:53,726 - sample_users_initializer - INFO - 成功添加示例用户: 徐浩然
2026-04-21 08:52:53,756 - backend.utils.db_core - INFO - 尝试使用高级加密方法处理密码
2026-04-21 08:52:53,771 - backend.utils.db_core - INFO - 成功添加用户: 孙嘉乐, 角色: 使用者, 用户ID: 17
2026-04-21 08:52:53,773 - sample_users_initializer - INFO - 成功添加示例用户: 孙嘉乐
2026-04-21 08:52:53,801 - backend.utils.db_core - INFO - 尝试使用高级加密方法处理密码
2026-04-21 08:52:53,814 - backend.utils.db_core - INFO - 成功添加用户: 马天宇, 角色: 使用者, 用户ID: 18
2026-04-21 08:52:53,816 - sample_users_initializer - INFO - 成功添加示例用户: 马天宇
2026-04-21 08:52:53,844 - backend.utils.db_core - INFO - 尝试使用高级加密方法处理密码
2026-04-21 08:52:53,859 - backend.utils.db_core - INFO - 成功添加用户: 朱梓晨, 角色: 使用者, 用户ID: 19
2026-04-21 08:52:53,861 - sample_users_initializer - INFO - 成功添加示例用户: 朱梓晨
2026-04-21 08:52:53,902 - backend.utils.db_core - INFO - 尝试使用高级加密方法处理密码
2026-04-21 08:52:53,925 - backend.utils.db_core - INFO - 成功添加用户: 胡文杰, 角色: 使用者, 用户ID: 20
2026-04-21 08:52:53,928 - sample_users_initializer - INFO - 成功添加示例用户: 胡文杰
2026-04-21 08:52:53,962 - backend.utils.db_core - INFO - 尝试使用高级加密方法处理密码
2026-04-21 08:52:53,978 - backend.utils.db_core - INFO - 成功添加用户: 林泽宇, 角色: 使用者, 用户ID: 21
2026-04-21 08:52:53,981 - sample_users_initializer - INFO - 成功添加示例用户: 林泽宇
2026-04-21 08:52:54,013 - backend.utils.db_core - INFO - 尝试使用高级加密方法处理密码
2026-04-21 08:52:54,026 - backend.utils.db_core - INFO - 成功添加用户: 李雨桐, 角色: 使用者, 用户ID: 22
2026-04-21 08:52:54,028 - sample_users_initializer - INFO - 成功添加示例用户: 李雨桐
2026-04-21 08:52:54,061 - backend.utils.db_core - INFO - 尝试使用高级加密方法处理密码
2026-04-21 08:52:54,073 - backend.utils.db_core - INFO - 成功添加用户: 王若曦, 角色: 使用者, 用户ID: 23
2026-04-21 08:52:54,075 - sample_users_initializer - INFO - 成功添加示例用户: 王若曦
2026-04-21 08:52:54,104 - backend.utils.db_core - INFO - 尝试使用高级加密方法处理密码
2026-04-21 08:52:54,118 - backend.utils.db_core - INFO - 成功添加用户: 张梓涵, 角色: 使用者, 用户ID: 24
2026-04-21 08:52:54,120 - sample_users_initializer - INFO - 成功添加示例用户: 张梓涵
2026-04-21 08:52:54,151 - backend.utils.db_core - INFO - 尝试使用高级加密方法处理密码
2026-04-21 08:52:54,164 - backend.utils.db_core - INFO - 成功添加用户: 刘梦瑶, 角色: 使用者, 用户ID: 25
2026-04-21 08:52:54,166 - sample_users_initializer - INFO - 成功添加示例用户: 刘梦瑶
2026-04-21 08:52:54,196 - backend.utils.db_core - INFO - 尝试使用高级加密方法处理密码
2026-04-21 08:52:54,209 - backend.utils.db_core - INFO - 成功添加用户: 陈欣怡, 角色: 使用者, 用户ID: 26
2026-04-21 08:52:54,212 - sample_users_initializer - INFO - 成功添加示例用户: 陈欣怡
2026-04-21 08:52:54,242 - backend.utils.db_core - INFO - 尝试使用高级加密方法处理密码
2026-04-21 08:52:54,256 - backend.utils.db_core - INFO - 成功添加用户: 杨雨薇, 角色: 使用者, 用户ID: 27
2026-04-21 08:52:54,258 - sample_users_initializer - INFO - 成功添加示例用户: 杨雨薇
2026-04-21 08:52:54,286 - backend.utils.db_core - INFO - 尝试使用高级加密方法处理密码
2026-04-21 08:52:54,300 - backend.utils.db_core - INFO - 成功添加用户: 黄诗涵, 角色: 使用者, 用户ID: 28
2026-04-21 08:52:54,305 - sample_users_initializer - INFO - 成功添加示例用户: 黄诗涵
2026-04-21 08:52:54,344 - backend.utils.db_core - INFO - 尝试使用高级加密方法处理密码
2026-04-21 08:52:54,360 - backend.utils.db_core - INFO - 成功添加用户: 吴雨萱, 角色: 使用者, 用户ID: 29
2026-04-21 08:52:54,362 - sample_users_initializer - INFO - 成功添加示例用户: 吴雨萱
2026-04-21 08:52:54,393 - backend.utils.db_core - INFO - 尝试使用高级加密方法处理密码
2026-04-21 08:52:54,409 - backend.utils.db_core - INFO - 成功添加用户: 周思彤, 角色: 使用者, 用户ID: 30
2026-04-21 08:52:54,412 - sample_users_initializer - INFO - 成功添加示例用户: 周思彤
2026-04-21 08:52:54,444 - backend.utils.db_core - INFO - 尝试使用高级加密方法处理密码
2026-04-21 08:52:54,457 - backend.utils.db_core - INFO - 成功添加用户: 徐佳宁, 角色: 使用者, 用户ID: 31
2026-04-21 08:52:54,459 - sample_users_initializer - INFO - 成功添加示例用户: 徐佳宁
2026-04-21 08:52:54,487 - backend.utils.db_core - INFO - 尝试使用高级加密方法处理密码
2026-04-21 08:52:54,499 - backend.utils.db_core - INFO - 成功添加用户: 孙雅琪, 角色: 使用者, 用户ID: 32
2026-04-21 08:52:54,501 - sample_users_initializer - INFO - 成功添加示例用户: 孙雅琪
2026-04-21 08:52:54,530 - backend.utils.db_core - INFO - 尝试使用高级加密方法处理密码
2026-04-21 08:52:54,542 - backend.utils.db_core - INFO - 成功添加用户: 马语桐, 角色: 使用者, 用户ID: 33
2026-04-21 08:52:54,544 - sample_users_initializer - INFO - 成功添加示例用户: 马语桐
2026-04-21 08:52:54,577 - backend.utils.db_core - INFO - 尝试使用高级加密方法处理密码
2026-04-21 08:52:54,589 - backend.utils.db_core - INFO - 成功添加用户: 朱欣悦, 角色: 使用者, 用户ID: 34
2026-04-21 08:52:54,592 - sample_users_initializer - INFO - 成功添加示例用户: 朱欣悦
2026-04-21 08:52:54,621 - backend.utils.db_core - INFO - 尝试使用高级加密方法处理密码
2026-04-21 08:52:54,637 - backend.utils.db_core - INFO - 成功添加用户: 胡静怡, 角色: 使用者, 用户ID: 35
2026-04-21 08:52:54,639 - sample_users_initializer - INFO - 成功添加示例用户: 胡静怡
2026-04-21 08:52:54,671 - backend.utils.db_core - INFO - 尝试使用高级加密方法处理密码
2026-04-21 08:52:54,684 - backend.utils.db_core - INFO - 成功添加用户: 林婉清, 角色: 使用者, 用户ID: 36
2026-04-21 08:52:54,686 - sample_users_initializer - INFO - 成功添加示例用户: 林婉清
2026-04-21 08:54:56,779 - auth_routes - WARNING - Login attempt with non-existent username: 15150651579
2026-04-21 08:54:56,780 - auth_routes - ERROR - Error during login: 401: 用户名或密码错误
2026-04-21 08:57:17,218 - auth_routes - WARNING - Login attempt with non-existent username: 15150651579
2026-04-21 08:57:17,219 - auth_routes - ERROR - Error during login: 401: 用户名或密码错误
2026-04-21 09:03:58,403 - backend.utils.db_core - INFO - [db_users] 找到用户 笪媛媛 的密码哈希，开始验证
2026-04-21 09:03:58,411 - backend.utils.db_core - INFO - [db_users] 密码哈希: {"version": 2, "mode": "aes_gc...
2026-04-21 09:03:58,430 - backend.utils.db_core - INFO - 密码验证 - 版本: 2
2026-04-21 09:03:58,430 - backend.utils.db_core - INFO - 使用高级加密验证方法
2026-04-21 09:03:58,449 - backend.utils.db_core - INFO - 使用AES-GCM加密模式验证
2026-04-21 09:03:58,596 - backend.utils.db_core - INFO - AES-GCM解密验证结果: False
2026-04-21 09:03:58,599 - auth_routes - WARNING - Invalid password for user: 笪媛媛
2026-04-21 09:03:58,601 - auth_routes - ERROR - Error during login: 401: 用户名或密码错误
2026-04-21 09:04:02,583 - backend.utils.db_core - INFO - [db_users] 找到用户 笪媛媛 的密码哈希，开始验证
2026-04-21 09:04:02,584 - backend.utils.db_core - INFO - [db_users] 密码哈希: {"version": 2, "mode": "aes_gc...
2026-04-21 09:04:02,585 - backend.utils.db_core - INFO - 密码验证 - 版本: 2
2026-04-21 09:04:02,586 - backend.utils.db_core - INFO - 使用高级加密验证方法
2026-04-21 09:04:02,586 - backend.utils.db_core - INFO - 使用AES-GCM加密模式验证
2026-04-21 09:04:02,587 - backend.utils.db_core - INFO - AES-GCM解密验证结果: False
2026-04-21 09:04:02,589 - auth_routes - WARNING - Invalid password for user: 笪媛媛
2026-04-21 09:04:02,589 - auth_routes - ERROR - Error during login: 401: 用户名或密码错误
2026-04-21 09:11:37,278 - backend.utils.db_core - INFO - [db_users] 找到用户 笪媛媛 的密码哈希，开始验证
2026-04-21 09:11:37,281 - backend.utils.db_core - INFO - [db_users] 密码哈希: {"version": 2, "mode": "aes_gc...
2026-04-21 09:11:37,282 - backend.utils.db_core - INFO - 密码验证 - 版本: 2
2026-04-21 09:11:37,283 - backend.utils.db_core - INFO - 使用高级加密验证方法
2026-04-21 09:11:37,284 - backend.utils.db_core - INFO - 使用AES-GCM加密模式验证
2026-04-21 09:11:37,293 - backend.utils.db_core - INFO - AES-GCM解密验证结果: True
2026-04-21 09:11:37,369 - auth_routes - INFO - User 笪媛媛 logged in successfully
2026-04-21 09:11:59,662 - backend.api.article_routes - INFO - [文章列表] 获取文章列表 - 页码: 1, 每页: 10, 分类: None, 状态: approved, 搜索: None
2026-04-21 09:11:59,696 - backend.utils.db_core - INFO - 数据库初始化成功，文件路径: /app/database/forum.db
2026-04-21 09:11:59,712 - backend.utils.db_core - INFO - 系统密钥加载成功
2026-04-21 09:11:59,729 - backend.api.article_routes - INFO - [文章列表成功] 返回 0 篇文章，总计 0 篇
2026-04-21 09:12:04,101 - utils.db_core - INFO - 密码学库导入成功
2026-04-21 09:12:04,162 - utils.db_core - INFO - 数据库初始化成功，文件路径: /app/database/forum.db
2026-04-21 09:12:04,172 - utils.db_core - INFO - 系统密钥加载成功
2026-04-21 09:12:04,173 - utils.db_core - INFO - [db_users] 初始化UserDatabase，使用的数据库路径: /app/database/forum.db
2026-04-21 09:12:04,193 - backend.utils.auth - INFO - 用户认证成功: 笪媛媛, 角色: 管理员
2026-04-21 09:12:04,275 - auth_routes - INFO - User profile requested: 笪媛媛
2026-04-21 09:12:04,297 - backend.utils.auth - INFO - 用户认证成功: 笪媛媛, 角色: 管理员
2026-04-21 09:12:04,303 - follow_routes - INFO - 获取关注列表 - 用户: 笪媛媛
2026-04-21 09:12:04,315 - follow_routes - INFO - 获取关注列表成功，共 0 个关注
2026-04-21 09:12:04,337 - backend.utils.auth - INFO - 用户认证成功: 笪媛媛, 角色: 管理员
2026-04-21 09:12:04,382 - auth_routes - INFO - User posts requested: 笪媛媛, page: 1
2026-04-21 09:12:10,212 - backend.utils.auth - INFO - 用户认证成功: 笪媛媛, 角色: 管理员
2026-04-21 09:12:10,322 - auth_routes - INFO - User profile requested: 笪媛媛
2026-04-21 09:12:10,345 - backend.utils.auth - INFO - 用户认证成功: 笪媛媛, 角色: 管理员
2026-04-21 09:12:10,346 - follow_routes - INFO - 获取关注列表 - 用户: 笪媛媛
2026-04-21 09:12:10,358 - follow_routes - INFO - 获取关注列表成功，共 0 个关注
2026-04-21 09:12:10,377 - backend.utils.auth - INFO - 用户认证成功: 笪媛媛, 角色: 管理员
2026-04-21 09:12:10,420 - auth_routes - INFO - User posts requested: 笪媛媛, page: 1
2026-04-21 09:12:10,924 - backend.api.article_routes - INFO - [文章列表] 获取文章列表 - 页码: 1, 每页: 10, 分类: None, 状态: approved, 搜索: None
2026-04-21 09:12:10,943 - backend.utils.db_core - INFO - 数据库初始化成功，文件路径: /app/database/forum.db
2026-04-21 09:12:10,951 - backend.utils.db_core - INFO - 系统密钥加载成功
2026-04-21 09:12:10,961 - backend.api.article_routes - INFO - [文章列表成功] 返回 0 篇文章，总计 0 篇
2026-04-21 09:13:10,206 - backend.api.article_routes - INFO - [文章列表] 获取文章列表 - 页码: 1, 每页: 10, 分类: None, 状态: approved, 搜索: None
2026-04-21 09:13:10,250 - backend.utils.db_core - INFO - 数据库初始化成功，文件路径: /app/database/forum.db
2026-04-21 09:13:10,258 - backend.utils.db_core - INFO - 系统密钥加载成功
2026-04-21 09:13:10,270 - backend.api.article_routes - INFO - [文章列表成功] 返回 0 篇文章，总计 0 篇
2026-04-21 09:13:48,199 - backend.utils.auth - INFO - 用户认证成功: 笪媛媛, 角色: 管理员
2026-04-21 09:13:48,311 - auth_routes - INFO - User profile requested: 笪媛媛
2026-04-21 09:13:48,336 - backend.utils.auth - INFO - 用户认证成功: 笪媛媛, 角色: 管理员
2026-04-21 09:13:48,338 - follow_routes - INFO - 获取关注列表 - 用户: 笪媛媛
2026-04-21 09:13:48,352 - follow_routes - INFO - 获取关注列表成功，共 0 个关注
2026-04-21 09:13:48,379 - backend.utils.auth - INFO - 用户认证成功: 笪媛媛, 角色: 管理员
2026-04-21 09:13:48,438 - auth_routes - INFO - User posts requested: 笪媛媛, page: 1
2026-04-21 09:13:50,387 - backend.api.article_routes - INFO - [文章列表] 获取文章列表 - 页码: 1, 每页: 10, 分类: None, 状态: approved, 搜索: None
2026-04-21 09:13:50,407 - backend.utils.db_core - INFO - 数据库初始化成功，文件路径: /app/database/forum.db
2026-04-21 09:13:50,417 - backend.utils.db_core - INFO - 系统密钥加载成功
2026-04-21 09:13:50,428 - backend.api.article_routes - INFO - [文章列表成功] 返回 0 篇文章，总计 0 篇
2026-04-21 09:13:54,795 - backend.utils.auth - INFO - 用户认证成功: 笪媛媛, 角色: 管理员
2026-04-21 09:13:54,876 - auth_routes - INFO - User profile requested: 笪媛媛
2026-04-21 09:13:54,897 - backend.utils.auth - INFO - 用户认证成功: 笪媛媛, 角色: 管理员
2026-04-21 09:13:54,898 - follow_routes - INFO - 获取关注列表 - 用户: 笪媛媛
2026-04-21 09:13:54,911 - follow_routes - INFO - 获取关注列表成功，共 0 个关注
2026-04-21 09:13:54,932 - backend.utils.auth - INFO - 用户认证成功: 笪媛媛, 角色: 管理员
2026-04-21 09:13:54,977 - auth_routes - INFO - User posts requested: 笪媛媛, page: 1
2026-04-21 09:21:50,068 - backend.utils.db_core - INFO - 密码学库导入成功
2026-04-21 09:21:50,079 - auth_routes - INFO - UserDatabase imported from: /app/backend/utils/db_users_core.py
2026-04-21 09:21:50,079 - auth_routes - INFO - UserDatabase methods: ['__class__', '__delattr__', '__dict__', '__dir__', '__doc__', '__eq__', '__format__', '__ge__', '__getattribute__', '__gt__', '__hash__', '__init__', '__init_subclass__', '__le__', '__lt__', '__module__', '__ne__', '__new__', '__reduce__', '__reduce_ex__', '__repr__', '__setattr__', '__sizeof__', '__str__', '__subclasshook__', '__weakref__', '_get_connection', '_init_db', '_kdf', '_load_or_generate_system_keys', 'add_user', 'ban_user', 'delete_user', 'disable_connection_pool', 'enable_connection_pool', 'get_all_users', 'get_total_users_count', 'get_user_by_email', 'get_user_by_id', 'get_user_by_username', 'get_user_collection_count', 'get_user_count', 'get_user_followers_count', 'get_user_following_count', 'get_user_post_count', 'get_user_posts', 'get_user_profile', 'search_users', 'unban_user', 'update_user_profile', 'verify_user']
2026-04-21 09:21:50,221 - backend.utils.db_core - INFO - 数据库初始化成功，文件路径: /app/database/forum.db
2026-04-21 09:21:50,250 - backend.utils.db_core - INFO - 系统密钥加载成功
2026-04-21 09:21:50,251 - backend.utils.db_core - INFO - [db_users] 初始化UserDatabase，使用的数据库路径: /app/database/forum.db
2026-04-21 09:21:50,251 - auth_routes - INFO - user_db instance type: <class 'backend.utils.db_users_core.ExtendedUserDatabase'>
2026-04-21 09:21:50,252 - auth_routes - INFO - user_db methods: ['add_user', 'ban_user', 'db_path', 'delete_user', 'disable_connection_pool', 'enable_connection_pool', 'get_all_users', 'get_total_users_count', 'get_user_by_email', 'get_user_by_id', 'get_user_by_username', 'get_user_collection_count', 'get_user_count', 'get_user_followers_count', 'get_user_following_count', 'get_user_post_count', 'get_user_posts', 'get_user_profile', 'private_key', 'public_key', 'search_users', 'unban_user', 'update_user_profile', 'verify_user']
2026-04-21 09:21:50,312 - backend.utils.db_core - INFO - 数据库初始化成功，文件路径: /app/database/forum.db
2026-04-21 09:21:50,324 - backend.utils.db_core - INFO - 系统密钥加载成功
2026-04-21 09:21:50,364 - backend.utils.db_core - INFO - 数据库初始化成功，文件路径: /app/database/forum.db
2026-04-21 09:21:50,384 - backend.utils.db_core - INFO - 系统密钥加载成功
2026-04-21 09:21:50,429 - backend.utils.db_core - INFO - 数据库初始化成功，文件路径: /app/database/forum.db
2026-04-21 09:21:50,441 - backend.utils.db_core - INFO - 系统密钥加载成功
2026-04-21 09:21:50,480 - backend.utils.db_core - INFO - 数据库初始化成功，文件路径: /app/database/forum.db
2026-04-21 09:21:50,492 - backend.utils.db_core - INFO - 系统密钥加载成功
2026-04-21 09:21:50,561 - backend.utils.db_core - INFO - 数据库初始化成功，文件路径: /app/database/forum.db
2026-04-21 09:21:50,571 - backend.utils.db_core - INFO - 系统密钥加载成功
2026-04-21 09:21:50,634 - backend.utils.db_core - INFO - 数据库初始化成功，文件路径: /app/database/forum.db
2026-04-21 09:21:50,646 - backend.utils.db_core - INFO - 系统密钥加载成功
2026-04-21 09:21:50,646 - backend.utils.db_core - INFO - [db_users] 初始化UserDatabase，使用的数据库路径: /app/database/forum.db
2026-04-21 09:21:50,680 - lock_manager - INFO - [lock_manager] 锁表初始化成功
2026-04-21 09:21:50,688 - lock_manager - INFO - [lock_manager] 初始化锁管理器，使用的数据库路径: /app/database/forum.db
2026-04-21 09:21:51,307 - backend.utils.database - INFO - 创建主数据库实例，使用路径: /app/database/forum.db
2026-04-21 09:21:51,346 - backend.utils.db_core - INFO - 数据库初始化成功，文件路径: /app/database/forum.db
2026-04-21 09:21:51,359 - backend.utils.db_core - INFO - 系统密钥加载成功
2026-04-21 09:21:51,360 - backend.utils.db_core - INFO - [db_users] 初始化UserDatabase，使用的数据库路径: /app/database/forum.db
2026-04-21 09:21:51,438 - backend.utils.db_core - INFO - 已启用数据库连接池，大小: 5
2026-04-21 09:21:51,439 - backend.utils.db_integration - INFO - 数据库连接池已启用
2026-04-21 09:21:51,463 - backend.utils.db_integration - INFO - 成就管理器已初始化
2026-04-21 09:21:51,464 - backend.utils.db_integration - INFO - 数据库功能集成完成
2026-04-21 09:21:51,466 - backend.utils.database - INFO - 关注表初始化成功
2026-04-21 09:21:51,468 - backend.utils.database - INFO - 开始初始化示例用户...
2026-04-21 09:21:51,489 - backend.utils.db_core - INFO - 数据库初始化成功，文件路径: /app/database/forum.db
2026-04-21 09:21:51,497 - backend.utils.db_core - INFO - 系统密钥加载成功
2026-04-21 09:21:51,498 - backend.utils.db_core - INFO - [db_users] 初始化UserDatabase，使用的数据库路径: /app/database/forum.db
2026-04-21 09:21:51,498 - sample_users_initializer - INFO - 初始化SampleUserInitializer，使用数据库路径: /app/database/forum.db
2026-04-21 09:21:51,511 - sample_users_initializer - INFO - 用户已存在，跳过添加: 洪汉博
2026-04-21 09:21:51,525 - sample_users_initializer - INFO - 用户已存在，跳过添加: 石皓文
2026-04-21 09:21:51,538 - sample_users_initializer - INFO - 用户已存在，跳过添加: 张心泽
2026-04-21 09:21:51,551 - sample_users_initializer - INFO - 用户已存在，跳过添加: 郑伊萍
2026-04-21 09:21:51,566 - sample_users_initializer - INFO - 用户已存在，跳过添加: 笪媛媛
2026-04-21 09:21:51,578 - sample_users_initializer - INFO - 用户已存在，跳过添加: 孟尚婉
2026-04-21 09:21:51,590 - sample_users_initializer - INFO - 用户已存在，跳过添加: 陈宇轩
2026-04-21 09:21:51,602 - sample_users_initializer - INFO - 用户已存在，跳过添加: 李明哲
2026-04-21 09:21:51,614 - sample_users_initializer - INFO - 用户已存在，跳过添加: 王浩宇
2026-04-21 09:21:51,626 - sample_users_initializer - INFO - 用户已存在，跳过添加: 刘嘉豪
2026-04-21 09:21:51,638 - sample_users_initializer - INFO - 用户已存在，跳过添加: 张子轩
2026-04-21 09:21:51,650 - sample_users_initializer - INFO - 用户已存在，跳过添加: 杨博文
2026-04-21 09:21:51,663 - sample_users_initializer - INFO - 用户已存在，跳过添加: 黄俊凯
2026-04-21 09:21:51,676 - sample_users_initializer - INFO - 用户已存在，跳过添加: 吴泽宇
2026-04-21 09:21:51,688 - sample_users_initializer - INFO - 用户已存在，跳过添加: 周星辰
2026-04-21 09:21:51,699 - sample_users_initializer - INFO - 用户已存在，跳过添加: 徐浩然
2026-04-21 09:21:51,711 - sample_users_initializer - INFO - 用户已存在，跳过添加: 孙嘉乐
2026-04-21 09:21:51,724 - sample_users_initializer - INFO - 用户已存在，跳过添加: 马天宇
2026-04-21 09:21:51,736 - sample_users_initializer - INFO - 用户已存在，跳过添加: 朱梓晨
2026-04-21 09:21:51,752 - sample_users_initializer - INFO - 用户已存在，跳过添加: 胡文杰
2026-04-21 09:21:51,766 - sample_users_initializer - INFO - 用户已存在，跳过添加: 林泽宇
2026-04-21 09:21:51,780 - sample_users_initializer - INFO - 用户已存在，跳过添加: 李雨桐
2026-04-21 09:21:51,793 - sample_users_initializer - INFO - 用户已存在，跳过添加: 王若曦
2026-04-21 09:21:51,806 - sample_users_initializer - INFO - 用户已存在，跳过添加: 张梓涵
2026-04-21 09:21:51,819 - sample_users_initializer - INFO - 用户已存在，跳过添加: 刘梦瑶
2026-04-21 09:21:51,832 - sample_users_initializer - INFO - 用户已存在，跳过添加: 陈欣怡
2026-04-21 09:21:51,844 - sample_users_initializer - INFO - 用户已存在，跳过添加: 杨雨薇
2026-04-21 09:21:51,856 - sample_users_initializer - INFO - 用户已存在，跳过添加: 黄诗涵
2026-04-21 09:21:51,867 - sample_users_initializer - INFO - 用户已存在，跳过添加: 吴雨萱
2026-04-21 09:21:51,879 - sample_users_initializer - INFO - 用户已存在，跳过添加: 周思彤
2026-04-21 09:21:51,891 - sample_users_initializer - INFO - 用户已存在，跳过添加: 徐佳宁
2026-04-21 09:21:51,902 - sample_users_initializer - INFO - 用户已存在，跳过添加: 孙雅琪
2026-04-21 09:21:51,914 - sample_users_initializer - INFO - 用户已存在，跳过添加: 马语桐
2026-04-21 09:21:51,925 - sample_users_initializer - INFO - 用户已存在，跳过添加: 朱欣悦
2026-04-21 09:21:51,937 - sample_users_initializer - INFO - 用户已存在，跳过添加: 胡静怡
2026-04-21 09:21:51,949 - sample_users_initializer - INFO - 用户已存在，跳过添加: 林婉清
2026-04-21 09:22:19,624 - backend.api.article_routes - INFO - [文章列表] 获取文章列表 - 页码: 1, 每页: 10, 分类: None, 状态: approved, 搜索: None
2026-04-21 09:22:19,646 - backend.utils.db_core - INFO - 数据库初始化成功，文件路径: /app/database/forum.db
2026-04-21 09:22:19,655 - backend.utils.db_core - INFO - 系统密钥加载成功
2026-04-21 09:22:19,670 - backend.api.article_routes - INFO - [文章列表成功] 返回 0 篇文章，总计 0 篇
2026-04-21 09:22:21,983 - utils.db_core - INFO - 密码学库导入成功
2026-04-21 09:22:22,022 - utils.db_core - INFO - 数据库初始化成功，文件路径: /app/database/forum.db
2026-04-21 09:22:22,032 - utils.db_core - INFO - 系统密钥加载成功
2026-04-21 09:22:22,033 - utils.db_core - INFO - [db_users] 初始化UserDatabase，使用的数据库路径: /app/database/forum.db
2026-04-21 09:22:22,050 - backend.utils.auth - INFO - 用户认证成功: 笪媛媛, 角色: 管理员
2026-04-21 09:22:22,146 - auth_routes - INFO - User profile requested: 笪媛媛
2026-04-21 09:22:22,166 - backend.utils.auth - INFO - 用户认证成功: 笪媛媛, 角色: 管理员
2026-04-21 09:22:22,167 - follow_routes - INFO - 获取关注列表 - 用户: 笪媛媛
2026-04-21 09:22:22,181 - follow_routes - INFO - 获取关注列表成功，共 0 个关注
2026-04-21 09:22:22,203 - backend.utils.auth - INFO - 用户认证成功: 笪媛媛, 角色: 管理员
2026-04-21 09:22:22,255 - auth_routes - INFO - User posts requested: 笪媛媛, page: 1
