2026-04-25 12:07:57,555 - backend.utils.db_core - INFO - 密码学库导入成功
2026-04-25 12:07:57,568 - auth_routes - INFO - UserDatabase imported from: /app/backend/utils/db_users_core.py
2026-04-25 12:07:57,572 - auth_routes - INFO - UserDatabase methods: ['__class__', '__delattr__', '__dict__', '__dir__', '__doc__', '__eq__', '__format__', '__ge__', '__getattribute__', '__gt__', '__hash__', '__init__', '__init_subclass__', '__le__', '__lt__', '__module__', '__ne__', '__new__', '__reduce__', '__reduce_ex__', '__repr__', '__setattr__', '__sizeof__', '__str__', '__subclasshook__', '__weakref__', '_get_connection', '_init_db', '_kdf', '_load_or_generate_system_keys', 'add_user', 'ban_user', 'delete_user', 'disable_connection_pool', 'enable_connection_pool', 'get_all_users', 'get_total_users_count', 'get_user_by_email', 'get_user_by_id', 'get_user_by_username', 'get_user_collection_count', 'get_user_count', 'get_user_followers_count', 'get_user_following_count', 'get_user_post_count', 'get_user_posts', 'get_user_profile', 'search_users', 'unban_user', 'update_user_profile', 'verify_user']
2026-04-25 12:07:57,673 - backend.utils.db_core - INFO - 数据库初始化成功，文件路径: /app/database/forum.db
2026-04-25 12:07:57,697 - backend.utils.db_core - INFO - 系统密钥加载成功
2026-04-25 12:07:57,699 - backend.utils.db_core - INFO - [db_users] 初始化UserDatabase，使用的数据库路径: /app/database/forum.db
2026-04-25 12:07:57,700 - auth_routes - INFO - user_db instance type: <class 'backend.utils.db_users_core.ExtendedUserDatabase'>
2026-04-25 12:07:57,701 - auth_routes - INFO - user_db methods: ['add_user', 'ban_user', 'db_path', 'delete_user', 'disable_connection_pool', 'enable_connection_pool', 'get_all_users', 'get_total_users_count', 'get_user_by_email', 'get_user_by_id', 'get_user_by_username', 'get_user_collection_count', 'get_user_count', 'get_user_followers_count', 'get_user_following_count', 'get_user_post_count', 'get_user_posts', 'get_user_profile', 'private_key', 'public_key', 'search_users', 'unban_user', 'update_user_profile', 'verify_user']
2026-04-25 12:07:57,790 - backend.utils.db_core - INFO - 数据库初始化成功，文件路径: /app/database/forum.db
2026-04-25 12:07:57,811 - backend.utils.db_core - INFO - 系统密钥加载成功
2026-04-25 12:07:57,893 - backend.utils.db_core - INFO - 数据库初始化成功，文件路径: /app/database/forum.db
2026-04-25 12:07:57,930 - backend.utils.db_core - INFO - 系统密钥加载成功
2026-04-25 12:07:57,997 - backend.utils.db_core - INFO - 数据库初始化成功，文件路径: /app/database/forum.db
2026-04-25 12:07:58,030 - backend.utils.db_core - INFO - 系统密钥加载成功
2026-04-25 12:07:58,101 - backend.utils.db_core - INFO - 数据库初始化成功，文件路径: /app/database/forum.db
2026-04-25 12:07:58,118 - backend.utils.db_core - INFO - 系统密钥加载成功
2026-04-25 12:07:58,384 - backend.utils.db_core - INFO - 数据库初始化成功，文件路径: /app/database/forum.db
2026-04-25 12:07:58,421 - backend.utils.db_core - INFO - 系统密钥加载成功
2026-04-25 12:07:58,541 - backend.utils.db_core - INFO - 数据库初始化成功，文件路径: /app/database/forum.db
2026-04-25 12:07:58,563 - backend.utils.db_core - INFO - 系统密钥加载成功
2026-04-25 12:07:58,564 - backend.utils.db_core - INFO - [db_users] 初始化UserDatabase，使用的数据库路径: /app/database/forum.db
2026-04-25 12:07:58,617 - lock_manager - INFO - [lock_manager] 锁表初始化成功
2026-04-25 12:07:58,630 - lock_manager - INFO - [lock_manager] 初始化锁管理器，使用的数据库路径: /app/database/forum.db
2026-04-25 12:07:59,812 - backend.utils.database - INFO - 创建主数据库实例，使用路径: /app/database/forum.db
2026-04-25 12:07:59,884 - backend.utils.db_core - INFO - 数据库初始化成功，文件路径: /app/database/forum.db
2026-04-25 12:07:59,908 - backend.utils.db_core - INFO - 系统密钥加载成功
2026-04-25 12:07:59,909 - backend.utils.db_core - INFO - [db_users] 初始化UserDatabase，使用的数据库路径: /app/database/forum.db
2026-04-25 12:08:00,016 - backend.utils.db_core - INFO - 已启用数据库连接池，大小: 5
2026-04-25 12:08:00,016 - backend.utils.db_integration - INFO - 数据库连接池已启用
2026-04-25 12:08:00,048 - backend.utils.db_integration - INFO - 成就管理器已初始化
2026-04-25 12:08:00,049 - backend.utils.db_integration - INFO - 数据库功能集成完成
2026-04-25 12:08:00,051 - backend.utils.database - INFO - 关注表初始化成功
2026-04-25 12:08:00,053 - backend.utils.database - INFO - 开始初始化示例用户...
2026-04-25 12:08:00,086 - backend.utils.db_core - INFO - 数据库初始化成功，文件路径: /app/database/forum.db
2026-04-25 12:08:00,101 - backend.utils.db_core - INFO - 系统密钥加载成功
2026-04-25 12:08:00,103 - backend.utils.db_core - INFO - [db_users] 初始化UserDatabase，使用的数据库路径: /app/database/forum.db
2026-04-25 12:08:00,103 - sample_users_initializer - INFO - 初始化SampleUserInitializer，使用数据库路径: /app/database/forum.db
2026-04-25 12:08:00,143 - sample_users_initializer - INFO - 用户已存在，跳过添加: 洪汉博
2026-04-25 12:08:00,168 - sample_users_initializer - INFO - 用户已存在，跳过添加: 石皓文
2026-04-25 12:08:00,193 - sample_users_initializer - INFO - 用户已存在，跳过添加: 张心泽
2026-04-25 12:08:00,222 - sample_users_initializer - INFO - 用户已存在，跳过添加: 郑伊萍
2026-04-25 12:08:00,249 - sample_users_initializer - INFO - 用户已存在，跳过添加: 笪媛媛
2026-04-25 12:08:00,274 - sample_users_initializer - INFO - 用户已存在，跳过添加: 孟尚婉
2026-04-25 12:08:00,297 - sample_users_initializer - INFO - 用户已存在，跳过添加: 陈宇轩
2026-04-25 12:08:00,343 - sample_users_initializer - INFO - 用户已存在，跳过添加: 李明哲
2026-04-25 12:08:00,389 - sample_users_initializer - INFO - 用户已存在，跳过添加: 王浩宇
2026-04-25 12:08:00,436 - sample_users_initializer - INFO - 用户已存在，跳过添加: 刘嘉豪
2026-04-25 12:08:00,484 - sample_users_initializer - INFO - 用户已存在，跳过添加: 张子轩
2026-04-25 12:08:00,515 - sample_users_initializer - INFO - 用户已存在，跳过添加: 杨博文
2026-04-25 12:08:00,545 - sample_users_initializer - INFO - 用户已存在，跳过添加: 黄俊凯
2026-04-25 12:08:00,583 - sample_users_initializer - INFO - 用户已存在，跳过添加: 吴泽宇
2026-04-25 12:08:00,606 - sample_users_initializer - INFO - 用户已存在，跳过添加: 周星辰
2026-04-25 12:08:00,661 - sample_users_initializer - INFO - 用户已存在，跳过添加: 徐浩然
2026-04-25 12:08:00,703 - sample_users_initializer - INFO - 用户已存在，跳过添加: 孙嘉乐
2026-04-25 12:08:00,733 - sample_users_initializer - INFO - 用户已存在，跳过添加: 马天宇
2026-04-25 12:08:00,795 - sample_users_initializer - INFO - 用户已存在，跳过添加: 朱梓晨
2026-04-25 12:08:00,856 - sample_users_initializer - INFO - 用户已存在，跳过添加: 胡文杰
2026-04-25 12:08:00,935 - sample_users_initializer - INFO - 用户已存在，跳过添加: 林泽宇
2026-04-25 12:08:01,005 - sample_users_initializer - INFO - 用户已存在，跳过添加: 李雨桐
2026-04-25 12:08:01,065 - sample_users_initializer - INFO - 用户已存在，跳过添加: 王若曦
2026-04-25 12:08:01,111 - sample_users_initializer - INFO - 用户已存在，跳过添加: 张梓涵
2026-04-25 12:08:01,134 - sample_users_initializer - INFO - 用户已存在，跳过添加: 刘梦瑶
2026-04-25 12:08:01,154 - sample_users_initializer - INFO - 用户已存在，跳过添加: 陈欣怡
2026-04-25 12:08:01,176 - sample_users_initializer - INFO - 用户已存在，跳过添加: 杨雨薇
2026-04-25 12:08:01,212 - sample_users_initializer - INFO - 用户已存在，跳过添加: 黄诗涵
2026-04-25 12:08:01,241 - sample_users_initializer - INFO - 用户已存在，跳过添加: 吴雨萱
2026-04-25 12:08:01,277 - sample_users_initializer - INFO - 用户已存在，跳过添加: 周思彤
2026-04-25 12:08:01,310 - sample_users_initializer - INFO - 用户已存在，跳过添加: 徐佳宁
2026-04-25 12:08:01,336 - sample_users_initializer - INFO - 用户已存在，跳过添加: 孙雅琪
2026-04-25 12:08:01,364 - sample_users_initializer - INFO - 用户已存在，跳过添加: 马语桐
2026-04-25 12:08:01,394 - sample_users_initializer - INFO - 用户已存在，跳过添加: 朱欣悦
2026-04-25 12:08:01,427 - sample_users_initializer - INFO - 用户已存在，跳过添加: 胡静怡
2026-04-25 12:08:01,465 - sample_users_initializer - INFO - 用户已存在，跳过添加: 林婉清
2026-04-25 12:11:57,131 - backend.utils.db_core - INFO - [db_users] 找到用户 笪媛媛 的密码哈希，开始验证
2026-04-25 12:11:57,134 - backend.utils.db_core - INFO - [db_users] 密码哈希: {"version": 2, "mode": "aes_gc...
2026-04-25 12:11:57,137 - backend.utils.db_core - INFO - 密码验证 - 版本: 2
2026-04-25 12:11:57,138 - backend.utils.db_core - INFO - 使用高级加密验证方法
2026-04-25 12:11:57,140 - backend.utils.db_core - INFO - 使用AES-GCM加密模式验证
2026-04-25 12:11:57,259 - backend.utils.db_core - INFO - AES-GCM解密验证结果: True
2026-04-25 12:11:57,274 - auth_routes - INFO - User 笪媛媛 logged in successfully
2026-04-25 12:12:20,262 - backend.api.article_routes - INFO - [文章列表] 获取文章列表 - 页码: 1, 每页: 10, 分类: None, 状态: approved, 搜索: None
2026-04-25 12:12:20,450 - backend.utils.db_core - INFO - 数据库初始化成功，文件路径: /app/database/forum.db
2026-04-25 12:12:20,493 - backend.utils.db_core - INFO - 系统密钥加载成功
2026-04-25 12:12:20,530 - backend.api.article_routes - INFO - [文章列表成功] 返回 0 篇文章，总计 0 篇
2026-04-25 12:12:25,141 - utils.db_core - INFO - 密码学库导入成功
2026-04-25 12:12:25,315 - utils.db_core - INFO - 数据库初始化成功，文件路径: /app/database/forum.db
2026-04-25 12:12:25,353 - utils.db_core - INFO - 系统密钥加载成功
2026-04-25 12:12:25,353 - utils.db_core - INFO - [db_users] 初始化UserDatabase，使用的数据库路径: /app/database/forum.db
2026-04-25 12:12:24,741 - backend.utils.auth - INFO - 用户认证成功: 笪媛媛, 角色: 管理员
2026-04-25 12:12:24,941 - auth_routes - INFO - User profile requested: 笪媛媛
2026-04-25 12:12:24,994 - backend.utils.auth - INFO - 用户认证成功: 笪媛媛, 角色: 管理员
2026-04-25 12:12:25,000 - follow_routes - INFO - 获取关注列表 - 用户: 笪媛媛
2026-04-25 12:12:23,089 - follow_routes - INFO - 获取关注列表成功，共 0 个关注
2026-04-25 12:12:23,132 - backend.utils.auth - INFO - 用户认证成功: 笪媛媛, 角色: 管理员
2026-04-25 12:12:23,222 - auth_routes - INFO - User posts requested: 笪媛媛, page: 1
2026-04-25 12:13:15,310 - backend.utils.db_core - INFO - [db_users] 找到用户 笪媛媛 的密码哈希，开始验证
2026-04-25 12:13:15,311 - backend.utils.db_core - INFO - [db_users] 密码哈希: {"version": 2, "mode": "aes_gc...
2026-04-25 12:13:15,314 - backend.utils.db_core - INFO - 密码验证 - 版本: 2
2026-04-25 12:13:15,316 - backend.utils.db_core - INFO - 使用高级加密验证方法
2026-04-25 12:13:15,318 - backend.utils.db_core - INFO - 使用AES-GCM加密模式验证
2026-04-25 12:13:15,323 - backend.utils.db_core - INFO - AES-GCM解密验证结果: True
2026-04-25 12:13:15,331 - auth_routes - INFO - User 笪媛媛 logged in successfully
2026-04-25 12:13:19,406 - backend.api.article_routes - INFO - [文章列表] 获取文章列表 - 页码: 1, 每页: 10, 分类: None, 状态: approved, 搜索: None
2026-04-25 12:13:19,495 - backend.utils.db_core - INFO - 数据库初始化成功，文件路径: /app/database/forum.db
2026-04-25 12:13:19,510 - backend.utils.db_core - INFO - 系统密钥加载成功
2026-04-25 12:13:19,539 - backend.api.article_routes - INFO - [文章列表成功] 返回 0 篇文章，总计 0 篇
2026-04-25 12:13:20,416 - backend.utils.auth - INFO - 用户认证成功: 笪媛媛, 角色: 管理员
2026-04-25 12:13:20,874 - auth_routes - INFO - User profile requested: 笪媛媛
2026-04-25 12:13:20,954 - backend.utils.auth - INFO - 用户认证成功: 笪媛媛, 角色: 管理员
2026-04-25 12:13:20,956 - follow_routes - INFO - 获取关注列表 - 用户: 笪媛媛
2026-04-25 12:13:20,990 - follow_routes - INFO - 获取关注列表成功，共 0 个关注
2026-04-25 12:13:21,058 - backend.utils.auth - INFO - 用户认证成功: 笪媛媛, 角色: 管理员
2026-04-25 12:13:21,230 - auth_routes - INFO - User posts requested: 笪媛媛, page: 1
2026-04-25 12:13:23,808 - backend.utils.auth - INFO - 用户认证成功: 笪媛媛, 角色: 管理员
2026-04-25 12:13:23,820 - user_routes - ERROR - Error retrieving user collections count: 'UserDatabase' object has no attribute 'get_user_by_username'
2026-04-25 12:13:23,825 - backend.utils.auth - INFO - 用户认证成功: 笪媛媛, 角色: 管理员
2026-04-25 12:13:23,827 - user_routes - ERROR - Error retrieving user posts count: 'UserDatabase' object has no attribute 'get_user_by_username'
2026-04-25 12:13:23,829 - backend.utils.auth - INFO - 用户认证成功: 笪媛媛, 角色: 管理员
2026-04-25 12:13:23,835 - backend.utils.auth - INFO - 用户认证成功: 笪媛媛, 角色: 管理员
2026-04-25 12:13:23,842 - user_routes - ERROR - Error retrieving user followers count: 'UserDatabase' object has no attribute 'get_user_by_username'
2026-04-25 12:13:23,847 - user_routes - ERROR - Error retrieving user registration info: 'UserDatabase' object has no attribute 'get_user_by_username'
2026-04-25 12:13:30,746 - backend.utils.auth - INFO - 用户认证成功: 笪媛媛, 角色: 管理员
2026-04-25 12:13:30,893 - auth_routes - INFO - User profile requested: 笪媛媛
2026-04-25 12:13:30,922 - backend.utils.auth - INFO - 用户认证成功: 笪媛媛, 角色: 管理员
2026-04-25 12:13:30,923 - follow_routes - INFO - 获取关注列表 - 用户: 笪媛媛
2026-04-25 12:13:30,944 - follow_routes - INFO - 获取关注列表成功，共 0 个关注
2026-04-25 12:13:30,974 - backend.utils.auth - INFO - 用户认证成功: 笪媛媛, 角色: 管理员
2026-04-25 12:13:31,047 - auth_routes - INFO - User posts requested: 笪媛媛, page: 1
2026-04-25 12:13:46,353 - backend.api.article_routes - INFO - [文章列表] 获取文章列表 - 页码: 1, 每页: 10, 分类: None, 状态: approved, 搜索: None
2026-04-25 12:13:46,411 - backend.utils.db_core - INFO - 数据库初始化成功，文件路径: /app/database/forum.db
2026-04-25 12:13:46,425 - backend.utils.db_core - INFO - 系统密钥加载成功
2026-04-25 12:13:46,468 - backend.api.article_routes - INFO - [文章列表成功] 返回 0 篇文章，总计 0 篇
2026-04-25 12:20:23,801 - backend.utils.db_core - INFO - [db_users] 找到用户 笪媛媛 的密码哈希，开始验证
2026-04-25 12:20:23,814 - backend.utils.db_core - INFO - [db_users] 密码哈希: {"version": 2, "mode": "aes_gc...
2026-04-25 12:20:23,822 - backend.utils.db_core - INFO - 密码验证 - 版本: 2
2026-04-25 12:20:23,824 - backend.utils.db_core - INFO - 使用高级加密验证方法
2026-04-25 12:20:23,826 - backend.utils.db_core - INFO - 使用AES-GCM加密模式验证
2026-04-25 12:20:23,879 - backend.utils.db_core - INFO - AES-GCM解密验证结果: True
2026-04-25 12:20:23,903 - auth_routes - INFO - User 笪媛媛 logged in successfully
2026-04-25 12:20:27,049 - backend.utils.auth - INFO - 用户认证成功: 笪媛媛, 角色: 管理员
2026-04-25 12:20:27,126 - lock_manager - INFO - [lock_manager] 用户 笪媛媛 成功获取锁 account_audit_lock
2026-04-25 12:20:27,185 - admin_routes - INFO - All users requested by admin: 笪媛媛, page: 1
2026-04-25 12:20:37,203 - backend.api.article_routes - INFO - [文章列表] 获取文章列表 - 页码: 1, 每页: 10, 分类: None, 状态: approved, 搜索: None
2026-04-25 12:20:37,233 - backend.utils.db_core - INFO - 数据库初始化成功，文件路径: /app/database/forum.db
2026-04-25 12:20:37,254 - backend.utils.db_core - INFO - 系统密钥加载成功
2026-04-25 12:20:37,277 - backend.api.article_routes - INFO - [文章列表成功] 返回 0 篇文章，总计 0 篇
2026-04-25 12:20:43,751 - backend.api.article_routes - INFO - [文章列表] 获取文章列表 - 页码: 1, 每页: 10, 分类: None, 状态: approved, 搜索: None
2026-04-25 12:20:43,792 - backend.utils.db_core - INFO - 数据库初始化成功，文件路径: /app/database/forum.db
2026-04-25 12:20:43,806 - backend.utils.db_core - INFO - 系统密钥加载成功
2026-04-25 12:20:43,828 - backend.api.article_routes - INFO - [文章列表成功] 返回 0 篇文章，总计 0 篇
2026-04-25 12:20:48,279 - backend.api.article_routes - INFO - [文章列表] 获取文章列表 - 页码: 1, 每页: 10, 分类: None, 状态: approved, 搜索: None
2026-04-25 12:20:48,300 - backend.utils.db_core - INFO - 数据库初始化成功，文件路径: /app/database/forum.db
2026-04-25 12:20:48,311 - backend.utils.db_core - INFO - 系统密钥加载成功
2026-04-25 12:20:48,327 - backend.api.article_routes - INFO - [文章列表成功] 返回 0 篇文章，总计 0 篇
2026-04-25 12:20:52,489 - backend.api.article_routes - INFO - [分类文章] 获取分类文章 - 分类: 中医科
2026-04-25 12:20:52,517 - backend.utils.db_core - INFO - 数据库初始化成功，文件路径: /app/database/forum.db
2026-04-25 12:20:52,529 - backend.utils.db_core - INFO - 系统密钥加载成功
2026-04-25 12:20:52,545 - backend.api.article_routes - INFO - [分类文章成功] 分类 中医科 有 0 篇文章
2026-04-25 12:20:57,535 - backend.utils.auth - INFO - 用户认证成功: 笪媛媛, 角色: 管理员
2026-04-25 12:20:57,823 - auth_routes - INFO - User profile requested: 笪媛媛
2026-04-25 12:20:57,883 - backend.utils.auth - INFO - 用户认证成功: 笪媛媛, 角色: 管理员
2026-04-25 12:20:57,887 - follow_routes - INFO - 获取关注列表 - 用户: 笪媛媛
2026-04-25 12:20:57,928 - follow_routes - INFO - 获取关注列表成功，共 0 个关注
2026-04-25 12:20:57,962 - backend.utils.auth - INFO - 用户认证成功: 笪媛媛, 角色: 管理员
2026-04-25 12:20:58,084 - auth_routes - INFO - User posts requested: 笪媛媛, page: 1
2026-04-25 12:21:16,932 - backend.utils.auth - INFO - 用户认证成功: 笪媛媛, 角色: 管理员
2026-04-25 12:21:16,935 - user_routes - ERROR - Error retrieving user posts count: 'UserDatabase' object has no attribute 'get_user_by_username'
2026-04-25 12:21:16,935 - backend.utils.auth - INFO - 用户认证成功: 笪媛媛, 角色: 管理员
2026-04-25 12:21:16,946 - backend.utils.auth - INFO - 用户认证成功: 笪媛媛, 角色: 管理员
2026-04-25 12:21:16,954 - backend.utils.auth - INFO - 用户认证成功: 笪媛媛, 角色: 管理员
2026-04-25 12:21:16,956 - user_routes - ERROR - Error retrieving user collections count: 'UserDatabase' object has no attribute 'get_user_by_username'
2026-04-25 12:21:16,966 - user_routes - ERROR - Error retrieving user followers count: 'UserDatabase' object has no attribute 'get_user_by_username'
2026-04-25 12:21:16,984 - user_routes - ERROR - Error retrieving user registration info: 'UserDatabase' object has no attribute 'get_user_by_username'
2026-04-25 12:22:00,330 - backend.utils.auth - INFO - 用户认证成功: 笪媛媛, 角色: 管理员
2026-04-25 12:22:00,473 - auth_routes - INFO - User profile requested: 笪媛媛
2026-04-25 12:22:00,528 - backend.utils.auth - INFO - 用户认证成功: 笪媛媛, 角色: 管理员
2026-04-25 12:22:01,092 - follow_routes - INFO - 获取关注列表 - 用户: 笪媛媛
2026-04-25 12:22:01,151 - follow_routes - INFO - 获取关注列表成功，共 0 个关注
2026-04-25 12:22:01,187 - backend.utils.auth - INFO - 用户认证成功: 笪媛媛, 角色: 管理员
2026-04-25 12:22:01,287 - auth_routes - INFO - User posts requested: 笪媛媛, page: 1
2026-04-25 12:22:05,933 - backend.api.article_routes - INFO - [文章列表] 获取文章列表 - 页码: 1, 每页: 10, 分类: None, 状态: approved, 搜索: None
2026-04-25 12:22:05,968 - backend.utils.db_core - INFO - 数据库初始化成功，文件路径: /app/database/forum.db
2026-04-25 12:22:05,985 - backend.utils.db_core - INFO - 系统密钥加载成功
2026-04-25 12:22:06,016 - backend.api.article_routes - INFO - [文章列表成功] 返回 0 篇文章，总计 0 篇
2026-04-25 12:22:14,295 - backend.api.article_routes - INFO - [文章列表] 获取文章列表 - 页码: 1, 每页: 10, 分类: None, 状态: approved, 搜索: None
2026-04-25 12:22:14,323 - backend.utils.db_core - INFO - 数据库初始化成功，文件路径: /app/database/forum.db
2026-04-25 12:22:14,341 - backend.utils.db_core - INFO - 系统密钥加载成功
2026-04-25 12:22:14,362 - backend.api.article_routes - INFO - [文章列表成功] 返回 0 篇文章，总计 0 篇
2026-04-25 12:22:15,297 - backend.utils.auth - INFO - 用户认证成功: 笪媛媛, 角色: 管理员
2026-04-25 12:22:15,480 - auth_routes - INFO - User profile requested: 笪媛媛
2026-04-25 12:22:15,531 - backend.utils.auth - INFO - 用户认证成功: 笪媛媛, 角色: 管理员
2026-04-25 12:22:15,534 - follow_routes - INFO - 获取关注列表 - 用户: 笪媛媛
2026-04-25 12:22:15,564 - follow_routes - INFO - 获取关注列表成功，共 0 个关注
2026-04-25 12:22:15,600 - backend.utils.auth - INFO - 用户认证成功: 笪媛媛, 角色: 管理员
2026-04-25 12:22:15,671 - auth_routes - INFO - User posts requested: 笪媛媛, page: 1
2026-04-25 12:22:21,952 - backend.api.article_routes - INFO - [文章列表] 获取文章列表 - 页码: 1, 每页: 10, 分类: None, 状态: approved, 搜索: None
2026-04-25 12:22:21,977 - backend.utils.db_core - INFO - 数据库初始化成功，文件路径: /app/database/forum.db
2026-04-25 12:22:21,989 - backend.utils.db_core - INFO - 系统密钥加载成功
2026-04-25 12:22:22,006 - backend.api.article_routes - INFO - [文章列表成功] 返回 0 篇文章，总计 0 篇
2026-04-25 12:22:25,839 - backend.utils.auth - INFO - 用户认证成功: 笪媛媛, 角色: 管理员
2026-04-25 12:22:25,974 - auth_routes - INFO - User profile requested: 笪媛媛
2026-04-25 12:22:26,014 - backend.utils.auth - INFO - 用户认证成功: 笪媛媛, 角色: 管理员
2026-04-25 12:22:26,016 - follow_routes - INFO - 获取关注列表 - 用户: 笪媛媛
2026-04-25 12:22:26,034 - follow_routes - INFO - 获取关注列表成功，共 0 个关注
2026-04-25 12:22:25,526 - backend.utils.auth - INFO - 用户认证成功: 笪媛媛, 角色: 管理员
2026-04-25 12:22:25,617 - auth_routes - INFO - User posts requested: 笪媛媛, page: 1
2026-04-25 12:22:24,544 - backend.api.article_routes - INFO - [文章列表] 获取文章列表 - 页码: 1, 每页: 10, 分类: None, 状态: approved, 搜索: None
2026-04-25 12:22:24,569 - backend.utils.db_core - INFO - 数据库初始化成功，文件路径: /app/database/forum.db
2026-04-25 12:22:24,580 - backend.utils.db_core - INFO - 系统密钥加载成功
2026-04-25 12:22:24,597 - backend.api.article_routes - INFO - [文章列表成功] 返回 0 篇文章，总计 0 篇
2026-04-25 12:22:46,036 - backend.api.article_routes - INFO - [文章列表] 获取文章列表 - 页码: 1, 每页: 10, 分类: None, 状态: approved, 搜索: None
2026-04-25 12:22:46,124 - backend.utils.db_core - INFO - 数据库初始化成功，文件路径: /app/database/forum.db
2026-04-25 12:22:46,158 - backend.utils.db_core - INFO - 系统密钥加载成功
2026-04-25 12:22:46,177 - backend.api.article_routes - INFO - [文章列表成功] 返回 0 篇文章，总计 0 篇
2026-04-25 12:22:47,562 - backend.utils.auth - INFO - 用户认证成功: 笪媛媛, 角色: 管理员
2026-04-25 12:22:47,754 - auth_routes - INFO - User profile requested: 笪媛媛
2026-04-25 12:22:47,790 - backend.utils.auth - INFO - 用户认证成功: 笪媛媛, 角色: 管理员
2026-04-25 12:22:47,792 - follow_routes - INFO - 获取关注列表 - 用户: 笪媛媛
2026-04-25 12:22:47,825 - follow_routes - INFO - 获取关注列表成功，共 0 个关注
2026-04-25 12:22:47,866 - backend.utils.auth - INFO - 用户认证成功: 笪媛媛, 角色: 管理员
2026-04-25 12:22:47,972 - auth_routes - INFO - User posts requested: 笪媛媛, page: 1
2026-04-25 12:23:20,416 - backend.utils.db_core - INFO - [db_users] 找到用户 笪媛媛 的密码哈希，开始验证
2026-04-25 12:23:20,427 - backend.utils.db_core - INFO - [db_users] 密码哈希: {"version": 2, "mode": "aes_gc...
2026-04-25 12:23:20,431 - backend.utils.db_core - INFO - 密码验证 - 版本: 2
2026-04-25 12:23:20,432 - backend.utils.db_core - INFO - 使用高级加密验证方法
2026-04-25 12:23:20,435 - backend.utils.db_core - INFO - 使用AES-GCM加密模式验证
2026-04-25 12:23:20,465 - backend.utils.db_core - INFO - AES-GCM解密验证结果: True
2026-04-25 12:23:20,487 - auth_routes - INFO - User 笪媛媛 logged in successfully
2026-04-25 12:23:50,450 - backend.utils.auth - INFO - 用户认证成功: 笪媛媛, 角色: 管理员
2026-04-25 12:23:50,539 - admin_routes - INFO - Pending articles requested by admin: 笪媛媛, page: 1
2026-04-25 12:23:53,057 - backend.utils.auth - INFO - 用户认证成功: 笪媛媛, 角色: 管理员
2026-04-25 12:23:53,163 - lock_manager - INFO - [lock_manager] 用户 笪媛媛 延长了锁 account_audit_lock 的有效期
2026-04-25 12:23:53,228 - admin_routes - INFO - All users requested by admin: 笪媛媛, page: 1
2026-04-25 12:23:59,269 - backend.utils.auth - INFO - 用户认证成功: 笪媛媛, 角色: 管理员
2026-04-25 12:23:59,281 - comment_routes - INFO - [获取待审核评论] 用户: 笪媛媛
2026-04-25 12:23:59,373 - backend.utils.db_core - INFO - 数据库初始化成功，文件路径: /app/database/forum.db
2026-04-25 12:23:59,404 - backend.utils.db_core - INFO - 系统密钥加载成功
2026-04-25 12:23:59,409 - backend.utils.db_core - INFO - [db_users] 初始化UserDatabase，使用的数据库路径: /app/database/forum.db
2026-04-25 12:23:59,610 - backend.utils.db_core - INFO - 数据库初始化成功，文件路径: /app/database/forum.db
2026-04-25 12:23:59,662 - backend.utils.db_core - INFO - 系统密钥加载成功
2026-04-25 12:23:59,725 - comment_routes - INFO - [获取待审核评论成功] 找到 0 条待审核评论
2026-04-25 12:24:03,229 - backend.utils.auth - INFO - 用户认证成功: 笪媛媛, 角色: 管理员
2026-04-25 12:24:03,277 - admin_routes - INFO - Pending articles requested by admin: 笪媛媛, page: 1
2026-04-25 12:24:05,083 - backend.utils.auth - INFO - 用户认证成功: 笪媛媛, 角色: 管理员
2026-04-25 12:24:05,103 - admin_routes - INFO - Pending articles requested by admin: 笪媛媛, page: 1
2026-04-25 12:24:06,777 - backend.utils.auth - INFO - 用户认证成功: 笪媛媛, 角色: 管理员
2026-04-25 12:24:06,792 - admin_routes - INFO - Pending articles requested by admin: 笪媛媛, page: 1
2026-04-25 12:24:07,834 - backend.utils.auth - INFO - 用户认证成功: 笪媛媛, 角色: 管理员
2026-04-25 12:24:07,949 - admin_routes - INFO - Pending articles requested by admin: 笪媛媛, page: 1
2026-04-25 12:24:08,037 - backend.utils.auth - INFO - 用户认证成功: 笪媛媛, 角色: 管理员
2026-04-25 12:24:08,123 - admin_routes - INFO - Pending articles requested by admin: 笪媛媛, page: 1
2026-04-25 12:24:08,347 - backend.utils.auth - INFO - 用户认证成功: 笪媛媛, 角色: 管理员
2026-04-25 12:24:08,376 - admin_routes - INFO - Pending articles requested by admin: 笪媛媛, page: 1
2026-04-25 12:24:09,214 - backend.utils.auth - INFO - 用户认证成功: 笪媛媛, 角色: 管理员
2026-04-25 12:24:09,466 - admin_routes - INFO - Pending articles requested by admin: 笪媛媛, page: 1
2026-04-25 12:24:09,806 - backend.utils.auth - INFO - 用户认证成功: 笪媛媛, 角色: 管理员
2026-04-25 12:24:09,907 - admin_routes - INFO - Pending articles requested by admin: 笪媛媛, page: 1
2026-04-25 12:24:09,960 - backend.utils.auth - INFO - 用户认证成功: 笪媛媛, 角色: 管理员
2026-04-25 12:24:09,998 - admin_routes - INFO - Pending articles requested by admin: 笪媛媛, page: 1
2026-04-25 12:24:23,968 - backend.utils.auth - INFO - 用户认证成功: 笪媛媛, 角色: 管理员
2026-04-25 12:24:23,987 - admin_routes - INFO - Pending articles requested by admin: 笪媛媛, page: 1
2026-04-25 12:24:24,707 - backend.utils.auth - INFO - 用户认证成功: 笪媛媛, 角色: 管理员
2026-04-25 12:24:24,724 - admin_routes - INFO - Pending articles requested by admin: 笪媛媛, page: 1
2026-04-25 12:24:25,284 - backend.utils.auth - INFO - 用户认证成功: 笪媛媛, 角色: 管理员
2026-04-25 12:24:25,300 - admin_routes - INFO - Pending articles requested by admin: 笪媛媛, page: 1
2026-04-25 12:24:25,480 - backend.utils.auth - INFO - 用户认证成功: 笪媛媛, 角色: 管理员
2026-04-25 12:24:25,498 - admin_routes - INFO - Pending articles requested by admin: 笪媛媛, page: 1
2026-04-25 12:24:25,953 - backend.utils.auth - INFO - 用户认证成功: 笪媛媛, 角色: 管理员
2026-04-25 12:24:25,968 - admin_routes - INFO - Pending articles requested by admin: 笪媛媛, page: 1
2026-04-25 12:24:26,791 - backend.utils.auth - INFO - 用户认证成功: 笪媛媛, 角色: 管理员
2026-04-25 12:24:26,805 - admin_routes - INFO - Pending articles requested by admin: 笪媛媛, page: 1
2026-04-25 12:24:26,834 - backend.utils.auth - INFO - 用户认证成功: 笪媛媛, 角色: 管理员
2026-04-25 12:24:26,850 - admin_routes - INFO - Pending articles requested by admin: 笪媛媛, page: 1
2026-04-25 12:24:26,875 - backend.utils.auth - INFO - 用户认证成功: 笪媛媛, 角色: 管理员
2026-04-25 12:24:26,894 - admin_routes - INFO - Pending articles requested by admin: 笪媛媛, page: 1
2026-04-25 12:34:56,771 - backend.utils.db_core - INFO - [db_users] 找到用户 笪媛媛 的密码哈希，开始验证
2026-04-25 12:34:56,835 - backend.utils.db_core - INFO - [db_users] 密码哈希: {"version": 2, "mode": "aes_gc...
2026-04-25 12:34:56,860 - backend.utils.db_core - INFO - 密码验证 - 版本: 2
2026-04-25 12:34:56,867 - backend.utils.db_core - INFO - 使用高级加密验证方法
2026-04-25 12:34:56,873 - backend.utils.db_core - INFO - 使用AES-GCM加密模式验证
2026-04-25 12:34:57,131 - backend.utils.db_core - INFO - AES-GCM解密验证结果: True
2026-04-25 12:34:57,842 - auth_routes - INFO - User 笪媛媛 logged in successfully
2026-04-25 12:37:20,310 - backend.utils.auth - INFO - 用户认证成功: 笪媛媛, 角色: 管理员
2026-04-25 12:37:20,393 - admin_routes - INFO - Pending articles requested by admin: 笪媛媛, page: 1
2026-04-25 12:37:20,539 - backend.utils.auth - INFO - 用户认证成功: 笪媛媛, 角色: 管理员
2026-04-25 12:37:20,567 - admin_routes - INFO - Pending articles requested by admin: 笪媛媛, page: 1
2026-04-25 12:37:31,560 - backend.utils.db_core - INFO - 密码学库导入成功
2026-04-25 12:37:31,582 - auth_routes - INFO - UserDatabase imported from: /app/backend/utils/db_users_core.py
2026-04-25 12:37:31,583 - auth_routes - INFO - UserDatabase methods: ['__class__', '__delattr__', '__dict__', '__dir__', '__doc__', '__eq__', '__format__', '__ge__', '__getattribute__', '__gt__', '__hash__', '__init__', '__init_subclass__', '__le__', '__lt__', '__module__', '__ne__', '__new__', '__reduce__', '__reduce_ex__', '__repr__', '__setattr__', '__sizeof__', '__str__', '__subclasshook__', '__weakref__', '_get_connection', '_init_db', '_kdf', '_load_or_generate_system_keys', 'add_user', 'ban_user', 'delete_user', 'disable_connection_pool', 'enable_connection_pool', 'get_all_users', 'get_total_users_count', 'get_user_by_email', 'get_user_by_id', 'get_user_by_username', 'get_user_collection_count', 'get_user_count', 'get_user_followers_count', 'get_user_following_count', 'get_user_post_count', 'get_user_posts', 'get_user_profile', 'search_users', 'unban_user', 'update_user_profile', 'verify_user']
2026-04-25 12:37:31,648 - backend.utils.db_core - INFO - 数据库初始化成功，文件路径: /app/database/forum.db
2026-04-25 12:37:31,687 - backend.utils.db_core - INFO - 系统密钥加载成功
2026-04-25 12:37:31,688 - backend.utils.db_core - INFO - [db_users] 初始化UserDatabase，使用的数据库路径: /app/database/forum.db
2026-04-25 12:37:31,689 - auth_routes - INFO - user_db instance type: <class 'backend.utils.db_users_core.ExtendedUserDatabase'>
2026-04-25 12:37:31,690 - auth_routes - INFO - user_db methods: ['add_user', 'ban_user', 'db_path', 'delete_user', 'disable_connection_pool', 'enable_connection_pool', 'get_all_users', 'get_total_users_count', 'get_user_by_email', 'get_user_by_id', 'get_user_by_username', 'get_user_collection_count', 'get_user_count', 'get_user_followers_count', 'get_user_following_count', 'get_user_post_count', 'get_user_posts', 'get_user_profile', 'private_key', 'public_key', 'search_users', 'unban_user', 'update_user_profile', 'verify_user']
2026-04-25 12:37:31,782 - backend.utils.db_core - INFO - 数据库初始化成功，文件路径: /app/database/forum.db
2026-04-25 12:37:31,817 - backend.utils.db_core - INFO - 系统密钥加载成功
2026-04-25 12:37:31,894 - backend.utils.db_core - INFO - 数据库初始化成功，文件路径: /app/database/forum.db
2026-04-25 12:37:31,924 - backend.utils.db_core - INFO - 系统密钥加载成功
2026-04-25 12:37:31,981 - backend.utils.db_core - INFO - 数据库初始化成功，文件路径: /app/database/forum.db
2026-04-25 12:37:31,996 - backend.utils.db_core - INFO - 系统密钥加载成功
2026-04-25 12:37:32,070 - backend.utils.db_core - INFO - 数据库初始化成功，文件路径: /app/database/forum.db
2026-04-25 12:37:32,087 - backend.utils.db_core - INFO - 系统密钥加载成功
2026-04-25 12:37:32,193 - backend.utils.db_core - INFO - 数据库初始化成功，文件路径: /app/database/forum.db
2026-04-25 12:37:32,226 - backend.utils.db_core - INFO - 系统密钥加载成功
2026-04-25 12:37:32,418 - backend.utils.db_core - INFO - 数据库初始化成功，文件路径: /app/database/forum.db
2026-04-25 12:37:32,437 - backend.utils.db_core - INFO - 系统密钥加载成功
2026-04-25 12:37:32,439 - backend.utils.db_core - INFO - [db_users] 初始化UserDatabase，使用的数据库路径: /app/database/forum.db
2026-04-25 12:37:32,525 - lock_manager - INFO - [lock_manager] 锁表初始化成功
2026-04-25 12:37:32,548 - lock_manager - INFO - [lock_manager] 初始化锁管理器，使用的数据库路径: /app/database/forum.db
2026-04-25 12:37:33,935 - backend.utils.database - INFO - 创建主数据库实例，使用路径: /app/database/forum.db
2026-04-25 12:37:33,990 - backend.utils.db_core - INFO - 数据库初始化成功，文件路径: /app/database/forum.db
2026-04-25 12:37:34,005 - backend.utils.db_core - INFO - 系统密钥加载成功
2026-04-25 12:37:34,006 - backend.utils.db_core - INFO - [db_users] 初始化UserDatabase，使用的数据库路径: /app/database/forum.db
2026-04-25 12:37:34,106 - backend.utils.db_core - INFO - 已启用数据库连接池，大小: 5
2026-04-25 12:37:34,107 - backend.utils.db_integration - INFO - 数据库连接池已启用
2026-04-25 12:37:34,144 - backend.utils.db_integration - INFO - 成就管理器已初始化
2026-04-25 12:37:34,145 - backend.utils.db_integration - INFO - 数据库功能集成完成
2026-04-25 12:37:34,149 - backend.utils.database - INFO - 关注表初始化成功
2026-04-25 12:37:34,152 - backend.utils.database - INFO - 开始初始化示例用户...
2026-04-25 12:37:34,176 - backend.utils.db_core - INFO - 数据库初始化成功，文件路径: /app/database/forum.db
2026-04-25 12:37:34,191 - backend.utils.db_core - INFO - 系统密钥加载成功
2026-04-25 12:37:34,192 - backend.utils.db_core - INFO - [db_users] 初始化UserDatabase，使用的数据库路径: /app/database/forum.db
2026-04-25 12:37:34,193 - sample_users_initializer - INFO - 初始化SampleUserInitializer，使用数据库路径: /app/database/forum.db
2026-04-25 12:37:34,210 - sample_users_initializer - INFO - 用户已存在，跳过添加: 洪汉博
2026-04-25 12:37:34,225 - sample_users_initializer - INFO - 用户已存在，跳过添加: 石皓文
2026-04-25 12:37:34,242 - sample_users_initializer - INFO - 用户已存在，跳过添加: 张心泽
2026-04-25 12:37:34,261 - sample_users_initializer - INFO - 用户已存在，跳过添加: 郑伊萍
2026-04-25 12:37:34,279 - sample_users_initializer - INFO - 用户已存在，跳过添加: 笪媛媛
2026-04-25 12:37:34,296 - sample_users_initializer - INFO - 用户已存在，跳过添加: 孟尚婉
2026-04-25 12:37:34,309 - sample_users_initializer - INFO - 用户已存在，跳过添加: 陈宇轩
2026-04-25 12:37:34,325 - sample_users_initializer - INFO - 用户已存在，跳过添加: 李明哲
2026-04-25 12:37:34,340 - sample_users_initializer - INFO - 用户已存在，跳过添加: 王浩宇
2026-04-25 12:37:34,354 - sample_users_initializer - INFO - 用户已存在，跳过添加: 刘嘉豪
2026-04-25 12:37:34,368 - sample_users_initializer - INFO - 用户已存在，跳过添加: 张子轩
2026-04-25 12:37:34,382 - sample_users_initializer - INFO - 用户已存在，跳过添加: 杨博文
2026-04-25 12:37:34,395 - sample_users_initializer - INFO - 用户已存在，跳过添加: 黄俊凯
2026-04-25 12:37:34,410 - sample_users_initializer - INFO - 用户已存在，跳过添加: 吴泽宇
2026-04-25 12:37:34,427 - sample_users_initializer - INFO - 用户已存在，跳过添加: 周星辰
2026-04-25 12:37:34,444 - sample_users_initializer - INFO - 用户已存在，跳过添加: 徐浩然
2026-04-25 12:37:34,461 - sample_users_initializer - INFO - 用户已存在，跳过添加: 孙嘉乐
2026-04-25 12:37:34,477 - sample_users_initializer - INFO - 用户已存在，跳过添加: 马天宇
2026-04-25 12:37:34,509 - sample_users_initializer - INFO - 用户已存在，跳过添加: 朱梓晨
2026-04-25 12:37:34,527 - sample_users_initializer - INFO - 用户已存在，跳过添加: 胡文杰
2026-04-25 12:37:34,540 - sample_users_initializer - INFO - 用户已存在，跳过添加: 林泽宇
2026-04-25 12:37:34,555 - sample_users_initializer - INFO - 用户已存在，跳过添加: 李雨桐
2026-04-25 12:37:34,573 - sample_users_initializer - INFO - 用户已存在，跳过添加: 王若曦
2026-04-25 12:37:34,589 - sample_users_initializer - INFO - 用户已存在，跳过添加: 张梓涵
2026-04-25 12:37:34,611 - sample_users_initializer - INFO - 用户已存在，跳过添加: 刘梦瑶
2026-04-25 12:37:34,631 - sample_users_initializer - INFO - 用户已存在，跳过添加: 陈欣怡
2026-04-25 12:37:34,646 - sample_users_initializer - INFO - 用户已存在，跳过添加: 杨雨薇
2026-04-25 12:37:34,662 - sample_users_initializer - INFO - 用户已存在，跳过添加: 黄诗涵
2026-04-25 12:37:34,676 - sample_users_initializer - INFO - 用户已存在，跳过添加: 吴雨萱
2026-04-25 12:37:34,692 - sample_users_initializer - INFO - 用户已存在，跳过添加: 周思彤
2026-04-25 12:37:34,706 - sample_users_initializer - INFO - 用户已存在，跳过添加: 徐佳宁
2026-04-25 12:37:34,721 - sample_users_initializer - INFO - 用户已存在，跳过添加: 孙雅琪
2026-04-25 12:37:34,741 - sample_users_initializer - INFO - 用户已存在，跳过添加: 马语桐
2026-04-25 12:37:34,758 - sample_users_initializer - INFO - 用户已存在，跳过添加: 朱欣悦
2026-04-25 12:37:34,775 - sample_users_initializer - INFO - 用户已存在，跳过添加: 胡静怡
2026-04-25 12:37:34,795 - sample_users_initializer - INFO - 用户已存在，跳过添加: 林婉清
2026-04-25 12:37:51,513 - backend.api.article_routes - INFO - [文章列表] 获取文章列表 - 页码: 1, 每页: 10, 分类: None, 状态: approved, 搜索: None
2026-04-25 12:37:51,608 - backend.utils.db_core - INFO - 数据库初始化成功，文件路径: /app/database/forum.db
2026-04-25 12:37:51,643 - backend.utils.db_core - INFO - 系统密钥加载成功
2026-04-25 12:37:51,764 - backend.api.article_routes - INFO - [文章列表成功] 返回 0 篇文章，总计 0 篇
2026-04-25 12:37:53,408 - utils.db_core - INFO - 密码学库导入成功
2026-04-25 12:37:53,659 - utils.db_core - INFO - 数据库初始化成功，文件路径: /app/database/forum.db
2026-04-25 12:37:53,732 - utils.db_core - INFO - 系统密钥加载成功
2026-04-25 12:37:53,749 - utils.db_core - INFO - [db_users] 初始化UserDatabase，使用的数据库路径: /app/database/forum.db
2026-04-25 12:37:53,777 - backend.utils.auth - INFO - 用户认证成功: 笪媛媛, 角色: 管理员
2026-04-25 12:37:54,462 - auth_routes - INFO - User profile requested: 笪媛媛
2026-04-25 12:37:54,509 - backend.utils.auth - INFO - 用户认证成功: 笪媛媛, 角色: 管理员
2026-04-25 12:37:54,511 - follow_routes - INFO - 获取关注列表 - 用户: 笪媛媛
2026-04-25 12:37:54,529 - follow_routes - INFO - 获取关注列表成功，共 0 个关注
2026-04-25 12:37:54,579 - backend.utils.auth - INFO - 用户认证成功: 笪媛媛, 角色: 管理员
2026-04-25 12:37:54,664 - auth_routes - INFO - User posts requested: 笪媛媛, page: 1
2026-04-25 12:38:14,072 - backend.api.article_routes - INFO - [文章列表] 获取文章列表 - 页码: 1, 每页: 10, 分类: None, 状态: approved, 搜索: None
2026-04-25 12:38:14,125 - backend.utils.db_core - INFO - 数据库初始化成功，文件路径: /app/database/forum.db
2026-04-25 12:38:14,138 - backend.utils.db_core - INFO - 系统密钥加载成功
2026-04-25 12:38:14,156 - backend.api.article_routes - INFO - [文章列表成功] 返回 0 篇文章，总计 0 篇
2026-04-25 12:38:14,732 - backend.utils.auth - INFO - 用户认证成功: 笪媛媛, 角色: 管理员
2026-04-25 12:38:14,851 - auth_routes - INFO - User profile requested: 笪媛媛
2026-04-25 12:38:14,875 - backend.utils.auth - INFO - 用户认证成功: 笪媛媛, 角色: 管理员
2026-04-25 12:38:14,878 - follow_routes - INFO - 获取关注列表 - 用户: 笪媛媛
2026-04-25 12:38:14,893 - follow_routes - INFO - 获取关注列表成功，共 0 个关注
2026-04-25 12:38:14,925 - backend.utils.auth - INFO - 用户认证成功: 笪媛媛, 角色: 管理员
2026-04-25 12:38:14,987 - auth_routes - INFO - User posts requested: 笪媛媛, page: 1
2026-04-25 12:38:20,829 - backend.api.article_routes - INFO - [文章列表] 获取文章列表 - 页码: 1, 每页: 10, 分类: None, 状态: approved, 搜索: None
2026-04-25 12:38:20,854 - backend.utils.db_core - INFO - 数据库初始化成功，文件路径: /app/database/forum.db
2026-04-25 12:38:20,945 - backend.utils.db_core - INFO - 系统密钥加载成功
2026-04-25 12:38:21,001 - backend.api.article_routes - INFO - [文章列表成功] 返回 0 篇文章，总计 0 篇
2026-04-25 12:38:25,627 - backend.utils.auth - INFO - 用户认证成功: 笪媛媛, 角色: 管理员
2026-04-25 12:38:26,365 - auth_routes - INFO - User profile requested: 笪媛媛
2026-04-25 12:38:26,394 - backend.utils.auth - INFO - 用户认证成功: 笪媛媛, 角色: 管理员
2026-04-25 12:38:26,396 - follow_routes - INFO - 获取关注列表 - 用户: 笪媛媛
2026-04-25 12:38:26,407 - follow_routes - INFO - 获取关注列表成功，共 0 个关注
2026-04-25 12:38:26,955 - backend.utils.auth - INFO - 用户认证成功: 笪媛媛, 角色: 管理员
2026-04-25 12:38:27,166 - auth_routes - INFO - User posts requested: 笪媛媛, page: 1
2026-04-25 12:39:23,231 - backend.api.article_routes - INFO - [文章列表] 获取文章列表 - 页码: 1, 每页: 10, 分类: None, 状态: approved, 搜索: None
2026-04-25 12:39:23,304 - backend.utils.db_core - INFO - 数据库初始化成功，文件路径: /app/database/forum.db
2026-04-25 12:39:23,315 - backend.utils.db_core - INFO - 系统密钥加载成功
2026-04-25 12:39:23,337 - backend.api.article_routes - INFO - [文章列表成功] 返回 0 篇文章，总计 0 篇
2026-04-25 12:39:25,048 - backend.utils.auth - INFO - 用户认证成功: 笪媛媛, 角色: 管理员
2026-04-25 12:39:25,163 - auth_routes - INFO - User profile requested: 笪媛媛
2026-04-25 12:39:25,193 - backend.utils.auth - INFO - 用户认证成功: 笪媛媛, 角色: 管理员
2026-04-25 12:39:25,195 - follow_routes - INFO - 获取关注列表 - 用户: 笪媛媛
2026-04-25 12:39:25,214 - follow_routes - INFO - 获取关注列表成功，共 0 个关注
2026-04-25 12:39:25,245 - backend.utils.auth - INFO - 用户认证成功: 笪媛媛, 角色: 管理员
2026-04-25 12:39:25,306 - auth_routes - INFO - User posts requested: 笪媛媛, page: 1
2026-04-25 13:06:01,087 - backend.utils.db_core - INFO - 密码学库导入成功
2026-04-25 13:06:01,103 - auth_routes - INFO - UserDatabase imported from: /app/backend/utils/db_users_core.py
2026-04-25 13:06:01,105 - auth_routes - INFO - UserDatabase methods: ['__class__', '__delattr__', '__dict__', '__dir__', '__doc__', '__eq__', '__format__', '__ge__', '__getattribute__', '__gt__', '__hash__', '__init__', '__init_subclass__', '__le__', '__lt__', '__module__', '__ne__', '__new__', '__reduce__', '__reduce_ex__', '__repr__', '__setattr__', '__sizeof__', '__str__', '__subclasshook__', '__weakref__', '_get_connection', '_init_db', '_kdf', '_load_or_generate_system_keys', 'add_user', 'ban_user', 'delete_user', 'disable_connection_pool', 'enable_connection_pool', 'get_all_users', 'get_total_users_count', 'get_user_by_email', 'get_user_by_id', 'get_user_by_username', 'get_user_collection_count', 'get_user_count', 'get_user_followers_count', 'get_user_following_count', 'get_user_post_count', 'get_user_posts', 'get_user_profile', 'search_users', 'unban_user', 'update_user_profile', 'verify_user']
2026-04-25 13:06:01,227 - backend.utils.db_core - INFO - 数据库初始化成功，文件路径: /app/database/forum.db
2026-04-25 13:06:01,279 - backend.utils.db_core - INFO - 系统密钥加载成功
2026-04-25 13:06:01,280 - backend.utils.db_core - INFO - [db_users] 初始化UserDatabase，使用的数据库路径: /app/database/forum.db
2026-04-25 13:06:01,283 - auth_routes - INFO - user_db instance type: <class 'backend.utils.db_users_core.ExtendedUserDatabase'>
2026-04-25 13:06:01,284 - auth_routes - INFO - user_db methods: ['add_user', 'ban_user', 'db_path', 'delete_user', 'disable_connection_pool', 'enable_connection_pool', 'get_all_users', 'get_total_users_count', 'get_user_by_email', 'get_user_by_id', 'get_user_by_username', 'get_user_collection_count', 'get_user_count', 'get_user_followers_count', 'get_user_following_count', 'get_user_post_count', 'get_user_posts', 'get_user_profile', 'private_key', 'public_key', 'search_users', 'unban_user', 'update_user_profile', 'verify_user']
2026-04-25 13:06:01,444 - backend.utils.db_core - INFO - 数据库初始化成功，文件路径: /app/database/forum.db
2026-04-25 13:06:01,492 - backend.utils.db_core - INFO - 系统密钥加载成功
2026-04-25 13:06:01,651 - backend.utils.db_core - INFO - 数据库初始化成功，文件路径: /app/database/forum.db
2026-04-25 13:06:01,695 - backend.utils.db_core - INFO - 系统密钥加载成功
2026-04-25 13:06:02,102 - backend.utils.db_core - INFO - 数据库初始化成功，文件路径: /app/database/forum.db
2026-04-25 13:06:02,156 - backend.utils.db_core - INFO - 系统密钥加载成功
2026-04-25 13:06:02,230 - backend.utils.db_core - INFO - 数据库初始化成功，文件路径: /app/database/forum.db
2026-04-25 13:06:02,259 - backend.utils.db_core - INFO - 系统密钥加载成功
2026-04-25 13:06:03,271 - backend.utils.db_core - INFO - 数据库初始化成功，文件路径: /app/database/forum.db
2026-04-25 13:06:03,318 - backend.utils.db_core - INFO - 系统密钥加载成功
2026-04-25 13:06:03,532 - backend.utils.db_core - INFO - 数据库初始化成功，文件路径: /app/database/forum.db
2026-04-25 13:06:03,599 - backend.utils.db_core - INFO - 系统密钥加载成功
2026-04-25 13:06:03,599 - backend.utils.db_core - INFO - [db_users] 初始化UserDatabase，使用的数据库路径: /app/database/forum.db
2026-04-25 13:06:03,708 - lock_manager - INFO - [lock_manager] 锁表初始化成功
2026-04-25 13:06:03,737 - lock_manager - INFO - [lock_manager] 初始化锁管理器，使用的数据库路径: /app/database/forum.db
2026-04-25 13:06:04,889 - backend.utils.database - INFO - 创建主数据库实例，使用路径: /app/database/forum.db
2026-04-25 13:06:04,941 - backend.utils.db_core - INFO - 数据库初始化成功，文件路径: /app/database/forum.db
2026-04-25 13:06:04,952 - backend.utils.db_core - INFO - 系统密钥加载成功
2026-04-25 13:06:04,953 - backend.utils.db_core - INFO - [db_users] 初始化UserDatabase，使用的数据库路径: /app/database/forum.db
2026-04-25 13:06:05,031 - backend.utils.db_core - INFO - 已启用数据库连接池，大小: 5
2026-04-25 13:06:05,031 - backend.utils.db_integration - INFO - 数据库连接池已启用
2026-04-25 13:06:05,059 - backend.utils.db_integration - INFO - 成就管理器已初始化
2026-04-25 13:06:05,060 - backend.utils.db_integration - INFO - 数据库功能集成完成
2026-04-25 13:06:05,062 - backend.utils.database - INFO - 关注表初始化成功
2026-04-25 13:06:05,064 - backend.utils.database - INFO - 开始初始化示例用户...
2026-04-25 13:06:05,078 - backend.utils.db_core - INFO - 数据库初始化成功，文件路径: /app/database/forum.db
2026-04-25 13:06:05,097 - backend.utils.db_core - INFO - 系统密钥加载成功
2026-04-25 13:06:05,097 - backend.utils.db_core - INFO - [db_users] 初始化UserDatabase，使用的数据库路径: /app/database/forum.db
2026-04-25 13:06:05,098 - sample_users_initializer - INFO - 初始化SampleUserInitializer，使用数据库路径: /app/database/forum.db
2026-04-25 13:06:05,107 - sample_users_initializer - INFO - 用户已存在，跳过添加: 洪汉博
2026-04-25 13:06:05,115 - sample_users_initializer - INFO - 用户已存在，跳过添加: 石皓文
2026-04-25 13:06:05,280 - sample_users_initializer - INFO - 用户已存在，跳过添加: 张心泽
2026-04-25 13:06:05,288 - sample_users_initializer - INFO - 用户已存在，跳过添加: 郑伊萍
2026-04-25 13:06:05,296 - sample_users_initializer - INFO - 用户已存在，跳过添加: 笪媛媛
2026-04-25 13:06:05,482 - sample_users_initializer - INFO - 用户已存在，跳过添加: 孟尚婉
2026-04-25 13:06:05,490 - sample_users_initializer - INFO - 用户已存在，跳过添加: 陈宇轩
2026-04-25 13:06:05,497 - sample_users_initializer - INFO - 用户已存在，跳过添加: 李明哲
2026-04-25 13:06:05,504 - sample_users_initializer - INFO - 用户已存在，跳过添加: 王浩宇
2026-04-25 13:06:05,693 - sample_users_initializer - INFO - 用户已存在，跳过添加: 刘嘉豪
2026-04-25 13:06:05,928 - sample_users_initializer - INFO - 用户已存在，跳过添加: 张子轩
2026-04-25 13:06:07,892 - sample_users_initializer - INFO - 用户已存在，跳过添加: 杨博文
2026-04-25 13:06:08,083 - sample_users_initializer - INFO - 用户已存在，跳过添加: 黄俊凯
2026-04-25 13:06:08,108 - sample_users_initializer - INFO - 用户已存在，跳过添加: 吴泽宇
2026-04-25 13:06:06,303 - sample_users_initializer - INFO - 用户已存在，跳过添加: 周星辰
2026-04-25 13:06:06,605 - sample_users_initializer - INFO - 用户已存在，跳过添加: 徐浩然
2026-04-25 13:06:06,838 - sample_users_initializer - INFO - 用户已存在，跳过添加: 孙嘉乐
2026-04-25 13:06:06,860 - sample_users_initializer - INFO - 用户已存在，跳过添加: 马天宇
2026-04-25 13:06:06,873 - sample_users_initializer - INFO - 用户已存在，跳过添加: 朱梓晨
2026-04-25 13:06:06,897 - sample_users_initializer - INFO - 用户已存在，跳过添加: 胡文杰
2026-04-25 13:06:06,906 - sample_users_initializer - INFO - 用户已存在，跳过添加: 林泽宇
2026-04-25 13:06:06,916 - sample_users_initializer - INFO - 用户已存在，跳过添加: 李雨桐
2026-04-25 13:06:06,924 - sample_users_initializer - INFO - 用户已存在，跳过添加: 王若曦
2026-04-25 13:06:06,932 - sample_users_initializer - INFO - 用户已存在，跳过添加: 张梓涵
2026-04-25 13:06:06,939 - sample_users_initializer - INFO - 用户已存在，跳过添加: 刘梦瑶
2026-04-25 13:06:07,154 - sample_users_initializer - INFO - 用户已存在，跳过添加: 陈欣怡
2026-04-25 13:06:07,206 - sample_users_initializer - INFO - 用户已存在，跳过添加: 杨雨薇
2026-04-25 13:06:07,220 - sample_users_initializer - INFO - 用户已存在，跳过添加: 黄诗涵
2026-04-25 13:06:07,239 - sample_users_initializer - INFO - 用户已存在，跳过添加: 吴雨萱
2026-04-25 13:06:07,255 - sample_users_initializer - INFO - 用户已存在，跳过添加: 周思彤
2026-04-25 13:06:07,288 - sample_users_initializer - INFO - 用户已存在，跳过添加: 徐佳宁
2026-04-25 13:06:07,325 - sample_users_initializer - INFO - 用户已存在，跳过添加: 孙雅琪
2026-04-25 13:06:07,366 - sample_users_initializer - INFO - 用户已存在，跳过添加: 马语桐
2026-04-25 13:06:07,402 - sample_users_initializer - INFO - 用户已存在，跳过添加: 朱欣悦
2026-04-25 13:06:07,429 - sample_users_initializer - INFO - 用户已存在，跳过添加: 胡静怡
2026-04-25 13:06:07,464 - sample_users_initializer - INFO - 用户已存在，跳过添加: 林婉清
