2026-01-04 15:42:40,877 - backend.utils.db_core - INFO - 密码学库导入成功
2026-01-04 15:42:40,880 - auth_routes - INFO - UserDatabase imported from: D:\文件\个人相关\信安校创\AI代码\论坛网站第6版\backend\utils\db_users_core.py
2026-01-04 15:42:40,880 - auth_routes - INFO - UserDatabase methods: ['__class__', '__delattr__', '__dict__', '__dir__', '__doc__', '__eq__', '__firstlineno__', '__format__', '__ge__', '__getattribute__', '__getstate__', '__gt__', '__hash__', '__init__', '__init_subclass__', '__le__', '__lt__', '__module__', '__ne__', '__new__', '__reduce__', '__reduce_ex__', '__repr__', '__setattr__', '__sizeof__', '__static_attributes__', '__str__', '__subclasshook__', '__weakref__', '_get_connection', '_init_db', '_kdf', '_load_or_generate_system_keys', 'add_user', 'ban_user', 'delete_user', 'disable_connection_pool', 'enable_connection_pool', 'get_all_users', 'get_total_users_count', 'get_user_by_email', 'get_user_by_id', 'get_user_by_username', 'get_user_collection_count', 'get_user_count', 'get_user_followers_count', 'get_user_following_count', 'get_user_post_count', 'get_user_posts', 'get_user_profile', 'search_users', 'unban_user', 'update_user_profile', 'verify_user']
2026-01-04 15:42:40,882 - backend.utils.db_core - INFO - 数据库初始化成功，文件路径: D:\文件\个人相关\信安校创\AI代码\论坛网站第6版\backend\database\forum.db
2026-01-04 15:42:40,883 - backend.utils.db_core - INFO - 系统密钥加载成功
2026-01-04 15:42:40,883 - backend.utils.db_core - INFO - [db_users] 初始化UserDatabase，使用的数据库路径: D:\文件\个人相关\信安校创\AI代码\论坛网站第6版\backend\database\forum.db
2026-01-04 15:42:40,883 - auth_routes - INFO - user_db instance type: <class 'backend.utils.db_users_core.ExtendedUserDatabase'>
2026-01-04 15:42:40,883 - auth_routes - INFO - user_db methods: ['add_user', 'ban_user', 'db_path', 'delete_user', 'disable_connection_pool', 'enable_connection_pool', 'get_all_users', 'get_total_users_count', 'get_user_by_email', 'get_user_by_id', 'get_user_by_username', 'get_user_collection_count', 'get_user_count', 'get_user_followers_count', 'get_user_following_count', 'get_user_post_count', 'get_user_posts', 'get_user_profile', 'private_key', 'public_key', 'search_users', 'unban_user', 'update_user_profile', 'verify_user']
2026-01-04 15:42:40,895 - backend.utils.db_core - INFO - 数据库初始化成功，文件路径: D:\文件\个人相关\信安校创\AI代码\论坛网站第6版\backend\database\forum.db
2026-01-04 15:42:40,896 - backend.utils.db_core - INFO - 系统密钥加载成功
2026-01-04 15:42:40,898 - backend.utils.db_core - INFO - 数据库初始化成功，文件路径: D:\文件\个人相关\信安校创\AI代码\论坛网站第6版\backend\database\forum.db
2026-01-04 15:42:40,898 - backend.utils.db_core - INFO - 系统密钥加载成功
2026-01-04 15:42:40,900 - backend.utils.db_core - INFO - 数据库初始化成功，文件路径: D:\文件\个人相关\信安校创\AI代码\论坛网站第6版\backend\database\forum.db
2026-01-04 15:42:40,901 - backend.utils.db_core - INFO - 系统密钥加载成功
2026-01-04 15:42:40,902 - backend.utils.db_core - INFO - 数据库初始化成功，文件路径: D:\文件\个人相关\信安校创\AI代码\论坛网站第6版\backend\database\forum.db
2026-01-04 15:42:40,903 - backend.utils.db_core - INFO - 系统密钥加载成功
2026-01-04 15:42:40,906 - backend.utils.db_core - INFO - 数据库初始化成功，文件路径: D:\文件\个人相关\信安校创\AI代码\论坛网站第6版\backend\database\forum.db
2026-01-04 15:42:40,907 - backend.utils.db_core - INFO - 系统密钥加载成功
2026-01-04 15:42:40,921 - backend.utils.db_core - INFO - 数据库初始化成功，文件路径: D:\文件\个人相关\信安校创\AI代码\论坛网站第6版\backend\database\forum.db
2026-01-04 15:42:40,921 - backend.utils.db_core - INFO - 系统密钥加载成功
2026-01-04 15:42:40,921 - backend.utils.db_core - INFO - [db_users] 初始化UserDatabase，使用的数据库路径: D:\文件\个人相关\信安校创\AI代码\论坛网站第6版\backend\database\forum.db
2026-01-04 15:42:40,923 - lock_manager - INFO - [lock_manager] 锁表初始化成功
2026-01-04 15:42:40,923 - lock_manager - INFO - [lock_manager] 初始化锁管理器，使用的数据库路径: D:\文件\个人相关\信安校创\AI代码\论坛网站第6版\backend\database\forum.db
2026-01-04 15:42:41,347 - backend.utils.database - INFO - 创建主数据库实例，使用路径: D:\文件\个人相关\信安校创\AI代码\论坛网站第6版\backend\database\forum.db
2026-01-04 15:42:41,350 - backend.utils.db_core - INFO - 数据库初始化成功，文件路径: D:\文件\个人相关\信安校创\AI代码\论坛网站第6版\backend\database\forum.db
2026-01-04 15:42:41,350 - backend.utils.db_core - INFO - 系统密钥加载成功
2026-01-04 15:42:41,350 - backend.utils.db_core - INFO - [db_users] 初始化UserDatabase，使用的数据库路径: D:\文件\个人相关\信安校创\AI代码\论坛网站第6版\backend\database\forum.db
2026-01-04 15:42:41,358 - backend.utils.db_core - INFO - 已启用数据库连接池，大小: 5
2026-01-04 15:42:41,358 - backend.utils.db_integration - INFO - 数据库连接池已启用
2026-01-04 15:42:41,361 - backend.utils.db_integration - INFO - 成就管理器已初始化
2026-01-04 15:42:41,361 - backend.utils.db_integration - INFO - 数据库功能集成完成
2026-01-04 15:42:41,361 - backend.utils.database - INFO - 关注表初始化成功
2026-01-04 15:42:41,361 - backend.utils.database - INFO - 开始初始化示例用户...
2026-01-04 15:42:41,363 - backend.utils.db_core - INFO - 数据库初始化成功，文件路径: D:\文件\个人相关\信安校创\AI代码\论坛网站第6版\backend\database\forum.db
2026-01-04 15:42:41,365 - backend.utils.db_core - INFO - 系统密钥加载成功
2026-01-04 15:42:41,365 - backend.utils.db_core - INFO - [db_users] 初始化UserDatabase，使用的数据库路径: D:\文件\个人相关\信安校创\AI代码\论坛网站第6版\backend\database\forum.db
2026-01-04 15:42:41,365 - sample_users_initializer - INFO - 初始化SampleUserInitializer，使用数据库路径: D:\文件\个人相关\信安校创\AI代码\论坛网站第6版\backend\database\forum.db
2026-01-04 15:42:41,368 - sample_users_initializer - INFO - 用户已存在，跳过添加: 洪汉博
2026-01-04 15:42:41,370 - sample_users_initializer - INFO - 用户已存在，跳过添加: 石皓文
2026-01-04 15:42:41,371 - sample_users_initializer - INFO - 用户已存在，跳过添加: 张心泽
2026-01-04 15:42:41,373 - sample_users_initializer - INFO - 用户已存在，跳过添加: 郑伊萍
2026-01-04 15:42:41,374 - sample_users_initializer - INFO - 用户已存在，跳过添加: 笪媛媛
2026-01-04 15:42:41,376 - sample_users_initializer - INFO - 用户已存在，跳过添加: 孟尚婉
2026-01-04 15:42:41,471 - __main__ - INFO - 启动AI对话助手 v1.0.0
2026-01-04 15:42:41,471 - __main__ - INFO - 服务地址: http://0.0.0.0:8001
2026-01-04 15:42:41,541 - backend.utils.database - INFO - 开始初始化示例用户...
2026-01-04 15:42:41,543 - backend.utils.db_core - INFO - 数据库初始化成功，文件路径: D:\文件\个人相关\信安校创\AI代码\论坛网站第6版\backend\database\forum.db
2026-01-04 15:42:41,544 - backend.utils.db_core - INFO - 系统密钥加载成功
2026-01-04 15:42:41,544 - backend.utils.db_core - INFO - [db_users] 初始化UserDatabase，使用的数据库路径: D:\文件\个人相关\信安校创\AI代码\论坛网站第6版\backend\database\forum.db
2026-01-04 15:42:41,544 - sample_users_initializer - INFO - 初始化SampleUserInitializer，使用数据库路径: D:\文件\个人相关\信安校创\AI代码\论坛网站第6版\backend\database\forum.db
2026-01-04 15:42:41,545 - sample_users_initializer - INFO - 用户已存在，跳过添加: 洪汉博
2026-01-04 15:42:41,546 - sample_users_initializer - INFO - 用户已存在，跳过添加: 石皓文
2026-01-04 15:42:41,547 - sample_users_initializer - INFO - 用户已存在，跳过添加: 张心泽
2026-01-04 15:42:41,548 - sample_users_initializer - INFO - 用户已存在，跳过添加: 郑伊萍
2026-01-04 15:42:41,549 - sample_users_initializer - INFO - 用户已存在，跳过添加: 笪媛媛
2026-01-04 15:42:41,551 - sample_users_initializer - INFO - 用户已存在，跳过添加: 孟尚婉
2026-01-04 15:43:22,505 - backend.api.article_routes - INFO - [文章详情] 获取文章详情 - ID: 8
2026-01-04 15:43:22,507 - backend.utils.db_core - INFO - 数据库初始化成功，文件路径: D:\文件\个人相关\信安校创\AI代码\论坛网站第6版\backend\database\forum.db
2026-01-04 15:43:22,508 - backend.utils.db_core - INFO - 系统密钥加载成功
2026-01-04 15:43:22,509 - backend.api.article_routes - WARNING - [文章详情] 文章不存在 - ID: 8
2026-01-04 15:44:20,559 - backend.utils.auth - ERROR - JWT令牌解码失败: Not enough segments
2026-01-04 15:44:22,567 - backend.api.article_routes - INFO - [文章详情] 获取文章详情 - ID: 8
2026-01-04 15:44:22,568 - backend.utils.db_core - INFO - 数据库初始化成功，文件路径: D:\文件\个人相关\信安校创\AI代码\论坛网站第6版\backend\database\forum.db
2026-01-04 15:44:22,569 - backend.utils.db_core - INFO - 系统密钥加载成功
2026-01-04 15:44:22,570 - backend.api.article_routes - WARNING - [文章详情] 文章不存在 - ID: 8
