2026-03-31 18:32:21,035 - backend.utils.db_core - INFO - 密码学库导入成功
2026-03-31 18:32:21,043 - auth_routes - INFO - UserDatabase imported from: E:\信安暖驿——基于信息保护的医患交流分享平台\源码\xant66-app-source~\xant66-app-source\backend\utils\db_users_core.py
2026-03-31 18:32:21,043 - auth_routes - INFO - UserDatabase methods: ['__class__', '__delattr__', '__dict__', '__dir__', '__doc__', '__eq__', '__format__', '__ge__', '__getattribute__', '__gt__', '__hash__', '__init__', '__init_subclass__', '__le__', '__lt__', '__module__', '__ne__', '__new__', '__reduce__', '__reduce_ex__', '__repr__', '__setattr__', '__sizeof__', '__str__', '__subclasshook__', '__weakref__', '_get_connection', '_init_db', '_kdf', '_load_or_generate_system_keys', 'add_user', 'ban_user', 'delete_user', 'disable_connection_pool', 'enable_connection_pool', 'get_all_users', 'get_total_users_count', 'get_user_by_email', 'get_user_by_id', 'get_user_by_username', 'get_user_collection_count', 'get_user_count', 'get_user_followers_count', 'get_user_following_count', 'get_user_post_count', 'get_user_posts', 'get_user_profile', 'search_users', 'unban_user', 'update_user_profile', 'verify_user']
2026-03-31 18:32:21,049 - backend.utils.db_core - INFO - 数据库初始化成功，文件路径: E:\信安暖驿——基于信息保护的医患交流分享平台\源码\xant66-app-source~\xant66-app-source\database\forum.db
2026-03-31 18:32:21,051 - backend.utils.db_core - INFO - 系统密钥加载成功
2026-03-31 18:32:21,051 - backend.utils.db_core - INFO - [db_users] 初始化UserDatabase，使用的数据库路径: E:\信安暖驿——基于信息保护的医患交流分享平台\源码\xant66-app-source~\xant66-app-source\database\forum.db
2026-03-31 18:32:21,051 - auth_routes - INFO - user_db instance type: <class 'backend.utils.db_users_core.ExtendedUserDatabase'>
2026-03-31 18:32:21,051 - auth_routes - INFO - user_db methods: ['add_user', 'ban_user', 'db_path', 'delete_user', 'disable_connection_pool', 'enable_connection_pool', 'get_all_users', 'get_total_users_count', 'get_user_by_email', 'get_user_by_id', 'get_user_by_username', 'get_user_collection_count', 'get_user_count', 'get_user_followers_count', 'get_user_following_count', 'get_user_post_count', 'get_user_posts', 'get_user_profile', 'private_key', 'public_key', 'search_users', 'unban_user', 'update_user_profile', 'verify_user']
2026-03-31 18:32:21,063 - backend.utils.db_core - INFO - 数据库初始化成功，文件路径: E:\信安暖驿——基于信息保护的医患交流分享平台\源码\xant66-app-source~\xant66-app-source\database\forum.db
2026-03-31 18:32:21,063 - backend.utils.db_core - INFO - 系统密钥加载成功
2026-03-31 18:32:21,065 - backend.utils.db_core - INFO - 数据库初始化成功，文件路径: E:\信安暖驿——基于信息保护的医患交流分享平台\源码\xant66-app-source~\xant66-app-source\database\forum.db
2026-03-31 18:32:21,066 - backend.utils.db_core - INFO - 系统密钥加载成功
2026-03-31 18:32:21,069 - backend.utils.db_core - INFO - 数据库初始化成功，文件路径: E:\信安暖驿——基于信息保护的医患交流分享平台\源码\xant66-app-source~\xant66-app-source\database\forum.db
2026-03-31 18:32:21,069 - backend.utils.db_core - INFO - 系统密钥加载成功
2026-03-31 18:32:21,072 - backend.utils.db_core - INFO - 数据库初始化成功，文件路径: E:\信安暖驿——基于信息保护的医患交流分享平台\源码\xant66-app-source~\xant66-app-source\database\forum.db
2026-03-31 18:32:21,072 - backend.utils.db_core - INFO - 系统密钥加载成功
2026-03-31 18:32:21,076 - backend.utils.db_core - INFO - 数据库初始化成功，文件路径: E:\信安暖驿——基于信息保护的医患交流分享平台\源码\xant66-app-source~\xant66-app-source\database\forum.db
2026-03-31 18:32:21,077 - backend.utils.db_core - INFO - 系统密钥加载成功
2026-03-31 18:32:21,091 - backend.utils.db_core - INFO - 数据库初始化成功，文件路径: E:\信安暖驿——基于信息保护的医患交流分享平台\源码\xant66-app-source~\xant66-app-source\database\forum.db
2026-03-31 18:32:21,091 - backend.utils.db_core - INFO - 系统密钥加载成功
2026-03-31 18:32:21,091 - backend.utils.db_core - INFO - [db_users] 初始化UserDatabase，使用的数据库路径: E:\信安暖驿——基于信息保护的医患交流分享平台\源码\xant66-app-source~\xant66-app-source\database\forum.db
2026-03-31 18:32:39,331 - backend.utils.db_core - INFO - 密码学库导入成功
2026-03-31 18:32:39,333 - auth_routes - INFO - UserDatabase imported from: E:\信安暖驿——基于信息保护的医患交流分享平台\源码\xant66-app-source~\xant66-app-source\backend\utils\db_users_core.py
2026-03-31 18:32:39,333 - auth_routes - INFO - UserDatabase methods: ['__class__', '__delattr__', '__dict__', '__dir__', '__doc__', '__eq__', '__format__', '__ge__', '__getattribute__', '__gt__', '__hash__', '__init__', '__init_subclass__', '__le__', '__lt__', '__module__', '__ne__', '__new__', '__reduce__', '__reduce_ex__', '__repr__', '__setattr__', '__sizeof__', '__str__', '__subclasshook__', '__weakref__', '_get_connection', '_init_db', '_kdf', '_load_or_generate_system_keys', 'add_user', 'ban_user', 'delete_user', 'disable_connection_pool', 'enable_connection_pool', 'get_all_users', 'get_total_users_count', 'get_user_by_email', 'get_user_by_id', 'get_user_by_username', 'get_user_collection_count', 'get_user_count', 'get_user_followers_count', 'get_user_following_count', 'get_user_post_count', 'get_user_posts', 'get_user_profile', 'search_users', 'unban_user', 'update_user_profile', 'verify_user']
2026-03-31 18:32:39,334 - backend.utils.db_core - INFO - 数据库初始化成功，文件路径: E:\信安暖驿——基于信息保护的医患交流分享平台\源码\xant66-app-source~\xant66-app-source\database\forum.db
2026-03-31 18:32:39,335 - backend.utils.db_core - INFO - 系统密钥加载成功
2026-03-31 18:32:39,335 - backend.utils.db_core - INFO - [db_users] 初始化UserDatabase，使用的数据库路径: E:\信安暖驿——基于信息保护的医患交流分享平台\源码\xant66-app-source~\xant66-app-source\database\forum.db
2026-03-31 18:32:39,335 - auth_routes - INFO - user_db instance type: <class 'backend.utils.db_users_core.ExtendedUserDatabase'>
2026-03-31 18:32:39,335 - auth_routes - INFO - user_db methods: ['add_user', 'ban_user', 'db_path', 'delete_user', 'disable_connection_pool', 'enable_connection_pool', 'get_all_users', 'get_total_users_count', 'get_user_by_email', 'get_user_by_id', 'get_user_by_username', 'get_user_collection_count', 'get_user_count', 'get_user_followers_count', 'get_user_following_count', 'get_user_post_count', 'get_user_posts', 'get_user_profile', 'private_key', 'public_key', 'search_users', 'unban_user', 'update_user_profile', 'verify_user']
2026-03-31 18:32:39,341 - backend.utils.db_core - INFO - 数据库初始化成功，文件路径: E:\信安暖驿——基于信息保护的医患交流分享平台\源码\xant66-app-source~\xant66-app-source\database\forum.db
2026-03-31 18:32:39,342 - backend.utils.db_core - INFO - 系统密钥加载成功
2026-03-31 18:32:39,343 - backend.utils.db_core - INFO - 数据库初始化成功，文件路径: E:\信安暖驿——基于信息保护的医患交流分享平台\源码\xant66-app-source~\xant66-app-source\database\forum.db
2026-03-31 18:32:39,343 - backend.utils.db_core - INFO - 系统密钥加载成功
2026-03-31 18:32:39,345 - backend.utils.db_core - INFO - 数据库初始化成功，文件路径: E:\信安暖驿——基于信息保护的医患交流分享平台\源码\xant66-app-source~\xant66-app-source\database\forum.db
2026-03-31 18:32:39,346 - backend.utils.db_core - INFO - 系统密钥加载成功
2026-03-31 18:32:39,347 - backend.utils.db_core - INFO - 数据库初始化成功，文件路径: E:\信安暖驿——基于信息保护的医患交流分享平台\源码\xant66-app-source~\xant66-app-source\database\forum.db
2026-03-31 18:32:39,347 - backend.utils.db_core - INFO - 系统密钥加载成功
2026-03-31 18:32:39,349 - backend.utils.db_core - INFO - 数据库初始化成功，文件路径: E:\信安暖驿——基于信息保护的医患交流分享平台\源码\xant66-app-source~\xant66-app-source\database\forum.db
2026-03-31 18:32:39,349 - backend.utils.db_core - INFO - 系统密钥加载成功
2026-03-31 18:32:39,360 - backend.utils.db_core - INFO - 数据库初始化成功，文件路径: E:\信安暖驿——基于信息保护的医患交流分享平台\源码\xant66-app-source~\xant66-app-source\database\forum.db
2026-03-31 18:32:39,360 - backend.utils.db_core - INFO - 系统密钥加载成功
2026-03-31 18:32:39,361 - backend.utils.db_core - INFO - [db_users] 初始化UserDatabase，使用的数据库路径: E:\信安暖驿——基于信息保护的医患交流分享平台\源码\xant66-app-source~\xant66-app-source\database\forum.db
2026-03-31 18:32:39,363 - lock_manager - INFO - [lock_manager] 锁表初始化成功
2026-03-31 18:32:39,363 - lock_manager - INFO - [lock_manager] 初始化锁管理器，使用的数据库路径: E:\信安暖驿——基于信息保护的医患交流分享平台\源码\xant66-app-source~\xant66-app-source\database\forum.db
2026-03-31 18:32:42,162 - backend.utils.database - INFO - 创建主数据库实例，使用路径: E:\信安暖驿——基于信息保护的医患交流分享平台\源码\xant66-app-source~\xant66-app-source\database\forum.db
2026-03-31 18:32:42,164 - backend.utils.db_core - INFO - 数据库初始化成功，文件路径: E:\信安暖驿——基于信息保护的医患交流分享平台\源码\xant66-app-source~\xant66-app-source\database\forum.db
2026-03-31 18:32:42,164 - backend.utils.db_core - INFO - 系统密钥加载成功
2026-03-31 18:32:42,164 - backend.utils.db_core - INFO - [db_users] 初始化UserDatabase，使用的数据库路径: E:\信安暖驿——基于信息保护的医患交流分享平台\源码\xant66-app-source~\xant66-app-source\database\forum.db
2026-03-31 18:32:42,169 - backend.utils.db_core - INFO - 已启用数据库连接池，大小: 5
2026-03-31 18:32:42,169 - backend.utils.db_integration - INFO - 数据库连接池已启用
2026-03-31 18:32:42,175 - backend.utils.db_integration - INFO - 成就管理器已初始化
2026-03-31 18:32:42,175 - backend.utils.db_integration - INFO - 数据库功能集成完成
2026-03-31 18:32:42,175 - backend.utils.database - INFO - 关注表初始化成功
2026-03-31 18:32:42,175 - backend.utils.database - INFO - 开始初始化示例用户...
2026-03-31 18:32:42,175 - backend.utils.db_core - INFO - 数据库初始化成功，文件路径: E:\信安暖驿——基于信息保护的医患交流分享平台\源码\xant66-app-source~\xant66-app-source\database\forum.db
2026-03-31 18:32:42,175 - backend.utils.db_core - INFO - 系统密钥加载成功
2026-03-31 18:32:42,176 - backend.utils.db_core - INFO - [db_users] 初始化UserDatabase，使用的数据库路径: E:\信安暖驿——基于信息保护的医患交流分享平台\源码\xant66-app-source~\xant66-app-source\database\forum.db
2026-03-31 18:32:42,176 - sample_users_initializer - INFO - 初始化SampleUserInitializer，使用数据库路径: E:\信安暖驿——基于信息保护的医患交流分享平台\源码\xant66-app-source~\xant66-app-source\database\forum.db
2026-03-31 18:32:42,176 - sample_users_initializer - INFO - 用户已存在，跳过添加: 洪汉博
2026-03-31 18:32:42,177 - sample_users_initializer - INFO - 用户已存在，跳过添加: 石皓文
2026-03-31 18:32:42,177 - sample_users_initializer - INFO - 用户已存在，跳过添加: 张心泽
2026-03-31 18:32:42,177 - sample_users_initializer - INFO - 用户已存在，跳过添加: 郑伊萍
2026-03-31 18:32:42,177 - sample_users_initializer - INFO - 用户已存在，跳过添加: 笪媛媛
2026-03-31 18:32:42,178 - sample_users_initializer - INFO - 用户已存在，跳过添加: 孟尚婉
2026-03-31 18:32:42,178 - sample_users_initializer - INFO - 用户已存在，跳过添加: 陈宇轩
2026-03-31 18:32:42,178 - sample_users_initializer - INFO - 用户已存在，跳过添加: 李明哲
2026-03-31 18:32:42,179 - sample_users_initializer - INFO - 用户已存在，跳过添加: 王浩宇
2026-03-31 18:32:42,179 - sample_users_initializer - INFO - 用户已存在，跳过添加: 刘嘉豪
2026-03-31 18:32:42,179 - sample_users_initializer - INFO - 用户已存在，跳过添加: 张子轩
2026-03-31 18:32:42,180 - sample_users_initializer - INFO - 用户已存在，跳过添加: 杨博文
2026-03-31 18:32:42,180 - sample_users_initializer - INFO - 用户已存在，跳过添加: 黄俊凯
2026-03-31 18:32:42,180 - sample_users_initializer - INFO - 用户已存在，跳过添加: 吴泽宇
2026-03-31 18:32:42,181 - sample_users_initializer - INFO - 用户已存在，跳过添加: 周星辰
2026-03-31 18:32:42,181 - sample_users_initializer - INFO - 用户已存在，跳过添加: 徐浩然
2026-03-31 18:32:42,181 - sample_users_initializer - INFO - 用户已存在，跳过添加: 孙嘉乐
2026-03-31 18:32:42,182 - sample_users_initializer - INFO - 用户已存在，跳过添加: 马天宇
2026-03-31 18:32:42,182 - sample_users_initializer - INFO - 用户已存在，跳过添加: 朱梓晨
2026-03-31 18:32:42,182 - sample_users_initializer - INFO - 用户已存在，跳过添加: 胡文杰
2026-03-31 18:32:42,184 - sample_users_initializer - INFO - 用户已存在，跳过添加: 林泽宇
2026-03-31 18:32:42,184 - sample_users_initializer - INFO - 用户已存在，跳过添加: 李雨桐
2026-03-31 18:32:42,184 - sample_users_initializer - INFO - 用户已存在，跳过添加: 王若曦
2026-03-31 18:32:42,185 - sample_users_initializer - INFO - 用户已存在，跳过添加: 张梓涵
2026-03-31 18:32:42,185 - sample_users_initializer - INFO - 用户已存在，跳过添加: 刘梦瑶
2026-03-31 18:32:42,185 - sample_users_initializer - INFO - 用户已存在，跳过添加: 陈欣怡
2026-03-31 18:32:42,186 - sample_users_initializer - INFO - 用户已存在，跳过添加: 杨雨薇
2026-03-31 18:32:42,186 - sample_users_initializer - INFO - 用户已存在，跳过添加: 黄诗涵
2026-03-31 18:32:42,186 - sample_users_initializer - INFO - 用户已存在，跳过添加: 吴雨萱
2026-03-31 18:32:42,187 - sample_users_initializer - INFO - 用户已存在，跳过添加: 周思彤
2026-03-31 18:32:42,187 - sample_users_initializer - INFO - 用户已存在，跳过添加: 徐佳宁
2026-03-31 18:32:42,187 - sample_users_initializer - INFO - 用户已存在，跳过添加: 孙雅琪
2026-03-31 18:32:42,187 - sample_users_initializer - INFO - 用户已存在，跳过添加: 马语桐
2026-03-31 18:32:42,188 - sample_users_initializer - INFO - 用户已存在，跳过添加: 朱欣悦
2026-03-31 18:32:42,188 - sample_users_initializer - INFO - 用户已存在，跳过添加: 胡静怡
2026-03-31 18:32:42,188 - sample_users_initializer - INFO - 用户已存在，跳过添加: 林婉清
2026-03-31 18:40:22,984 - auth_routes - WARNING - Login attempt with non-existent username: 1
2026-03-31 18:40:22,985 - auth_routes - ERROR - Error during login: 401: 用户名或密码错误
2026-03-31 18:40:41,781 - backend.utils.db_core - INFO - [db_users] 找到用户 洪汉博 的密码哈希，开始验证
2026-03-31 18:40:41,781 - backend.utils.db_core - INFO - [db_users] 密码哈希: {"version": 2, "mode": "aes_gc...
2026-03-31 18:40:41,781 - backend.utils.db_core - INFO - 密码验证 - 版本: 2
2026-03-31 18:40:41,781 - backend.utils.db_core - INFO - 使用高级加密验证方法
2026-03-31 18:40:41,781 - backend.utils.db_core - INFO - 使用AES-GCM加密模式验证
2026-03-31 18:40:41,785 - backend.utils.db_core - INFO - AES-GCM解密验证结果: True
2026-03-31 18:40:41,787 - auth_routes - INFO - User 洪汉博 logged in successfully
2026-03-31 18:41:10,743 - utils.db_core - INFO - 密码学库导入成功
2026-03-31 18:41:10,760 - utils.db_core - INFO - 数据库初始化成功，文件路径: E:\信安暖驿——基于信息保护的医患交流分享平台\源码\xant66-app-source~\xant66-app-source\database\forum.db
2026-03-31 18:41:10,762 - utils.db_core - INFO - 系统密钥加载成功
2026-03-31 18:41:10,762 - utils.db_core - INFO - [db_users] 初始化UserDatabase，使用的数据库路径: E:\信安暖驿——基于信息保护的医患交流分享平台\源码\xant66-app-source~\xant66-app-source\database\forum.db
2026-03-31 18:41:10,766 - backend.utils.auth - INFO - 用户认证成功: 洪汉博, 角色: 管理员
2026-03-31 18:41:10,771 - admin_routes - INFO - Pending articles requested by admin: 洪汉博, page: 1
2026-03-31 18:41:12,923 - backend.utils.auth - INFO - 用户认证成功: 洪汉博, 角色: 管理员
2026-03-31 18:41:12,928 - lock_manager - INFO - [lock_manager] 清理了 1 个过期锁
2026-03-31 18:41:12,934 - lock_manager - INFO - [lock_manager] 用户 洪汉博 成功获取锁 account_audit_lock
2026-03-31 18:41:12,958 - admin_routes - INFO - All users requested by admin: 洪汉博, page: 1
2026-03-31 18:41:18,137 - backend.utils.auth - INFO - 用户认证成功: 洪汉博, 角色: 管理员
2026-03-31 18:41:18,138 - comment_routes - INFO - [获取待审核评论] 用户: 洪汉博
2026-03-31 18:41:18,142 - backend.utils.db_core - INFO - 数据库初始化成功，文件路径: E:\信安暖驿——基于信息保护的医患交流分享平台\源码\xant66-app-source~\xant66-app-source\database\forum.db
2026-03-31 18:41:18,144 - backend.utils.db_core - INFO - 系统密钥加载成功
2026-03-31 18:41:18,144 - backend.utils.db_core - INFO - [db_users] 初始化UserDatabase，使用的数据库路径: E:\信安暖驿——基于信息保护的医患交流分享平台\源码\xant66-app-source~\xant66-app-source\database\forum.db
2026-03-31 18:41:18,149 - backend.utils.db_core - INFO - 数据库初始化成功，文件路径: E:\信安暖驿——基于信息保护的医患交流分享平台\源码\xant66-app-source~\xant66-app-source\database\forum.db
2026-03-31 18:41:18,151 - backend.utils.db_core - INFO - 系统密钥加载成功
2026-03-31 18:41:18,153 - comment_routes - INFO - [获取待审核评论成功] 找到 0 条待审核评论
2026-03-31 18:47:48,435 - backend.utils.db_core - INFO - [db_users] 找到用户 陈宇轩 的密码哈希，开始验证
2026-03-31 18:47:48,435 - backend.utils.db_core - INFO - [db_users] 密码哈希: {"version": 2, "mode": "aes_gc...
2026-03-31 18:47:48,435 - backend.utils.db_core - INFO - 密码验证 - 版本: 2
2026-03-31 18:47:48,435 - backend.utils.db_core - INFO - 使用高级加密验证方法
2026-03-31 18:47:48,436 - backend.utils.db_core - INFO - 使用AES-GCM加密模式验证
2026-03-31 18:47:48,436 - backend.utils.db_core - INFO - AES-GCM解密验证结果: True
2026-03-31 18:47:48,437 - auth_routes - INFO - User 陈宇轩 logged in successfully
