2026-04-01 10:52:46,521 - backend.utils.db_core - INFO - 密码学库导入成功
2026-04-01 10:52:46,524 - auth_routes - INFO - UserDatabase imported from: E:\信安暖驿——基于信息保护的医患交流分享平台\源码\xant66-app-source~\xant66-app-source\backend\utils\db_users_core.py
2026-04-01 10:52:46,524 - auth_routes - INFO - UserDatabase methods: ['__class__', '__delattr__', '__dict__', '__dir__', '__doc__', '__eq__', '__format__', '__ge__', '__getattribute__', '__gt__', '__hash__', '__init__', '__init_subclass__', '__le__', '__lt__', '__module__', '__ne__', '__new__', '__reduce__', '__reduce_ex__', '__repr__', '__setattr__', '__sizeof__', '__str__', '__subclasshook__', '__weakref__', '_get_connection', '_init_db', '_kdf', '_load_or_generate_system_keys', 'add_user', 'ban_user', 'delete_user', 'disable_connection_pool', 'enable_connection_pool', 'get_all_users', 'get_total_users_count', 'get_user_by_email', 'get_user_by_id', 'get_user_by_username', 'get_user_collection_count', 'get_user_count', 'get_user_followers_count', 'get_user_following_count', 'get_user_post_count', 'get_user_posts', 'get_user_profile', 'search_users', 'unban_user', 'update_user_profile', 'verify_user']
2026-04-01 10:52:46,525 - backend.utils.db_core - INFO - 数据库初始化成功，文件路径: E:\信安暖驿——基于信息保护的医患交流分享平台\源码\xant66-app-source~\xant66-app-source\database\forum.db
2026-04-01 10:52:46,526 - backend.utils.db_core - INFO - 系统密钥加载成功
2026-04-01 10:52:46,526 - backend.utils.db_core - INFO - [db_users] 初始化UserDatabase，使用的数据库路径: E:\信安暖驿——基于信息保护的医患交流分享平台\源码\xant66-app-source~\xant66-app-source\database\forum.db
2026-04-01 10:52:46,526 - auth_routes - INFO - user_db instance type: <class 'backend.utils.db_users_core.ExtendedUserDatabase'>
2026-04-01 10:52:46,527 - auth_routes - INFO - user_db methods: ['add_user', 'ban_user', 'db_path', 'delete_user', 'disable_connection_pool', 'enable_connection_pool', 'get_all_users', 'get_total_users_count', 'get_user_by_email', 'get_user_by_id', 'get_user_by_username', 'get_user_collection_count', 'get_user_count', 'get_user_followers_count', 'get_user_following_count', 'get_user_post_count', 'get_user_posts', 'get_user_profile', 'private_key', 'public_key', 'search_users', 'unban_user', 'update_user_profile', 'verify_user']
2026-04-01 10:52:46,532 - backend.utils.db_core - INFO - 数据库初始化成功，文件路径: E:\信安暖驿——基于信息保护的医患交流分享平台\源码\xant66-app-source~\xant66-app-source\database\forum.db
2026-04-01 10:52:46,533 - backend.utils.db_core - INFO - 系统密钥加载成功
2026-04-01 10:52:46,534 - backend.utils.db_core - INFO - 数据库初始化成功，文件路径: E:\信安暖驿——基于信息保护的医患交流分享平台\源码\xant66-app-source~\xant66-app-source\database\forum.db
2026-04-01 10:52:46,535 - backend.utils.db_core - INFO - 系统密钥加载成功
2026-04-01 10:52:46,536 - backend.utils.db_core - INFO - 数据库初始化成功，文件路径: E:\信安暖驿——基于信息保护的医患交流分享平台\源码\xant66-app-source~\xant66-app-source\database\forum.db
2026-04-01 10:52:46,537 - backend.utils.db_core - INFO - 系统密钥加载成功
2026-04-01 10:52:46,538 - backend.utils.db_core - INFO - 数据库初始化成功，文件路径: E:\信安暖驿——基于信息保护的医患交流分享平台\源码\xant66-app-source~\xant66-app-source\database\forum.db
2026-04-01 10:52:46,539 - backend.utils.db_core - INFO - 系统密钥加载成功
2026-04-01 10:52:46,540 - backend.utils.db_core - INFO - 数据库初始化成功，文件路径: E:\信安暖驿——基于信息保护的医患交流分享平台\源码\xant66-app-source~\xant66-app-source\database\forum.db
2026-04-01 10:52:46,542 - backend.utils.db_core - INFO - 系统密钥加载成功
2026-04-01 10:52:46,551 - backend.utils.db_core - INFO - 数据库初始化成功，文件路径: E:\信安暖驿——基于信息保护的医患交流分享平台\源码\xant66-app-source~\xant66-app-source\database\forum.db
2026-04-01 10:52:46,553 - backend.utils.db_core - INFO - 系统密钥加载成功
2026-04-01 10:52:46,553 - backend.utils.db_core - INFO - [db_users] 初始化UserDatabase，使用的数据库路径: E:\信安暖驿——基于信息保护的医患交流分享平台\源码\xant66-app-source~\xant66-app-source\database\forum.db
2026-04-01 10:52:46,554 - lock_manager - INFO - [lock_manager] 锁表初始化成功
2026-04-01 10:52:46,554 - lock_manager - INFO - [lock_manager] 初始化锁管理器，使用的数据库路径: E:\信安暖驿——基于信息保护的医患交流分享平台\源码\xant66-app-source~\xant66-app-source\database\forum.db
2026-04-01 10:52:46,777 - backend.utils.database - INFO - 创建主数据库实例，使用路径: E:\信安暖驿——基于信息保护的医患交流分享平台\源码\xant66-app-source~\xant66-app-source\database\forum.db
2026-04-01 10:52:46,778 - backend.utils.db_core - INFO - 数据库初始化成功，文件路径: E:\信安暖驿——基于信息保护的医患交流分享平台\源码\xant66-app-source~\xant66-app-source\database\forum.db
2026-04-01 10:52:46,778 - backend.utils.db_core - INFO - 系统密钥加载成功
2026-04-01 10:52:46,778 - backend.utils.db_core - INFO - [db_users] 初始化UserDatabase，使用的数据库路径: E:\信安暖驿——基于信息保护的医患交流分享平台\源码\xant66-app-source~\xant66-app-source\database\forum.db
2026-04-01 10:52:46,781 - backend.utils.db_core - INFO - 已启用数据库连接池，大小: 5
2026-04-01 10:52:46,781 - backend.utils.db_integration - INFO - 数据库连接池已启用
2026-04-01 10:52:46,783 - backend.utils.db_integration - INFO - 成就管理器已初始化
2026-04-01 10:52:46,783 - backend.utils.db_integration - INFO - 数据库功能集成完成
2026-04-01 10:52:46,784 - backend.utils.database - INFO - 关注表初始化成功
2026-04-01 10:52:46,784 - backend.utils.database - INFO - 开始初始化示例用户...
2026-04-01 10:52:46,784 - backend.utils.db_core - INFO - 数据库初始化成功，文件路径: E:\信安暖驿——基于信息保护的医患交流分享平台\源码\xant66-app-source~\xant66-app-source\database\forum.db
2026-04-01 10:52:46,785 - backend.utils.db_core - INFO - 系统密钥加载成功
2026-04-01 10:52:46,785 - backend.utils.db_core - INFO - [db_users] 初始化UserDatabase，使用的数据库路径: E:\信安暖驿——基于信息保护的医患交流分享平台\源码\xant66-app-source~\xant66-app-source\database\forum.db
2026-04-01 10:52:46,785 - sample_users_initializer - INFO - 初始化SampleUserInitializer，使用数据库路径: E:\信安暖驿——基于信息保护的医患交流分享平台\源码\xant66-app-source~\xant66-app-source\database\forum.db
2026-04-01 10:52:46,786 - sample_users_initializer - INFO - 用户已存在，跳过添加: 洪汉博
2026-04-01 10:52:46,786 - sample_users_initializer - INFO - 用户已存在，跳过添加: 石皓文
2026-04-01 10:52:46,786 - sample_users_initializer - INFO - 用户已存在，跳过添加: 张心泽
2026-04-01 10:52:46,786 - sample_users_initializer - INFO - 用户已存在，跳过添加: 郑伊萍
2026-04-01 10:52:46,788 - sample_users_initializer - INFO - 用户已存在，跳过添加: 笪媛媛
2026-04-01 10:52:46,788 - sample_users_initializer - INFO - 用户已存在，跳过添加: 孟尚婉
2026-04-01 10:52:46,788 - sample_users_initializer - INFO - 用户已存在，跳过添加: 陈宇轩
2026-04-01 10:52:46,789 - sample_users_initializer - INFO - 用户已存在，跳过添加: 李明哲
2026-04-01 10:52:46,789 - sample_users_initializer - INFO - 用户已存在，跳过添加: 王浩宇
2026-04-01 10:52:46,789 - sample_users_initializer - INFO - 用户已存在，跳过添加: 刘嘉豪
2026-04-01 10:52:46,790 - sample_users_initializer - INFO - 用户已存在，跳过添加: 张子轩
2026-04-01 10:52:46,790 - sample_users_initializer - INFO - 用户已存在，跳过添加: 杨博文
2026-04-01 10:52:46,790 - sample_users_initializer - INFO - 用户已存在，跳过添加: 黄俊凯
2026-04-01 10:52:46,792 - sample_users_initializer - INFO - 用户已存在，跳过添加: 吴泽宇
2026-04-01 10:52:46,792 - sample_users_initializer - INFO - 用户已存在，跳过添加: 周星辰
2026-04-01 10:52:46,793 - sample_users_initializer - INFO - 用户已存在，跳过添加: 徐浩然
2026-04-01 10:52:46,793 - sample_users_initializer - INFO - 用户已存在，跳过添加: 孙嘉乐
2026-04-01 10:52:46,794 - sample_users_initializer - INFO - 用户已存在，跳过添加: 马天宇
2026-04-01 10:52:46,794 - sample_users_initializer - INFO - 用户已存在，跳过添加: 朱梓晨
2026-04-01 10:52:46,794 - sample_users_initializer - INFO - 用户已存在，跳过添加: 胡文杰
2026-04-01 10:52:46,795 - sample_users_initializer - INFO - 用户已存在，跳过添加: 林泽宇
2026-04-01 10:52:46,795 - sample_users_initializer - INFO - 用户已存在，跳过添加: 李雨桐
2026-04-01 10:52:46,796 - sample_users_initializer - INFO - 用户已存在，跳过添加: 王若曦
2026-04-01 10:52:46,796 - sample_users_initializer - INFO - 用户已存在，跳过添加: 张梓涵
2026-04-01 10:52:46,797 - sample_users_initializer - INFO - 用户已存在，跳过添加: 刘梦瑶
2026-04-01 10:52:46,797 - sample_users_initializer - INFO - 用户已存在，跳过添加: 陈欣怡
2026-04-01 10:52:46,797 - sample_users_initializer - INFO - 用户已存在，跳过添加: 杨雨薇
2026-04-01 10:52:46,798 - sample_users_initializer - INFO - 用户已存在，跳过添加: 黄诗涵
2026-04-01 10:52:46,798 - sample_users_initializer - INFO - 用户已存在，跳过添加: 吴雨萱
2026-04-01 10:52:46,799 - sample_users_initializer - INFO - 用户已存在，跳过添加: 周思彤
2026-04-01 10:52:46,799 - sample_users_initializer - INFO - 用户已存在，跳过添加: 徐佳宁
2026-04-01 10:52:46,800 - sample_users_initializer - INFO - 用户已存在，跳过添加: 孙雅琪
2026-04-01 10:52:46,800 - sample_users_initializer - INFO - 用户已存在，跳过添加: 马语桐
2026-04-01 10:52:46,800 - sample_users_initializer - INFO - 用户已存在，跳过添加: 朱欣悦
2026-04-01 10:52:46,802 - sample_users_initializer - INFO - 用户已存在，跳过添加: 胡静怡
2026-04-01 10:52:46,802 - sample_users_initializer - INFO - 用户已存在，跳过添加: 林婉清
2026-04-01 10:52:46,849 - __main__ - INFO - 启动AI对话助手 v1.0.0
2026-04-01 10:52:46,849 - __main__ - INFO - 服务地址: http://0.0.0.0:8001
2026-04-01 10:52:46,913 - backend.utils.database - INFO - 开始初始化示例用户...
2026-04-01 10:52:46,913 - backend.utils.db_core - INFO - 数据库初始化成功，文件路径: E:\信安暖驿——基于信息保护的医患交流分享平台\源码\xant66-app-source~\xant66-app-source\database\forum.db
2026-04-01 10:52:46,914 - backend.utils.db_core - INFO - 系统密钥加载成功
2026-04-01 10:52:46,914 - backend.utils.db_core - INFO - [db_users] 初始化UserDatabase，使用的数据库路径: E:\信安暖驿——基于信息保护的医患交流分享平台\源码\xant66-app-source~\xant66-app-source\database\forum.db
2026-04-01 10:52:46,914 - sample_users_initializer - INFO - 初始化SampleUserInitializer，使用数据库路径: E:\信安暖驿——基于信息保护的医患交流分享平台\源码\xant66-app-source~\xant66-app-source\database\forum.db
2026-04-01 10:52:46,915 - sample_users_initializer - INFO - 用户已存在，跳过添加: 洪汉博
2026-04-01 10:52:46,915 - sample_users_initializer - INFO - 用户已存在，跳过添加: 石皓文
2026-04-01 10:52:46,916 - sample_users_initializer - INFO - 用户已存在，跳过添加: 张心泽
2026-04-01 10:52:46,916 - sample_users_initializer - INFO - 用户已存在，跳过添加: 郑伊萍
2026-04-01 10:52:46,917 - sample_users_initializer - INFO - 用户已存在，跳过添加: 笪媛媛
2026-04-01 10:52:46,917 - sample_users_initializer - INFO - 用户已存在，跳过添加: 孟尚婉
2026-04-01 10:52:46,917 - sample_users_initializer - INFO - 用户已存在，跳过添加: 陈宇轩
2026-04-01 10:52:46,917 - sample_users_initializer - INFO - 用户已存在，跳过添加: 李明哲
2026-04-01 10:52:46,919 - sample_users_initializer - INFO - 用户已存在，跳过添加: 王浩宇
2026-04-01 10:52:46,919 - sample_users_initializer - INFO - 用户已存在，跳过添加: 刘嘉豪
2026-04-01 10:52:46,920 - sample_users_initializer - INFO - 用户已存在，跳过添加: 张子轩
2026-04-01 10:52:46,920 - sample_users_initializer - INFO - 用户已存在，跳过添加: 杨博文
2026-04-01 10:52:46,921 - sample_users_initializer - INFO - 用户已存在，跳过添加: 黄俊凯
2026-04-01 10:52:46,921 - sample_users_initializer - INFO - 用户已存在，跳过添加: 吴泽宇
2026-04-01 10:52:46,921 - sample_users_initializer - INFO - 用户已存在，跳过添加: 周星辰
2026-04-01 10:52:46,921 - sample_users_initializer - INFO - 用户已存在，跳过添加: 徐浩然
2026-04-01 10:52:46,922 - sample_users_initializer - INFO - 用户已存在，跳过添加: 孙嘉乐
2026-04-01 10:52:46,922 - sample_users_initializer - INFO - 用户已存在，跳过添加: 马天宇
2026-04-01 10:52:46,923 - sample_users_initializer - INFO - 用户已存在，跳过添加: 朱梓晨
2026-04-01 10:52:46,923 - sample_users_initializer - INFO - 用户已存在，跳过添加: 胡文杰
2026-04-01 10:52:46,923 - sample_users_initializer - INFO - 用户已存在，跳过添加: 林泽宇
2026-04-01 10:52:46,924 - sample_users_initializer - INFO - 用户已存在，跳过添加: 李雨桐
2026-04-01 10:52:46,924 - sample_users_initializer - INFO - 用户已存在，跳过添加: 王若曦
2026-04-01 10:52:46,924 - sample_users_initializer - INFO - 用户已存在，跳过添加: 张梓涵
2026-04-01 10:52:46,924 - sample_users_initializer - INFO - 用户已存在，跳过添加: 刘梦瑶
2026-04-01 10:52:46,925 - sample_users_initializer - INFO - 用户已存在，跳过添加: 陈欣怡
2026-04-01 10:52:46,925 - sample_users_initializer - INFO - 用户已存在，跳过添加: 杨雨薇
2026-04-01 10:52:46,925 - sample_users_initializer - INFO - 用户已存在，跳过添加: 黄诗涵
2026-04-01 10:52:46,926 - sample_users_initializer - INFO - 用户已存在，跳过添加: 吴雨萱
2026-04-01 10:52:46,926 - sample_users_initializer - INFO - 用户已存在，跳过添加: 周思彤
2026-04-01 10:52:46,927 - sample_users_initializer - INFO - 用户已存在，跳过添加: 徐佳宁
2026-04-01 10:52:46,927 - sample_users_initializer - INFO - 用户已存在，跳过添加: 孙雅琪
2026-04-01 10:52:46,927 - sample_users_initializer - INFO - 用户已存在，跳过添加: 马语桐
2026-04-01 10:52:46,927 - sample_users_initializer - INFO - 用户已存在，跳过添加: 朱欣悦
2026-04-01 10:52:46,928 - sample_users_initializer - INFO - 用户已存在，跳过添加: 胡静怡
2026-04-01 10:52:46,928 - sample_users_initializer - INFO - 用户已存在，跳过添加: 林婉清
2026-04-01 10:59:10,995 - backend.utils.db_core - INFO - [db_users] 找到用户 陈宇轩 的密码哈希，开始验证
2026-04-01 10:59:10,995 - backend.utils.db_core - INFO - [db_users] 密码哈希: {"version": 2, "mode": "aes_gc...
2026-04-01 10:59:10,996 - backend.utils.db_core - INFO - 密码验证 - 版本: 2
2026-04-01 10:59:10,996 - backend.utils.db_core - INFO - 使用高级加密验证方法
2026-04-01 10:59:10,997 - backend.utils.db_core - INFO - 使用AES-GCM加密模式验证
2026-04-01 10:59:11,002 - backend.utils.db_core - INFO - AES-GCM解密验证结果: True
2026-04-01 10:59:11,006 - auth_routes - INFO - User 陈宇轩 logged in successfully
2026-04-01 11:47:51,765 - backend.utils.db_core - INFO - 密码学库导入成功
2026-04-01 11:47:51,769 - auth_routes - INFO - UserDatabase imported from: E:\信安暖驿——基于信息保护的医患交流分享平台\源码\xant66-app-source~\xant66-app-source\backend\utils\db_users_core.py
2026-04-01 11:47:51,769 - auth_routes - INFO - UserDatabase methods: ['__class__', '__delattr__', '__dict__', '__dir__', '__doc__', '__eq__', '__format__', '__ge__', '__getattribute__', '__gt__', '__hash__', '__init__', '__init_subclass__', '__le__', '__lt__', '__module__', '__ne__', '__new__', '__reduce__', '__reduce_ex__', '__repr__', '__setattr__', '__sizeof__', '__str__', '__subclasshook__', '__weakref__', '_get_connection', '_init_db', '_kdf', '_load_or_generate_system_keys', 'add_user', 'ban_user', 'delete_user', 'disable_connection_pool', 'enable_connection_pool', 'get_all_users', 'get_total_users_count', 'get_user_by_email', 'get_user_by_id', 'get_user_by_username', 'get_user_collection_count', 'get_user_count', 'get_user_followers_count', 'get_user_following_count', 'get_user_post_count', 'get_user_posts', 'get_user_profile', 'search_users', 'unban_user', 'update_user_profile', 'verify_user']
2026-04-01 11:47:51,770 - backend.utils.db_core - INFO - 数据库初始化成功，文件路径: E:\信安暖驿——基于信息保护的医患交流分享平台\源码\xant66-app-source~\xant66-app-source\database\forum.db
2026-04-01 11:47:51,770 - backend.utils.db_core - INFO - 系统密钥加载成功
2026-04-01 11:47:51,770 - backend.utils.db_core - INFO - [db_users] 初始化UserDatabase，使用的数据库路径: E:\信安暖驿——基于信息保护的医患交流分享平台\源码\xant66-app-source~\xant66-app-source\database\forum.db
2026-04-01 11:47:51,770 - auth_routes - INFO - user_db instance type: <class 'backend.utils.db_users_core.ExtendedUserDatabase'>
2026-04-01 11:47:51,771 - auth_routes - INFO - user_db methods: ['add_user', 'ban_user', 'db_path', 'delete_user', 'disable_connection_pool', 'enable_connection_pool', 'get_all_users', 'get_total_users_count', 'get_user_by_email', 'get_user_by_id', 'get_user_by_username', 'get_user_collection_count', 'get_user_count', 'get_user_followers_count', 'get_user_following_count', 'get_user_post_count', 'get_user_posts', 'get_user_profile', 'private_key', 'public_key', 'search_users', 'unban_user', 'update_user_profile', 'verify_user']
2026-04-01 11:47:51,775 - backend.utils.db_core - INFO - 数据库初始化成功，文件路径: E:\信安暖驿——基于信息保护的医患交流分享平台\源码\xant66-app-source~\xant66-app-source\database\forum.db
2026-04-01 11:47:51,775 - backend.utils.db_core - INFO - 系统密钥加载成功
2026-04-01 11:47:51,777 - backend.utils.db_core - INFO - 数据库初始化成功，文件路径: E:\信安暖驿——基于信息保护的医患交流分享平台\源码\xant66-app-source~\xant66-app-source\database\forum.db
2026-04-01 11:47:51,778 - backend.utils.db_core - INFO - 系统密钥加载成功
2026-04-01 11:47:51,779 - backend.utils.db_core - INFO - 数据库初始化成功，文件路径: E:\信安暖驿——基于信息保护的医患交流分享平台\源码\xant66-app-source~\xant66-app-source\database\forum.db
2026-04-01 11:47:51,779 - backend.utils.db_core - INFO - 系统密钥加载成功
2026-04-01 11:47:51,781 - backend.utils.db_core - INFO - 数据库初始化成功，文件路径: E:\信安暖驿——基于信息保护的医患交流分享平台\源码\xant66-app-source~\xant66-app-source\database\forum.db
2026-04-01 11:47:51,781 - backend.utils.db_core - INFO - 系统密钥加载成功
2026-04-01 11:47:51,783 - backend.utils.db_core - INFO - 数据库初始化成功，文件路径: E:\信安暖驿——基于信息保护的医患交流分享平台\源码\xant66-app-source~\xant66-app-source\database\forum.db
2026-04-01 11:47:51,783 - backend.utils.db_core - INFO - 系统密钥加载成功
2026-04-01 11:47:51,792 - backend.utils.db_core - INFO - 数据库初始化成功，文件路径: E:\信安暖驿——基于信息保护的医患交流分享平台\源码\xant66-app-source~\xant66-app-source\database\forum.db
2026-04-01 11:47:51,793 - backend.utils.db_core - INFO - 系统密钥加载成功
2026-04-01 11:47:51,793 - backend.utils.db_core - INFO - [db_users] 初始化UserDatabase，使用的数据库路径: E:\信安暖驿——基于信息保护的医患交流分享平台\源码\xant66-app-source~\xant66-app-source\database\forum.db
2026-04-01 11:47:51,794 - lock_manager - INFO - [lock_manager] 锁表初始化成功
2026-04-01 11:47:51,794 - lock_manager - INFO - [lock_manager] 初始化锁管理器，使用的数据库路径: E:\信安暖驿——基于信息保护的医患交流分享平台\源码\xant66-app-source~\xant66-app-source\database\forum.db
2026-04-01 11:47:51,974 - backend.utils.database - INFO - 创建主数据库实例，使用路径: E:\信安暖驿——基于信息保护的医患交流分享平台\源码\xant66-app-source~\xant66-app-source\database\forum.db
2026-04-01 11:47:51,975 - backend.utils.db_core - INFO - 数据库初始化成功，文件路径: E:\信安暖驿——基于信息保护的医患交流分享平台\源码\xant66-app-source~\xant66-app-source\database\forum.db
2026-04-01 11:47:51,976 - backend.utils.db_core - INFO - 系统密钥加载成功
2026-04-01 11:47:51,976 - backend.utils.db_core - INFO - [db_users] 初始化UserDatabase，使用的数据库路径: E:\信安暖驿——基于信息保护的医患交流分享平台\源码\xant66-app-source~\xant66-app-source\database\forum.db
2026-04-01 11:47:51,978 - backend.utils.db_core - INFO - 已启用数据库连接池，大小: 5
2026-04-01 11:47:51,978 - backend.utils.db_integration - INFO - 数据库连接池已启用
2026-04-01 11:47:51,979 - backend.utils.db_integration - INFO - 成就管理器已初始化
2026-04-01 11:47:51,979 - backend.utils.db_integration - INFO - 数据库功能集成完成
2026-04-01 11:47:51,980 - backend.utils.database - INFO - 关注表初始化成功
2026-04-01 11:47:51,980 - backend.utils.database - INFO - 开始初始化示例用户...
2026-04-01 11:47:51,980 - backend.utils.db_core - INFO - 数据库初始化成功，文件路径: E:\信安暖驿——基于信息保护的医患交流分享平台\源码\xant66-app-source~\xant66-app-source\database\forum.db
2026-04-01 11:47:51,980 - backend.utils.db_core - INFO - 系统密钥加载成功
2026-04-01 11:47:51,980 - backend.utils.db_core - INFO - [db_users] 初始化UserDatabase，使用的数据库路径: E:\信安暖驿——基于信息保护的医患交流分享平台\源码\xant66-app-source~\xant66-app-source\database\forum.db
2026-04-01 11:47:51,980 - sample_users_initializer - INFO - 初始化SampleUserInitializer，使用数据库路径: E:\信安暖驿——基于信息保护的医患交流分享平台\源码\xant66-app-source~\xant66-app-source\database\forum.db
2026-04-01 11:47:51,981 - sample_users_initializer - INFO - 用户已存在，跳过添加: 洪汉博
2026-04-01 11:47:51,981 - sample_users_initializer - INFO - 用户已存在，跳过添加: 石皓文
2026-04-01 11:47:51,981 - sample_users_initializer - INFO - 用户已存在，跳过添加: 张心泽
2026-04-01 11:47:51,981 - sample_users_initializer - INFO - 用户已存在，跳过添加: 郑伊萍
2026-04-01 11:47:51,982 - sample_users_initializer - INFO - 用户已存在，跳过添加: 笪媛媛
2026-04-01 11:47:51,982 - sample_users_initializer - INFO - 用户已存在，跳过添加: 孟尚婉
2026-04-01 11:47:51,982 - sample_users_initializer - INFO - 用户已存在，跳过添加: 陈宇轩
2026-04-01 11:47:51,983 - sample_users_initializer - INFO - 用户已存在，跳过添加: 李明哲
2026-04-01 11:47:51,987 - sample_users_initializer - INFO - 用户已存在，跳过添加: 王浩宇
2026-04-01 11:47:51,988 - sample_users_initializer - INFO - 用户已存在，跳过添加: 刘嘉豪
2026-04-01 11:47:51,988 - sample_users_initializer - INFO - 用户已存在，跳过添加: 张子轩
2026-04-01 11:47:51,989 - sample_users_initializer - INFO - 用户已存在，跳过添加: 杨博文
2026-04-01 11:47:51,989 - sample_users_initializer - INFO - 用户已存在，跳过添加: 黄俊凯
2026-04-01 11:47:51,989 - sample_users_initializer - INFO - 用户已存在，跳过添加: 吴泽宇
2026-04-01 11:47:51,990 - sample_users_initializer - INFO - 用户已存在，跳过添加: 周星辰
2026-04-01 11:47:51,992 - sample_users_initializer - INFO - 用户已存在，跳过添加: 徐浩然
2026-04-01 11:47:51,992 - sample_users_initializer - INFO - 用户已存在，跳过添加: 孙嘉乐
2026-04-01 11:47:51,992 - sample_users_initializer - INFO - 用户已存在，跳过添加: 马天宇
2026-04-01 11:47:51,992 - sample_users_initializer - INFO - 用户已存在，跳过添加: 朱梓晨
2026-04-01 11:47:51,994 - sample_users_initializer - INFO - 用户已存在，跳过添加: 胡文杰
2026-04-01 11:47:51,995 - sample_users_initializer - INFO - 用户已存在，跳过添加: 林泽宇
2026-04-01 11:47:51,996 - sample_users_initializer - INFO - 用户已存在，跳过添加: 李雨桐
2026-04-01 11:47:51,996 - sample_users_initializer - INFO - 用户已存在，跳过添加: 王若曦
2026-04-01 11:47:51,997 - sample_users_initializer - INFO - 用户已存在，跳过添加: 张梓涵
2026-04-01 11:47:51,997 - sample_users_initializer - INFO - 用户已存在，跳过添加: 刘梦瑶
2026-04-01 11:47:51,997 - sample_users_initializer - INFO - 用户已存在，跳过添加: 陈欣怡
2026-04-01 11:47:51,998 - sample_users_initializer - INFO - 用户已存在，跳过添加: 杨雨薇
2026-04-01 11:47:51,998 - sample_users_initializer - INFO - 用户已存在，跳过添加: 黄诗涵
2026-04-01 11:47:51,998 - sample_users_initializer - INFO - 用户已存在，跳过添加: 吴雨萱
2026-04-01 11:47:51,999 - sample_users_initializer - INFO - 用户已存在，跳过添加: 周思彤
2026-04-01 11:47:51,999 - sample_users_initializer - INFO - 用户已存在，跳过添加: 徐佳宁
2026-04-01 11:47:52,001 - sample_users_initializer - INFO - 用户已存在，跳过添加: 孙雅琪
2026-04-01 11:47:52,001 - sample_users_initializer - INFO - 用户已存在，跳过添加: 马语桐
2026-04-01 11:47:52,002 - sample_users_initializer - INFO - 用户已存在，跳过添加: 朱欣悦
2026-04-01 11:47:52,003 - sample_users_initializer - INFO - 用户已存在，跳过添加: 胡静怡
2026-04-01 11:47:52,003 - sample_users_initializer - INFO - 用户已存在，跳过添加: 林婉清
2026-04-01 11:47:52,056 - __main__ - INFO - 启动AI对话助手 v1.0.0
2026-04-01 11:47:52,056 - __main__ - INFO - 服务地址: http://0.0.0.0:8001
2026-04-01 11:47:52,114 - backend.utils.database - INFO - 开始初始化示例用户...
2026-04-01 11:47:52,115 - backend.utils.db_core - INFO - 数据库初始化成功，文件路径: E:\信安暖驿——基于信息保护的医患交流分享平台\源码\xant66-app-source~\xant66-app-source\database\forum.db
2026-04-01 11:47:52,115 - backend.utils.db_core - INFO - 系统密钥加载成功
2026-04-01 11:47:52,115 - backend.utils.db_core - INFO - [db_users] 初始化UserDatabase，使用的数据库路径: E:\信安暖驿——基于信息保护的医患交流分享平台\源码\xant66-app-source~\xant66-app-source\database\forum.db
2026-04-01 11:47:52,115 - sample_users_initializer - INFO - 初始化SampleUserInitializer，使用数据库路径: E:\信安暖驿——基于信息保护的医患交流分享平台\源码\xant66-app-source~\xant66-app-source\database\forum.db
2026-04-01 11:47:52,117 - sample_users_initializer - INFO - 用户已存在，跳过添加: 洪汉博
2026-04-01 11:47:52,117 - sample_users_initializer - INFO - 用户已存在，跳过添加: 石皓文
2026-04-01 11:47:52,117 - sample_users_initializer - INFO - 用户已存在，跳过添加: 张心泽
2026-04-01 11:47:52,118 - sample_users_initializer - INFO - 用户已存在，跳过添加: 郑伊萍
2026-04-01 11:47:52,118 - sample_users_initializer - INFO - 用户已存在，跳过添加: 笪媛媛
2026-04-01 11:47:52,118 - sample_users_initializer - INFO - 用户已存在，跳过添加: 孟尚婉
2026-04-01 11:47:52,119 - sample_users_initializer - INFO - 用户已存在，跳过添加: 陈宇轩
2026-04-01 11:47:52,119 - sample_users_initializer - INFO - 用户已存在，跳过添加: 李明哲
2026-04-01 11:47:52,119 - sample_users_initializer - INFO - 用户已存在，跳过添加: 王浩宇
2026-04-01 11:47:52,120 - sample_users_initializer - INFO - 用户已存在，跳过添加: 刘嘉豪
2026-04-01 11:47:52,120 - sample_users_initializer - INFO - 用户已存在，跳过添加: 张子轩
2026-04-01 11:47:52,120 - sample_users_initializer - INFO - 用户已存在，跳过添加: 杨博文
2026-04-01 11:47:52,121 - sample_users_initializer - INFO - 用户已存在，跳过添加: 黄俊凯
2026-04-01 11:47:52,121 - sample_users_initializer - INFO - 用户已存在，跳过添加: 吴泽宇
2026-04-01 11:47:52,121 - sample_users_initializer - INFO - 用户已存在，跳过添加: 周星辰
2026-04-01 11:47:52,122 - sample_users_initializer - INFO - 用户已存在，跳过添加: 徐浩然
2026-04-01 11:47:52,122 - sample_users_initializer - INFO - 用户已存在，跳过添加: 孙嘉乐
2026-04-01 11:47:52,122 - sample_users_initializer - INFO - 用户已存在，跳过添加: 马天宇
2026-04-01 11:47:52,122 - sample_users_initializer - INFO - 用户已存在，跳过添加: 朱梓晨
2026-04-01 11:47:52,123 - sample_users_initializer - INFO - 用户已存在，跳过添加: 胡文杰
2026-04-01 11:47:52,123 - sample_users_initializer - INFO - 用户已存在，跳过添加: 林泽宇
2026-04-01 11:47:52,123 - sample_users_initializer - INFO - 用户已存在，跳过添加: 李雨桐
2026-04-01 11:47:52,125 - sample_users_initializer - INFO - 用户已存在，跳过添加: 王若曦
2026-04-01 11:47:52,125 - sample_users_initializer - INFO - 用户已存在，跳过添加: 张梓涵
2026-04-01 11:47:52,125 - sample_users_initializer - INFO - 用户已存在，跳过添加: 刘梦瑶
2026-04-01 11:47:52,126 - sample_users_initializer - INFO - 用户已存在，跳过添加: 陈欣怡
2026-04-01 11:47:52,126 - sample_users_initializer - INFO - 用户已存在，跳过添加: 杨雨薇
2026-04-01 11:47:52,126 - sample_users_initializer - INFO - 用户已存在，跳过添加: 黄诗涵
2026-04-01 11:47:52,127 - sample_users_initializer - INFO - 用户已存在，跳过添加: 吴雨萱
2026-04-01 11:47:52,127 - sample_users_initializer - INFO - 用户已存在，跳过添加: 周思彤
2026-04-01 11:47:52,127 - sample_users_initializer - INFO - 用户已存在，跳过添加: 徐佳宁
2026-04-01 11:47:52,128 - sample_users_initializer - INFO - 用户已存在，跳过添加: 孙雅琪
2026-04-01 11:47:52,128 - sample_users_initializer - INFO - 用户已存在，跳过添加: 马语桐
2026-04-01 11:47:52,128 - sample_users_initializer - INFO - 用户已存在，跳过添加: 朱欣悦
2026-04-01 11:47:52,129 - sample_users_initializer - INFO - 用户已存在，跳过添加: 胡静怡
2026-04-01 11:47:52,129 - sample_users_initializer - INFO - 用户已存在，跳过添加: 林婉清
2026-04-01 11:49:29,252 - backend.utils.db_core - INFO - [db_users] 找到用户 陈宇轩 的密码哈希，开始验证
2026-04-01 11:49:29,252 - backend.utils.db_core - INFO - [db_users] 密码哈希: {"version": 2, "mode": "aes_gc...
2026-04-01 11:49:29,252 - backend.utils.db_core - INFO - 密码验证 - 版本: 2
2026-04-01 11:49:29,252 - backend.utils.db_core - INFO - 使用高级加密验证方法
2026-04-01 11:49:29,252 - backend.utils.db_core - INFO - 使用AES-GCM加密模式验证
2026-04-01 11:49:29,256 - backend.utils.db_core - INFO - AES-GCM解密验证结果: True
2026-04-01 11:49:29,258 - auth_routes - INFO - User 陈宇轩 logged in successfully
2026-04-01 11:52:39,689 - backend.utils.db_core - INFO - 密码学库导入成功
2026-04-01 11:52:39,690 - auth_routes - INFO - UserDatabase imported from: E:\信安暖驿——基于信息保护的医患交流分享平台\源码\xant66-app-source~\xant66-app-source\backend\utils\db_users_core.py
2026-04-01 11:52:39,690 - auth_routes - INFO - UserDatabase methods: ['__class__', '__delattr__', '__dict__', '__dir__', '__doc__', '__eq__', '__format__', '__ge__', '__getattribute__', '__gt__', '__hash__', '__init__', '__init_subclass__', '__le__', '__lt__', '__module__', '__ne__', '__new__', '__reduce__', '__reduce_ex__', '__repr__', '__setattr__', '__sizeof__', '__str__', '__subclasshook__', '__weakref__', '_get_connection', '_init_db', '_kdf', '_load_or_generate_system_keys', 'add_user', 'ban_user', 'delete_user', 'disable_connection_pool', 'enable_connection_pool', 'get_all_users', 'get_total_users_count', 'get_user_by_email', 'get_user_by_id', 'get_user_by_username', 'get_user_collection_count', 'get_user_count', 'get_user_followers_count', 'get_user_following_count', 'get_user_post_count', 'get_user_posts', 'get_user_profile', 'search_users', 'unban_user', 'update_user_profile', 'verify_user']
2026-04-01 11:52:39,692 - backend.utils.db_core - INFO - 数据库初始化成功，文件路径: E:\信安暖驿——基于信息保护的医患交流分享平台\源码\xant66-app-source~\xant66-app-source\database\forum.db
2026-04-01 11:52:39,692 - backend.utils.db_core - INFO - 系统密钥加载成功
2026-04-01 11:52:39,692 - backend.utils.db_core - INFO - [db_users] 初始化UserDatabase，使用的数据库路径: E:\信安暖驿——基于信息保护的医患交流分享平台\源码\xant66-app-source~\xant66-app-source\database\forum.db
2026-04-01 11:52:39,692 - auth_routes - INFO - user_db instance type: <class 'backend.utils.db_users_core.ExtendedUserDatabase'>
2026-04-01 11:52:39,692 - auth_routes - INFO - user_db methods: ['add_user', 'ban_user', 'db_path', 'delete_user', 'disable_connection_pool', 'enable_connection_pool', 'get_all_users', 'get_total_users_count', 'get_user_by_email', 'get_user_by_id', 'get_user_by_username', 'get_user_collection_count', 'get_user_count', 'get_user_followers_count', 'get_user_following_count', 'get_user_post_count', 'get_user_posts', 'get_user_profile', 'private_key', 'public_key', 'search_users', 'unban_user', 'update_user_profile', 'verify_user']
2026-04-01 11:52:39,697 - backend.utils.db_core - INFO - 数据库初始化成功，文件路径: E:\信安暖驿——基于信息保护的医患交流分享平台\源码\xant66-app-source~\xant66-app-source\database\forum.db
2026-04-01 11:52:39,697 - backend.utils.db_core - INFO - 系统密钥加载成功
2026-04-01 11:52:39,698 - backend.utils.db_core - INFO - 数据库初始化成功，文件路径: E:\信安暖驿——基于信息保护的医患交流分享平台\源码\xant66-app-source~\xant66-app-source\database\forum.db
2026-04-01 11:52:39,698 - backend.utils.db_core - INFO - 系统密钥加载成功
2026-04-01 11:52:39,699 - backend.utils.db_core - INFO - 数据库初始化成功，文件路径: E:\信安暖驿——基于信息保护的医患交流分享平台\源码\xant66-app-source~\xant66-app-source\database\forum.db
2026-04-01 11:52:39,699 - backend.utils.db_core - INFO - 系统密钥加载成功
2026-04-01 11:52:39,700 - backend.utils.db_core - INFO - 数据库初始化成功，文件路径: E:\信安暖驿——基于信息保护的医患交流分享平台\源码\xant66-app-source~\xant66-app-source\database\forum.db
2026-04-01 11:52:39,700 - backend.utils.db_core - INFO - 系统密钥加载成功
2026-04-01 11:52:39,701 - backend.utils.db_core - INFO - 数据库初始化成功，文件路径: E:\信安暖驿——基于信息保护的医患交流分享平台\源码\xant66-app-source~\xant66-app-source\database\forum.db
2026-04-01 11:52:39,701 - backend.utils.db_core - INFO - 系统密钥加载成功
2026-04-01 11:52:39,710 - backend.utils.db_core - INFO - 数据库初始化成功，文件路径: E:\信安暖驿——基于信息保护的医患交流分享平台\源码\xant66-app-source~\xant66-app-source\database\forum.db
2026-04-01 11:52:39,710 - backend.utils.db_core - INFO - 系统密钥加载成功
2026-04-01 11:52:39,710 - backend.utils.db_core - INFO - [db_users] 初始化UserDatabase，使用的数据库路径: E:\信安暖驿——基于信息保护的医患交流分享平台\源码\xant66-app-source~\xant66-app-source\database\forum.db
2026-04-01 11:52:39,712 - lock_manager - INFO - [lock_manager] 锁表初始化成功
2026-04-01 11:52:39,712 - lock_manager - INFO - [lock_manager] 初始化锁管理器，使用的数据库路径: E:\信安暖驿——基于信息保护的医患交流分享平台\源码\xant66-app-source~\xant66-app-source\database\forum.db
2026-04-01 11:52:39,887 - backend.utils.database - INFO - 创建主数据库实例，使用路径: E:\信安暖驿——基于信息保护的医患交流分享平台\源码\xant66-app-source~\xant66-app-source\database\forum.db
2026-04-01 11:52:39,888 - backend.utils.db_core - INFO - 数据库初始化成功，文件路径: E:\信安暖驿——基于信息保护的医患交流分享平台\源码\xant66-app-source~\xant66-app-source\database\forum.db
2026-04-01 11:52:39,888 - backend.utils.db_core - INFO - 系统密钥加载成功
2026-04-01 11:52:39,888 - backend.utils.db_core - INFO - [db_users] 初始化UserDatabase，使用的数据库路径: E:\信安暖驿——基于信息保护的医患交流分享平台\源码\xant66-app-source~\xant66-app-source\database\forum.db
2026-04-01 11:52:39,891 - backend.utils.db_core - INFO - 已启用数据库连接池，大小: 5
2026-04-01 11:52:39,891 - backend.utils.db_integration - INFO - 数据库连接池已启用
2026-04-01 11:52:39,893 - backend.utils.db_integration - INFO - 成就管理器已初始化
2026-04-01 11:52:39,893 - backend.utils.db_integration - INFO - 数据库功能集成完成
2026-04-01 11:52:39,893 - backend.utils.database - INFO - 关注表初始化成功
2026-04-01 11:52:39,893 - backend.utils.database - INFO - 开始初始化示例用户...
2026-04-01 11:52:39,893 - backend.utils.db_core - INFO - 数据库初始化成功，文件路径: E:\信安暖驿——基于信息保护的医患交流分享平台\源码\xant66-app-source~\xant66-app-source\database\forum.db
2026-04-01 11:52:39,894 - backend.utils.db_core - INFO - 系统密钥加载成功
2026-04-01 11:52:39,894 - backend.utils.db_core - INFO - [db_users] 初始化UserDatabase，使用的数据库路径: E:\信安暖驿——基于信息保护的医患交流分享平台\源码\xant66-app-source~\xant66-app-source\database\forum.db
2026-04-01 11:52:39,894 - sample_users_initializer - INFO - 初始化SampleUserInitializer，使用数据库路径: E:\信安暖驿——基于信息保护的医患交流分享平台\源码\xant66-app-source~\xant66-app-source\database\forum.db
2026-04-01 11:52:39,894 - sample_users_initializer - INFO - 用户已存在，跳过添加: 洪汉博
2026-04-01 11:52:39,894 - sample_users_initializer - INFO - 用户已存在，跳过添加: 石皓文
2026-04-01 11:52:39,895 - sample_users_initializer - INFO - 用户已存在，跳过添加: 张心泽
2026-04-01 11:52:39,895 - sample_users_initializer - INFO - 用户已存在，跳过添加: 郑伊萍
2026-04-01 11:52:39,896 - sample_users_initializer - INFO - 用户已存在，跳过添加: 笪媛媛
2026-04-01 11:52:39,896 - sample_users_initializer - INFO - 用户已存在，跳过添加: 孟尚婉
2026-04-01 11:52:39,896 - sample_users_initializer - INFO - 用户已存在，跳过添加: 陈宇轩
2026-04-01 11:52:39,897 - sample_users_initializer - INFO - 用户已存在，跳过添加: 李明哲
2026-04-01 11:52:39,897 - sample_users_initializer - INFO - 用户已存在，跳过添加: 王浩宇
2026-04-01 11:52:39,897 - sample_users_initializer - INFO - 用户已存在，跳过添加: 刘嘉豪
2026-04-01 11:52:39,898 - sample_users_initializer - INFO - 用户已存在，跳过添加: 张子轩
2026-04-01 11:52:39,898 - sample_users_initializer - INFO - 用户已存在，跳过添加: 杨博文
2026-04-01 11:52:39,899 - sample_users_initializer - INFO - 用户已存在，跳过添加: 黄俊凯
2026-04-01 11:52:39,899 - sample_users_initializer - INFO - 用户已存在，跳过添加: 吴泽宇
2026-04-01 11:52:39,899 - sample_users_initializer - INFO - 用户已存在，跳过添加: 周星辰
2026-04-01 11:52:39,901 - sample_users_initializer - INFO - 用户已存在，跳过添加: 徐浩然
2026-04-01 11:52:39,901 - sample_users_initializer - INFO - 用户已存在，跳过添加: 孙嘉乐
2026-04-01 11:52:39,901 - sample_users_initializer - INFO - 用户已存在，跳过添加: 马天宇
2026-04-01 11:52:39,902 - sample_users_initializer - INFO - 用户已存在，跳过添加: 朱梓晨
2026-04-01 11:52:39,902 - sample_users_initializer - INFO - 用户已存在，跳过添加: 胡文杰
2026-04-01 11:52:39,902 - sample_users_initializer - INFO - 用户已存在，跳过添加: 林泽宇
2026-04-01 11:52:39,903 - sample_users_initializer - INFO - 用户已存在，跳过添加: 李雨桐
2026-04-01 11:52:39,903 - sample_users_initializer - INFO - 用户已存在，跳过添加: 王若曦
2026-04-01 11:52:39,904 - sample_users_initializer - INFO - 用户已存在，跳过添加: 张梓涵
2026-04-01 11:52:39,904 - sample_users_initializer - INFO - 用户已存在，跳过添加: 刘梦瑶
2026-04-01 11:52:39,905 - sample_users_initializer - INFO - 用户已存在，跳过添加: 陈欣怡
2026-04-01 11:52:39,905 - sample_users_initializer - INFO - 用户已存在，跳过添加: 杨雨薇
2026-04-01 11:52:39,905 - sample_users_initializer - INFO - 用户已存在，跳过添加: 黄诗涵
2026-04-01 11:52:39,905 - sample_users_initializer - INFO - 用户已存在，跳过添加: 吴雨萱
2026-04-01 11:52:39,906 - sample_users_initializer - INFO - 用户已存在，跳过添加: 周思彤
2026-04-01 11:52:39,906 - sample_users_initializer - INFO - 用户已存在，跳过添加: 徐佳宁
2026-04-01 11:52:39,906 - sample_users_initializer - INFO - 用户已存在，跳过添加: 孙雅琪
2026-04-01 11:52:39,908 - sample_users_initializer - INFO - 用户已存在，跳过添加: 马语桐
2026-04-01 11:52:39,908 - sample_users_initializer - INFO - 用户已存在，跳过添加: 朱欣悦
2026-04-01 11:52:39,909 - sample_users_initializer - INFO - 用户已存在，跳过添加: 胡静怡
2026-04-01 11:52:39,909 - sample_users_initializer - INFO - 用户已存在，跳过添加: 林婉清
2026-04-01 11:52:49,047 - backend.utils.db_core - INFO - 密码学库导入成功
2026-04-01 11:52:49,047 - auth_routes - INFO - UserDatabase imported from: E:\信安暖驿——基于信息保护的医患交流分享平台\源码\xant66-app-source~\xant66-app-source\backend\utils\db_users_core.py
2026-04-01 11:52:49,047 - auth_routes - INFO - UserDatabase methods: ['__class__', '__delattr__', '__dict__', '__dir__', '__doc__', '__eq__', '__format__', '__ge__', '__getattribute__', '__gt__', '__hash__', '__init__', '__init_subclass__', '__le__', '__lt__', '__module__', '__ne__', '__new__', '__reduce__', '__reduce_ex__', '__repr__', '__setattr__', '__sizeof__', '__str__', '__subclasshook__', '__weakref__', '_get_connection', '_init_db', '_kdf', '_load_or_generate_system_keys', 'add_user', 'ban_user', 'delete_user', 'disable_connection_pool', 'enable_connection_pool', 'get_all_users', 'get_total_users_count', 'get_user_by_email', 'get_user_by_id', 'get_user_by_username', 'get_user_collection_count', 'get_user_count', 'get_user_followers_count', 'get_user_following_count', 'get_user_post_count', 'get_user_posts', 'get_user_profile', 'search_users', 'unban_user', 'update_user_profile', 'verify_user']
2026-04-01 11:52:49,049 - backend.utils.db_core - INFO - 数据库初始化成功，文件路径: E:\信安暖驿——基于信息保护的医患交流分享平台\源码\xant66-app-source~\xant66-app-source\database\forum.db
2026-04-01 11:52:49,050 - backend.utils.db_core - INFO - 系统密钥加载成功
2026-04-01 11:52:49,050 - backend.utils.db_core - INFO - [db_users] 初始化UserDatabase，使用的数据库路径: E:\信安暖驿——基于信息保护的医患交流分享平台\源码\xant66-app-source~\xant66-app-source\database\forum.db
2026-04-01 11:52:49,050 - auth_routes - INFO - user_db instance type: <class 'backend.utils.db_users_core.ExtendedUserDatabase'>
2026-04-01 11:52:49,050 - auth_routes - INFO - user_db methods: ['add_user', 'ban_user', 'db_path', 'delete_user', 'disable_connection_pool', 'enable_connection_pool', 'get_all_users', 'get_total_users_count', 'get_user_by_email', 'get_user_by_id', 'get_user_by_username', 'get_user_collection_count', 'get_user_count', 'get_user_followers_count', 'get_user_following_count', 'get_user_post_count', 'get_user_posts', 'get_user_profile', 'private_key', 'public_key', 'search_users', 'unban_user', 'update_user_profile', 'verify_user']
2026-04-01 11:52:49,055 - backend.utils.db_core - INFO - 数据库初始化成功，文件路径: E:\信安暖驿——基于信息保护的医患交流分享平台\源码\xant66-app-source~\xant66-app-source\database\forum.db
2026-04-01 11:52:49,056 - backend.utils.db_core - INFO - 系统密钥加载成功
2026-04-01 11:52:49,057 - backend.utils.db_core - INFO - 数据库初始化成功，文件路径: E:\信安暖驿——基于信息保护的医患交流分享平台\源码\xant66-app-source~\xant66-app-source\database\forum.db
2026-04-01 11:52:49,057 - backend.utils.db_core - INFO - 系统密钥加载成功
2026-04-01 11:52:49,058 - backend.utils.db_core - INFO - 数据库初始化成功，文件路径: E:\信安暖驿——基于信息保护的医患交流分享平台\源码\xant66-app-source~\xant66-app-source\database\forum.db
2026-04-01 11:52:49,059 - backend.utils.db_core - INFO - 系统密钥加载成功
2026-04-01 11:52:49,060 - backend.utils.db_core - INFO - 数据库初始化成功，文件路径: E:\信安暖驿——基于信息保护的医患交流分享平台\源码\xant66-app-source~\xant66-app-source\database\forum.db
2026-04-01 11:52:49,060 - backend.utils.db_core - INFO - 系统密钥加载成功
2026-04-01 11:52:49,061 - backend.utils.db_core - INFO - 数据库初始化成功，文件路径: E:\信安暖驿——基于信息保护的医患交流分享平台\源码\xant66-app-source~\xant66-app-source\database\forum.db
2026-04-01 11:52:49,062 - backend.utils.db_core - INFO - 系统密钥加载成功
2026-04-01 11:52:49,070 - backend.utils.db_core - INFO - 数据库初始化成功，文件路径: E:\信安暖驿——基于信息保护的医患交流分享平台\源码\xant66-app-source~\xant66-app-source\database\forum.db
2026-04-01 11:52:49,070 - backend.utils.db_core - INFO - 系统密钥加载成功
2026-04-01 11:52:49,070 - backend.utils.db_core - INFO - [db_users] 初始化UserDatabase，使用的数据库路径: E:\信安暖驿——基于信息保护的医患交流分享平台\源码\xant66-app-source~\xant66-app-source\database\forum.db
2026-04-01 11:52:49,070 - lock_manager - INFO - [lock_manager] 锁表初始化成功
2026-04-01 11:52:49,074 - lock_manager - INFO - [lock_manager] 初始化锁管理器，使用的数据库路径: E:\信安暖驿——基于信息保护的医患交流分享平台\源码\xant66-app-source~\xant66-app-source\database\forum.db
2026-04-01 11:52:49,252 - backend.utils.database - INFO - 创建主数据库实例，使用路径: E:\信安暖驿——基于信息保护的医患交流分享平台\源码\xant66-app-source~\xant66-app-source\database\forum.db
2026-04-01 11:52:49,253 - backend.utils.db_core - INFO - 数据库初始化成功，文件路径: E:\信安暖驿——基于信息保护的医患交流分享平台\源码\xant66-app-source~\xant66-app-source\database\forum.db
2026-04-01 11:52:49,253 - backend.utils.db_core - INFO - 系统密钥加载成功
2026-04-01 11:52:49,253 - backend.utils.db_core - INFO - [db_users] 初始化UserDatabase，使用的数据库路径: E:\信安暖驿——基于信息保护的医患交流分享平台\源码\xant66-app-source~\xant66-app-source\database\forum.db
2026-04-01 11:52:49,258 - backend.utils.db_core - INFO - 已启用数据库连接池，大小: 5
2026-04-01 11:52:49,258 - backend.utils.db_integration - INFO - 数据库连接池已启用
2026-04-01 11:52:49,259 - backend.utils.db_integration - INFO - 成就管理器已初始化
2026-04-01 11:52:49,259 - backend.utils.db_integration - INFO - 数据库功能集成完成
2026-04-01 11:52:49,259 - backend.utils.database - INFO - 关注表初始化成功
2026-04-01 11:52:49,259 - backend.utils.database - INFO - 开始初始化示例用户...
2026-04-01 11:52:49,260 - backend.utils.db_core - INFO - 数据库初始化成功，文件路径: E:\信安暖驿——基于信息保护的医患交流分享平台\源码\xant66-app-source~\xant66-app-source\database\forum.db
2026-04-01 11:52:49,260 - backend.utils.db_core - INFO - 系统密钥加载成功
2026-04-01 11:52:49,260 - backend.utils.db_core - INFO - [db_users] 初始化UserDatabase，使用的数据库路径: E:\信安暖驿——基于信息保护的医患交流分享平台\源码\xant66-app-source~\xant66-app-source\database\forum.db
2026-04-01 11:52:49,260 - sample_users_initializer - INFO - 初始化SampleUserInitializer，使用数据库路径: E:\信安暖驿——基于信息保护的医患交流分享平台\源码\xant66-app-source~\xant66-app-source\database\forum.db
2026-04-01 11:52:49,260 - sample_users_initializer - INFO - 用户已存在，跳过添加: 洪汉博
2026-04-01 11:52:49,260 - sample_users_initializer - INFO - 用户已存在，跳过添加: 石皓文
2026-04-01 11:52:49,262 - sample_users_initializer - INFO - 用户已存在，跳过添加: 张心泽
2026-04-01 11:52:49,262 - sample_users_initializer - INFO - 用户已存在，跳过添加: 郑伊萍
2026-04-01 11:52:49,262 - sample_users_initializer - INFO - 用户已存在，跳过添加: 笪媛媛
2026-04-01 11:52:49,262 - sample_users_initializer - INFO - 用户已存在，跳过添加: 孟尚婉
2026-04-01 11:52:49,263 - sample_users_initializer - INFO - 用户已存在，跳过添加: 陈宇轩
2026-04-01 11:52:49,263 - sample_users_initializer - INFO - 用户已存在，跳过添加: 李明哲
2026-04-01 11:52:49,264 - sample_users_initializer - INFO - 用户已存在，跳过添加: 王浩宇
2026-04-01 11:52:49,264 - sample_users_initializer - INFO - 用户已存在，跳过添加: 刘嘉豪
2026-04-01 11:52:49,264 - sample_users_initializer - INFO - 用户已存在，跳过添加: 张子轩
2026-04-01 11:52:49,264 - sample_users_initializer - INFO - 用户已存在，跳过添加: 杨博文
2026-04-01 11:52:49,265 - sample_users_initializer - INFO - 用户已存在，跳过添加: 黄俊凯
2026-04-01 11:52:49,265 - sample_users_initializer - INFO - 用户已存在，跳过添加: 吴泽宇
2026-04-01 11:52:49,266 - sample_users_initializer - INFO - 用户已存在，跳过添加: 周星辰
2026-04-01 11:52:49,266 - sample_users_initializer - INFO - 用户已存在，跳过添加: 徐浩然
2026-04-01 11:52:49,266 - sample_users_initializer - INFO - 用户已存在，跳过添加: 孙嘉乐
2026-04-01 11:52:49,267 - sample_users_initializer - INFO - 用户已存在，跳过添加: 马天宇
2026-04-01 11:52:49,267 - sample_users_initializer - INFO - 用户已存在，跳过添加: 朱梓晨
2026-04-01 11:52:49,267 - sample_users_initializer - INFO - 用户已存在，跳过添加: 胡文杰
2026-04-01 11:52:49,267 - sample_users_initializer - INFO - 用户已存在，跳过添加: 林泽宇
2026-04-01 11:52:49,268 - sample_users_initializer - INFO - 用户已存在，跳过添加: 李雨桐
2026-04-01 11:52:49,268 - sample_users_initializer - INFO - 用户已存在，跳过添加: 王若曦
2026-04-01 11:52:49,268 - sample_users_initializer - INFO - 用户已存在，跳过添加: 张梓涵
2026-04-01 11:52:49,269 - sample_users_initializer - INFO - 用户已存在，跳过添加: 刘梦瑶
2026-04-01 11:52:49,269 - sample_users_initializer - INFO - 用户已存在，跳过添加: 陈欣怡
2026-04-01 11:52:49,269 - sample_users_initializer - INFO - 用户已存在，跳过添加: 杨雨薇
2026-04-01 11:52:49,270 - sample_users_initializer - INFO - 用户已存在，跳过添加: 黄诗涵
2026-04-01 11:52:49,270 - sample_users_initializer - INFO - 用户已存在，跳过添加: 吴雨萱
2026-04-01 11:52:49,270 - sample_users_initializer - INFO - 用户已存在，跳过添加: 周思彤
2026-04-01 11:52:49,271 - sample_users_initializer - INFO - 用户已存在，跳过添加: 徐佳宁
2026-04-01 11:52:49,271 - sample_users_initializer - INFO - 用户已存在，跳过添加: 孙雅琪
2026-04-01 11:52:49,271 - sample_users_initializer - INFO - 用户已存在，跳过添加: 马语桐
2026-04-01 11:52:49,271 - sample_users_initializer - INFO - 用户已存在，跳过添加: 朱欣悦
2026-04-01 11:52:49,272 - sample_users_initializer - INFO - 用户已存在，跳过添加: 胡静怡
2026-04-01 11:52:49,272 - sample_users_initializer - INFO - 用户已存在，跳过添加: 林婉清
2026-04-01 11:52:49,310 - __main__ - INFO - 启动AI对话助手 v1.0.0
2026-04-01 11:52:49,310 - __main__ - INFO - 服务地址: http://0.0.0.0:8001
2026-04-01 11:52:49,369 - backend.utils.database - INFO - 开始初始化示例用户...
2026-04-01 11:52:49,370 - backend.utils.db_core - INFO - 数据库初始化成功，文件路径: E:\信安暖驿——基于信息保护的医患交流分享平台\源码\xant66-app-source~\xant66-app-source\database\forum.db
2026-04-01 11:52:49,371 - backend.utils.db_core - INFO - 系统密钥加载成功
2026-04-01 11:52:49,371 - backend.utils.db_core - INFO - [db_users] 初始化UserDatabase，使用的数据库路径: E:\信安暖驿——基于信息保护的医患交流分享平台\源码\xant66-app-source~\xant66-app-source\database\forum.db
2026-04-01 11:52:49,371 - sample_users_initializer - INFO - 初始化SampleUserInitializer，使用数据库路径: E:\信安暖驿——基于信息保护的医患交流分享平台\源码\xant66-app-source~\xant66-app-source\database\forum.db
2026-04-01 11:52:49,371 - sample_users_initializer - INFO - 用户已存在，跳过添加: 洪汉博
2026-04-01 11:52:49,371 - sample_users_initializer - INFO - 用户已存在，跳过添加: 石皓文
2026-04-01 11:52:49,373 - sample_users_initializer - INFO - 用户已存在，跳过添加: 张心泽
2026-04-01 11:52:49,373 - sample_users_initializer - INFO - 用户已存在，跳过添加: 郑伊萍
2026-04-01 11:52:49,373 - sample_users_initializer - INFO - 用户已存在，跳过添加: 笪媛媛
2026-04-01 11:52:49,374 - sample_users_initializer - INFO - 用户已存在，跳过添加: 孟尚婉
2026-04-01 11:52:49,374 - sample_users_initializer - INFO - 用户已存在，跳过添加: 陈宇轩
2026-04-01 11:52:49,374 - sample_users_initializer - INFO - 用户已存在，跳过添加: 李明哲
2026-04-01 11:52:49,375 - sample_users_initializer - INFO - 用户已存在，跳过添加: 王浩宇
2026-04-01 11:52:49,375 - sample_users_initializer - INFO - 用户已存在，跳过添加: 刘嘉豪
2026-04-01 11:52:49,375 - sample_users_initializer - INFO - 用户已存在，跳过添加: 张子轩
2026-04-01 11:52:49,376 - sample_users_initializer - INFO - 用户已存在，跳过添加: 杨博文
2026-04-01 11:52:49,376 - sample_users_initializer - INFO - 用户已存在，跳过添加: 黄俊凯
2026-04-01 11:52:49,376 - sample_users_initializer - INFO - 用户已存在，跳过添加: 吴泽宇
2026-04-01 11:52:49,377 - sample_users_initializer - INFO - 用户已存在，跳过添加: 周星辰
2026-04-01 11:52:49,377 - sample_users_initializer - INFO - 用户已存在，跳过添加: 徐浩然
2026-04-01 11:52:49,380 - sample_users_initializer - INFO - 用户已存在，跳过添加: 孙嘉乐
2026-04-01 11:52:49,380 - sample_users_initializer - INFO - 用户已存在，跳过添加: 马天宇
2026-04-01 11:52:49,381 - sample_users_initializer - INFO - 用户已存在，跳过添加: 朱梓晨
2026-04-01 11:52:49,381 - sample_users_initializer - INFO - 用户已存在，跳过添加: 胡文杰
2026-04-01 11:52:49,382 - sample_users_initializer - INFO - 用户已存在，跳过添加: 林泽宇
2026-04-01 11:52:49,382 - sample_users_initializer - INFO - 用户已存在，跳过添加: 李雨桐
2026-04-01 11:52:49,384 - sample_users_initializer - INFO - 用户已存在，跳过添加: 王若曦
2026-04-01 11:52:49,384 - sample_users_initializer - INFO - 用户已存在，跳过添加: 张梓涵
2026-04-01 11:52:49,385 - sample_users_initializer - INFO - 用户已存在，跳过添加: 刘梦瑶
2026-04-01 11:52:49,386 - sample_users_initializer - INFO - 用户已存在，跳过添加: 陈欣怡
2026-04-01 11:52:49,387 - sample_users_initializer - INFO - 用户已存在，跳过添加: 杨雨薇
2026-04-01 11:52:49,387 - sample_users_initializer - INFO - 用户已存在，跳过添加: 黄诗涵
2026-04-01 11:52:49,388 - sample_users_initializer - INFO - 用户已存在，跳过添加: 吴雨萱
2026-04-01 11:52:49,388 - sample_users_initializer - INFO - 用户已存在，跳过添加: 周思彤
2026-04-01 11:52:49,389 - sample_users_initializer - INFO - 用户已存在，跳过添加: 徐佳宁
2026-04-01 11:52:49,389 - sample_users_initializer - INFO - 用户已存在，跳过添加: 孙雅琪
2026-04-01 11:52:49,391 - sample_users_initializer - INFO - 用户已存在，跳过添加: 马语桐
2026-04-01 11:52:49,391 - sample_users_initializer - INFO - 用户已存在，跳过添加: 朱欣悦
2026-04-01 11:52:49,391 - sample_users_initializer - INFO - 用户已存在，跳过添加: 胡静怡
2026-04-01 11:52:49,391 - sample_users_initializer - INFO - 用户已存在，跳过添加: 林婉清
2026-04-01 16:40:47,006 - backend.utils.db_core - INFO - 密码学库导入成功
2026-04-01 16:40:47,008 - auth_routes - INFO - UserDatabase imported from: E:\信安暖驿——基于信息保护的医患交流分享平台\源码\xant66-app-source~\xant66-app-source\backend\utils\db_users_core.py
2026-04-01 16:40:47,008 - auth_routes - INFO - UserDatabase methods: ['__class__', '__delattr__', '__dict__', '__dir__', '__doc__', '__eq__', '__format__', '__ge__', '__getattribute__', '__gt__', '__hash__', '__init__', '__init_subclass__', '__le__', '__lt__', '__module__', '__ne__', '__new__', '__reduce__', '__reduce_ex__', '__repr__', '__setattr__', '__sizeof__', '__str__', '__subclasshook__', '__weakref__', '_get_connection', '_init_db', '_kdf', '_load_or_generate_system_keys', 'add_user', 'ban_user', 'delete_user', 'disable_connection_pool', 'enable_connection_pool', 'get_all_users', 'get_total_users_count', 'get_user_by_email', 'get_user_by_id', 'get_user_by_username', 'get_user_collection_count', 'get_user_count', 'get_user_followers_count', 'get_user_following_count', 'get_user_post_count', 'get_user_posts', 'get_user_profile', 'search_users', 'unban_user', 'update_user_profile', 'verify_user']
2026-04-01 16:40:47,018 - backend.utils.db_core - INFO - 数据库初始化成功，文件路径: E:\信安暖驿——基于信息保护的医患交流分享平台\源码\xant66-app-source~\xant66-app-source\database\forum.db
2026-04-01 16:40:47,026 - backend.utils.db_core - INFO - 系统密钥加载成功
2026-04-01 16:40:47,026 - backend.utils.db_core - INFO - [db_users] 初始化UserDatabase，使用的数据库路径: E:\信安暖驿——基于信息保护的医患交流分享平台\源码\xant66-app-source~\xant66-app-source\database\forum.db
2026-04-01 16:40:47,026 - auth_routes - INFO - user_db instance type: <class 'backend.utils.db_users_core.ExtendedUserDatabase'>
2026-04-01 16:40:47,026 - auth_routes - INFO - user_db methods: ['add_user', 'ban_user', 'db_path', 'delete_user', 'disable_connection_pool', 'enable_connection_pool', 'get_all_users', 'get_total_users_count', 'get_user_by_email', 'get_user_by_id', 'get_user_by_username', 'get_user_collection_count', 'get_user_count', 'get_user_followers_count', 'get_user_following_count', 'get_user_post_count', 'get_user_posts', 'get_user_profile', 'private_key', 'public_key', 'search_users', 'unban_user', 'update_user_profile', 'verify_user']
2026-04-01 16:40:47,033 - backend.utils.db_core - INFO - 数据库初始化成功，文件路径: E:\信安暖驿——基于信息保护的医患交流分享平台\源码\xant66-app-source~\xant66-app-source\database\forum.db
2026-04-01 16:40:47,033 - backend.utils.db_core - INFO - 系统密钥加载成功
2026-04-01 16:40:47,035 - backend.utils.db_core - INFO - 数据库初始化成功，文件路径: E:\信安暖驿——基于信息保护的医患交流分享平台\源码\xant66-app-source~\xant66-app-source\database\forum.db
2026-04-01 16:40:47,035 - backend.utils.db_core - INFO - 系统密钥加载成功
2026-04-01 16:40:47,035 - backend.utils.db_core - INFO - 数据库初始化成功，文件路径: E:\信安暖驿——基于信息保护的医患交流分享平台\源码\xant66-app-source~\xant66-app-source\database\forum.db
2026-04-01 16:40:47,036 - backend.utils.db_core - INFO - 系统密钥加载成功
2026-04-01 16:40:47,036 - backend.utils.db_core - INFO - 数据库初始化成功，文件路径: E:\信安暖驿——基于信息保护的医患交流分享平台\源码\xant66-app-source~\xant66-app-source\database\forum.db
2026-04-01 16:40:47,038 - backend.utils.db_core - INFO - 系统密钥加载成功
2026-04-01 16:40:47,039 - backend.utils.db_core - INFO - 数据库初始化成功，文件路径: E:\信安暖驿——基于信息保护的医患交流分享平台\源码\xant66-app-source~\xant66-app-source\database\forum.db
2026-04-01 16:40:47,039 - backend.utils.db_core - INFO - 系统密钥加载成功
2026-04-01 16:40:47,048 - backend.utils.db_core - INFO - 数据库初始化成功，文件路径: E:\信安暖驿——基于信息保护的医患交流分享平台\源码\xant66-app-source~\xant66-app-source\database\forum.db
2026-04-01 16:40:47,048 - backend.utils.db_core - INFO - 系统密钥加载成功
2026-04-01 16:40:47,048 - backend.utils.db_core - INFO - [db_users] 初始化UserDatabase，使用的数据库路径: E:\信安暖驿——基于信息保护的医患交流分享平台\源码\xant66-app-source~\xant66-app-source\database\forum.db
2026-04-01 16:40:47,049 - lock_manager - INFO - [lock_manager] 锁表初始化成功
2026-04-01 16:40:47,049 - lock_manager - INFO - [lock_manager] 初始化锁管理器，使用的数据库路径: E:\信安暖驿——基于信息保护的医患交流分享平台\源码\xant66-app-source~\xant66-app-source\database\forum.db
2026-04-01 16:40:47,398 - backend.utils.database - INFO - 创建主数据库实例，使用路径: E:\信安暖驿——基于信息保护的医患交流分享平台\源码\xant66-app-source~\xant66-app-source\database\forum.db
2026-04-01 16:40:47,399 - backend.utils.db_core - INFO - 数据库初始化成功，文件路径: E:\信安暖驿——基于信息保护的医患交流分享平台\源码\xant66-app-source~\xant66-app-source\database\forum.db
2026-04-01 16:40:47,399 - backend.utils.db_core - INFO - 系统密钥加载成功
2026-04-01 16:40:47,399 - backend.utils.db_core - INFO - [db_users] 初始化UserDatabase，使用的数据库路径: E:\信安暖驿——基于信息保护的医患交流分享平台\源码\xant66-app-source~\xant66-app-source\database\forum.db
2026-04-01 16:40:47,401 - backend.utils.db_core - INFO - 已启用数据库连接池，大小: 5
2026-04-01 16:40:47,401 - backend.utils.db_integration - INFO - 数据库连接池已启用
2026-04-01 16:40:47,404 - backend.utils.db_integration - INFO - 成就管理器已初始化
2026-04-01 16:40:47,404 - backend.utils.db_integration - INFO - 数据库功能集成完成
2026-04-01 16:40:47,404 - backend.utils.database - INFO - 关注表初始化成功
2026-04-01 16:40:47,404 - backend.utils.database - INFO - 开始初始化示例用户...
2026-04-01 16:40:47,405 - backend.utils.db_core - INFO - 数据库初始化成功，文件路径: E:\信安暖驿——基于信息保护的医患交流分享平台\源码\xant66-app-source~\xant66-app-source\database\forum.db
2026-04-01 16:40:47,405 - backend.utils.db_core - INFO - 系统密钥加载成功
2026-04-01 16:40:47,405 - backend.utils.db_core - INFO - [db_users] 初始化UserDatabase，使用的数据库路径: E:\信安暖驿——基于信息保护的医患交流分享平台\源码\xant66-app-source~\xant66-app-source\database\forum.db
2026-04-01 16:40:47,405 - sample_users_initializer - INFO - 初始化SampleUserInitializer，使用数据库路径: E:\信安暖驿——基于信息保护的医患交流分享平台\源码\xant66-app-source~\xant66-app-source\database\forum.db
2026-04-01 16:40:47,406 - sample_users_initializer - INFO - 用户已存在，跳过添加: 洪汉博
2026-04-01 16:40:47,406 - sample_users_initializer - INFO - 用户已存在，跳过添加: 石皓文
2026-04-01 16:40:47,406 - sample_users_initializer - INFO - 用户已存在，跳过添加: 张心泽
2026-04-01 16:40:47,407 - sample_users_initializer - INFO - 用户已存在，跳过添加: 郑伊萍
2026-04-01 16:40:47,407 - sample_users_initializer - INFO - 用户已存在，跳过添加: 笪媛媛
2026-04-01 16:40:47,407 - sample_users_initializer - INFO - 用户已存在，跳过添加: 孟尚婉
2026-04-01 16:40:47,408 - sample_users_initializer - INFO - 用户已存在，跳过添加: 陈宇轩
2026-04-01 16:40:47,408 - sample_users_initializer - INFO - 用户已存在，跳过添加: 李明哲
2026-04-01 16:40:47,408 - sample_users_initializer - INFO - 用户已存在，跳过添加: 王浩宇
2026-04-01 16:40:47,409 - sample_users_initializer - INFO - 用户已存在，跳过添加: 刘嘉豪
2026-04-01 16:40:47,409 - sample_users_initializer - INFO - 用户已存在，跳过添加: 张子轩
2026-04-01 16:40:47,409 - sample_users_initializer - INFO - 用户已存在，跳过添加: 杨博文
2026-04-01 16:40:47,410 - sample_users_initializer - INFO - 用户已存在，跳过添加: 黄俊凯
2026-04-01 16:40:47,410 - sample_users_initializer - INFO - 用户已存在，跳过添加: 吴泽宇
2026-04-01 16:40:47,410 - sample_users_initializer - INFO - 用户已存在，跳过添加: 周星辰
2026-04-01 16:40:47,411 - sample_users_initializer - INFO - 用户已存在，跳过添加: 徐浩然
2026-04-01 16:40:47,411 - sample_users_initializer - INFO - 用户已存在，跳过添加: 孙嘉乐
2026-04-01 16:40:47,411 - sample_users_initializer - INFO - 用户已存在，跳过添加: 马天宇
2026-04-01 16:40:47,412 - sample_users_initializer - INFO - 用户已存在，跳过添加: 朱梓晨
2026-04-01 16:40:47,412 - sample_users_initializer - INFO - 用户已存在，跳过添加: 胡文杰
2026-04-01 16:40:47,412 - sample_users_initializer - INFO - 用户已存在，跳过添加: 林泽宇
2026-04-01 16:40:47,413 - sample_users_initializer - INFO - 用户已存在，跳过添加: 李雨桐
2026-04-01 16:40:47,413 - sample_users_initializer - INFO - 用户已存在，跳过添加: 王若曦
2026-04-01 16:40:47,413 - sample_users_initializer - INFO - 用户已存在，跳过添加: 张梓涵
2026-04-01 16:40:47,415 - sample_users_initializer - INFO - 用户已存在，跳过添加: 刘梦瑶
2026-04-01 16:40:47,415 - sample_users_initializer - INFO - 用户已存在，跳过添加: 陈欣怡
2026-04-01 16:40:47,416 - sample_users_initializer - INFO - 用户已存在，跳过添加: 杨雨薇
2026-04-01 16:40:47,416 - sample_users_initializer - INFO - 用户已存在，跳过添加: 黄诗涵
2026-04-01 16:40:47,417 - sample_users_initializer - INFO - 用户已存在，跳过添加: 吴雨萱
2026-04-01 16:40:47,417 - sample_users_initializer - INFO - 用户已存在，跳过添加: 周思彤
2026-04-01 16:40:47,417 - sample_users_initializer - INFO - 用户已存在，跳过添加: 徐佳宁
2026-04-01 16:40:47,418 - sample_users_initializer - INFO - 用户已存在，跳过添加: 孙雅琪
2026-04-01 16:40:47,418 - sample_users_initializer - INFO - 用户已存在，跳过添加: 马语桐
2026-04-01 16:40:47,418 - sample_users_initializer - INFO - 用户已存在，跳过添加: 朱欣悦
2026-04-01 16:40:47,419 - sample_users_initializer - INFO - 用户已存在，跳过添加: 胡静怡
2026-04-01 16:40:47,419 - sample_users_initializer - INFO - 用户已存在，跳过添加: 林婉清
2026-04-01 16:41:47,707 - backend.utils.db_core - INFO - [db_users] 找到用户 陈宇轩 的密码哈希，开始验证
2026-04-01 16:41:47,708 - backend.utils.db_core - INFO - [db_users] 密码哈希: {"version": 2, "mode": "aes_gc...
2026-04-01 16:41:47,708 - backend.utils.db_core - INFO - 密码验证 - 版本: 2
2026-04-01 16:41:47,708 - backend.utils.db_core - INFO - 使用高级加密验证方法
2026-04-01 16:41:47,708 - backend.utils.db_core - INFO - 使用AES-GCM加密模式验证
2026-04-01 16:41:47,709 - backend.utils.db_core - INFO - AES-GCM解密验证结果: True
2026-04-01 16:41:47,709 - auth_routes - INFO - User 陈宇轩 logged in successfully
