2025-11-10 10:09:26,156 - backend.utils.db_core - INFO - 密码学库导入成功
2025-11-10 10:09:26,162 - auth_routes - INFO - UserDatabase imported from: D:\接单\1000\论坛网站第4版(1)\backend\utils\db_users_core.py
2025-11-10 10:09:26,162 - auth_routes - INFO - UserDatabase methods: ['__class__', '__delattr__', '__dict__', '__dir__', '__doc__', '__eq__', '__format__', '__ge__', '__getattribute__', '__gt__', '__hash__', '__init__', '__init_subclass__', '__le__', '__lt__', '__module__', '__ne__', '__new__', '__reduce__', '__reduce_ex__', '__repr__', '__setattr__', '__sizeof__', '__str__', '__subclasshook__', '__weakref__', '_get_connection', '_init_db', '_kdf', '_load_or_generate_system_keys', 'add_user', 'ban_user', 'delete_user', 'get_all_users', 'get_total_users_count', 'get_user_by_email', 'get_user_by_id', 'get_user_by_username', 'get_user_collection_count', 'get_user_count', 'get_user_followers_count', 'get_user_following_count', 'get_user_post_count', 'get_user_posts', 'get_user_profile', 'search_users', 'unban_user', 'update_user_profile', 'verify_user']
2025-11-10 10:09:26,171 - backend.utils.db_core - INFO - 数据库初始化成功，文件路径: D:\接单\1000\论坛网站第4版(1)\backend\database\forum.db
2025-11-10 10:09:26,177 - backend.utils.db_core - INFO - 系统密钥加载成功
2025-11-10 10:09:26,178 - backend.utils.db_core - INFO - [db_users] 初始化UserDatabase，使用的数据库路径: D:\接单\1000\论坛网站第4版(1)\backend\database\forum.db
2025-11-10 10:09:26,178 - auth_routes - INFO - user_db instance type: <class 'backend.utils.db_users_core.ExtendedUserDatabase'>
2025-11-10 10:09:26,178 - auth_routes - INFO - user_db methods: ['add_user', 'ban_user', 'db_path', 'delete_user', 'get_all_users', 'get_total_users_count', 'get_user_by_email', 'get_user_by_id', 'get_user_by_username', 'get_user_collection_count', 'get_user_count', 'get_user_followers_count', 'get_user_following_count', 'get_user_post_count', 'get_user_posts', 'get_user_profile', 'private_key', 'public_key', 'search_users', 'unban_user', 'update_user_profile', 'verify_user']
2025-11-10 10:09:26,195 - backend.utils.db_core - INFO - 数据库初始化成功，文件路径: D:\接单\1000\论坛网站第4版(1)\backend\database\forum.db
2025-11-10 10:09:26,196 - backend.utils.db_core - INFO - 系统密钥加载成功
2025-11-10 10:09:26,202 - backend.utils.db_core - INFO - 数据库初始化成功，文件路径: D:\接单\1000\论坛网站第4版(1)\backend\database\forum.db
2025-11-10 10:09:26,203 - backend.utils.db_core - INFO - 系统密钥加载成功
2025-11-10 10:09:26,209 - backend.utils.db_core - INFO - 数据库初始化成功，文件路径: D:\接单\1000\论坛网站第4版(1)\backend\database\forum.db
2025-11-10 10:09:26,210 - backend.utils.db_core - INFO - 系统密钥加载成功
2025-11-10 10:09:26,219 - backend.utils.db_core - INFO - 数据库初始化成功，文件路径: D:\接单\1000\论坛网站第4版(1)\backend\database\forum.db
2025-11-10 10:09:26,222 - backend.utils.db_core - INFO - 系统密钥加载成功
2025-11-10 10:09:26,231 - backend.utils.db_core - INFO - 数据库初始化成功，文件路径: D:\接单\1000\论坛网站第4版(1)\backend\database\forum.db
2025-11-10 10:09:26,232 - backend.utils.db_core - INFO - 系统密钥加载成功
2025-11-10 10:09:26,258 - backend.utils.db_core - INFO - 数据库初始化成功，文件路径: D:\接单\1000\论坛网站第4版(1)\backend\database\forum.db
2025-11-10 10:09:26,259 - backend.utils.db_core - INFO - 系统密钥加载成功
2025-11-10 10:09:26,260 - backend.utils.db_core - INFO - [db_users] 初始化UserDatabase，使用的数据库路径: D:\接单\1000\论坛网站第4版(1)\backend\database\forum.db
2025-11-10 10:09:26,753 - backend.utils.database - INFO - 创建主数据库实例，使用路径: D:\接单\1000\论坛网站第4版(1)\backend\database\forum.db
2025-11-10 10:09:26,756 - backend.utils.db_core - INFO - 数据库初始化成功，文件路径: D:\接单\1000\论坛网站第4版(1)\backend\database\forum.db
2025-11-10 10:09:26,757 - backend.utils.db_core - INFO - 系统密钥加载成功
2025-11-10 10:09:26,757 - backend.utils.db_core - INFO - [db_users] 初始化UserDatabase，使用的数据库路径: D:\接单\1000\论坛网站第4版(1)\backend\database\forum.db
2025-11-10 10:09:26,758 - backend.utils.database - INFO - 关注表初始化成功
2025-11-10 10:09:26,760 - backend.utils.database - INFO - 开始初始化示例用户...
2025-11-10 10:09:26,762 - backend.utils.db_core - INFO - 数据库初始化成功，文件路径: D:\接单\1000\论坛网站第4版(1)\backend\database\forum.db
2025-11-10 10:09:26,763 - backend.utils.db_core - INFO - 系统密钥加载成功
2025-11-10 10:09:26,763 - backend.utils.db_core - INFO - [db_users] 初始化UserDatabase，使用的数据库路径: D:\接单\1000\论坛网站第4版(1)\backend\database\forum.db
2025-11-10 10:09:26,763 - sample_users_initializer - INFO - 初始化SampleUserInitializer，使用数据库路径: D:\接单\1000\论坛网站第4版(1)\backend\database\forum.db
2025-11-10 10:09:26,765 - sample_users_initializer - INFO - 用户已存在，跳过添加: 洪汉博
2025-11-10 10:09:26,766 - sample_users_initializer - INFO - 用户已存在，跳过添加: 石皓文
2025-11-10 10:09:26,767 - sample_users_initializer - INFO - 用户已存在，跳过添加: 张心泽
2025-11-10 10:09:26,768 - sample_users_initializer - INFO - 用户已存在，跳过添加: 郑伊萍
2025-11-10 10:09:26,770 - sample_users_initializer - INFO - 用户已存在，跳过添加: 笪媛媛
2025-11-10 10:09:26,771 - sample_users_initializer - INFO - 用户已存在，跳过添加: 孟尚婉
2025-11-10 10:09:26,917 - __main__ - INFO - 启动AI对话助手 v1.0.0
2025-11-10 10:09:26,918 - __main__ - INFO - 服务地址: http://0.0.0.0:8000
2025-11-10 10:09:27,081 - backend.utils.database - INFO - 开始初始化示例用户...
2025-11-10 10:09:27,084 - backend.utils.db_core - INFO - 数据库初始化成功，文件路径: D:\接单\1000\论坛网站第4版(1)\backend\database\forum.db
2025-11-10 10:09:27,085 - backend.utils.db_core - INFO - 系统密钥加载成功
2025-11-10 10:09:27,085 - backend.utils.db_core - INFO - [db_users] 初始化UserDatabase，使用的数据库路径: D:\接单\1000\论坛网站第4版(1)\backend\database\forum.db
2025-11-10 10:09:27,086 - sample_users_initializer - INFO - 初始化SampleUserInitializer，使用数据库路径: D:\接单\1000\论坛网站第4版(1)\backend\database\forum.db
2025-11-10 10:09:27,087 - sample_users_initializer - INFO - 用户已存在，跳过添加: 洪汉博
2025-11-10 10:09:27,089 - sample_users_initializer - INFO - 用户已存在，跳过添加: 石皓文
2025-11-10 10:09:27,090 - sample_users_initializer - INFO - 用户已存在，跳过添加: 张心泽
2025-11-10 10:09:27,091 - sample_users_initializer - INFO - 用户已存在，跳过添加: 郑伊萍
2025-11-10 10:09:27,093 - sample_users_initializer - INFO - 用户已存在，跳过添加: 笪媛媛
2025-11-10 10:09:27,095 - sample_users_initializer - INFO - 用户已存在，跳过添加: 孟尚婉
2025-11-10 10:09:35,246 - backend.api.article_routes - INFO - [文章列表] 获取文章列表 - 页码: 1, 每页: 10, 分类: None, 状态: approved, 搜索: None
2025-11-10 10:09:35,249 - backend.utils.db_core - INFO - 数据库初始化成功，文件路径: D:\接单\1000\论坛网站第4版(1)\backend\database\forum.db
2025-11-10 10:09:35,250 - backend.utils.db_core - INFO - 系统密钥加载成功
2025-11-10 10:09:35,252 - backend.api.article_routes - INFO - [文章列表成功] 返回 10 篇文章，总计 12 篇
2025-11-10 10:09:42,598 - backend.api.article_routes - INFO - [文章列表] 获取文章列表 - 页码: 1, 每页: 10, 分类: None, 状态: approved, 搜索: None
2025-11-10 10:09:42,601 - backend.utils.db_core - INFO - 数据库初始化成功，文件路径: D:\接单\1000\论坛网站第4版(1)\backend\database\forum.db
2025-11-10 10:09:42,602 - backend.utils.db_core - INFO - 系统密钥加载成功
2025-11-10 10:09:42,603 - backend.api.article_routes - INFO - [文章列表成功] 返回 10 篇文章，总计 12 篇
2025-11-10 10:17:57,101 - backend.api.article_routes - INFO - [文章列表] 获取文章列表 - 页码: 1, 每页: 10, 分类: None, 状态: approved, 搜索: None
2025-11-10 10:17:57,104 - backend.utils.db_core - INFO - 数据库初始化成功，文件路径: D:\接单\1000\论坛网站第4版(1)\backend\database\forum.db
2025-11-10 10:17:57,105 - backend.utils.db_core - INFO - 系统密钥加载成功
2025-11-10 10:17:57,107 - backend.api.article_routes - INFO - [文章列表成功] 返回 10 篇文章，总计 12 篇
2025-11-10 10:20:53,628 - auth_routes - INFO - 开始注册用户: xxgyyds
2025-11-10 10:20:53,641 - auth_routes - INFO - 检查用户名 xxgyyds 是否存在: False
2025-11-10 10:20:53,644 - auth_routes - INFO - 检查邮箱 2456993017@qq.com 是否存在: False
2025-11-10 10:20:53,644 - auth_routes - INFO - 开始创建用户: xxgyyds
2025-11-10 10:20:53,647 - backend.utils.db_core - INFO - 尝试使用高级加密方法处理密码
2025-11-10 10:20:53,682 - backend.utils.db_core - INFO - 成功添加用户: xxgyyds, 角色: 使用者, 用户ID: 13
2025-11-10 10:20:53,683 - auth_routes - INFO - 用户创建结果: user_id=13
2025-11-10 10:20:53,686 - auth_routes - INFO - New user registered: xxgyyds
2025-11-10 10:22:03,078 - auth_routes - INFO - 开始注册用户: 123
2025-11-10 10:22:03,080 - auth_routes - INFO - 检查用户名 123 是否存在: True
2025-11-10 10:22:03,080 - auth_routes - WARNING - Registration attempt with existing username: 123
2025-11-10 10:22:03,080 - auth_routes - ERROR - Error during registration: 
2025-11-10 10:22:07,717 - auth_routes - INFO - 开始注册用户: 123456789
2025-11-10 10:22:07,718 - auth_routes - INFO - 检查用户名 123456789 是否存在: False
2025-11-10 10:22:07,720 - auth_routes - INFO - 检查邮箱 123@qq.com 是否存在: True
2025-11-10 10:22:07,720 - auth_routes - WARNING - Registration attempt with existing email: 123@qq.com
2025-11-10 10:22:07,720 - auth_routes - ERROR - Error during registration: 
2025-11-10 10:22:11,877 - auth_routes - INFO - 开始注册用户: 123456789
2025-11-10 10:22:11,879 - auth_routes - INFO - 检查用户名 123456789 是否存在: False
2025-11-10 10:22:11,881 - auth_routes - INFO - 检查邮箱 123456789@qq.com 是否存在: False
2025-11-10 10:22:11,881 - auth_routes - INFO - 开始创建用户: 123456789
2025-11-10 10:22:11,883 - backend.utils.db_core - WARNING - 电话号码已被使用: 19912345678
2025-11-10 10:22:11,884 - auth_routes - INFO - 用户创建结果: user_id=None
2025-11-10 10:22:11,884 - auth_routes - ERROR - Error during registration: 
2025-11-10 10:22:24,767 - auth_routes - INFO - 开始注册用户: zxcvbn
2025-11-10 10:22:24,768 - auth_routes - INFO - 检查用户名 zxcvbn 是否存在: False
2025-11-10 10:22:24,770 - auth_routes - INFO - 检查邮箱 zxcvbn@qq.com 是否存在: False
2025-11-10 10:22:24,770 - auth_routes - INFO - 开始创建用户: zxcvbn
2025-11-10 10:22:24,772 - backend.utils.db_core - WARNING - 电话号码已被使用: 19912345678
2025-11-10 10:22:24,772 - auth_routes - INFO - 用户创建结果: user_id=None
2025-11-10 10:22:24,772 - auth_routes - ERROR - Error during registration: 
2025-11-10 10:22:40,046 - auth_routes - INFO - 开始注册用户: zxcvbn
2025-11-10 10:22:40,050 - auth_routes - INFO - 检查用户名 zxcvbn 是否存在: False
2025-11-10 10:22:40,062 - auth_routes - INFO - 检查邮箱 zxcvbn@qq.com 是否存在: False
2025-11-10 10:22:40,070 - auth_routes - INFO - 开始创建用户: zxcvbn
2025-11-10 10:22:40,083 - backend.utils.db_core - INFO - 尝试使用高级加密方法处理密码
2025-11-10 10:22:40,103 - backend.utils.db_core - INFO - 成功添加用户: zxcvbn, 角色: 使用者, 用户ID: 14
2025-11-10 10:22:40,107 - auth_routes - INFO - 用户创建结果: user_id=14
2025-11-10 10:22:40,108 - auth_routes - INFO - New user registered: zxcvbn
2025-11-10 10:32:12,187 - backend.utils.db_core - INFO - 密码学库导入成功
2025-11-10 10:32:12,193 - auth_routes - INFO - UserDatabase imported from: D:\接单\1000\论坛网站第4版(1)\backend\utils\db_users_core.py
2025-11-10 10:32:12,193 - auth_routes - INFO - UserDatabase methods: ['__class__', '__delattr__', '__dict__', '__dir__', '__doc__', '__eq__', '__format__', '__ge__', '__getattribute__', '__gt__', '__hash__', '__init__', '__init_subclass__', '__le__', '__lt__', '__module__', '__ne__', '__new__', '__reduce__', '__reduce_ex__', '__repr__', '__setattr__', '__sizeof__', '__str__', '__subclasshook__', '__weakref__', '_get_connection', '_init_db', '_kdf', '_load_or_generate_system_keys', 'add_user', 'ban_user', 'delete_user', 'get_all_users', 'get_total_users_count', 'get_user_by_email', 'get_user_by_id', 'get_user_by_username', 'get_user_collection_count', 'get_user_count', 'get_user_followers_count', 'get_user_following_count', 'get_user_post_count', 'get_user_posts', 'get_user_profile', 'search_users', 'unban_user', 'update_user_profile', 'verify_user']
2025-11-10 10:32:12,196 - backend.utils.db_core - INFO - 数据库初始化成功，文件路径: D:\接单\1000\论坛网站第4版(1)\backend\database\forum.db
2025-11-10 10:32:12,198 - backend.utils.db_core - INFO - 系统密钥加载成功
2025-11-10 10:32:12,198 - backend.utils.db_core - INFO - [db_users] 初始化UserDatabase，使用的数据库路径: D:\接单\1000\论坛网站第4版(1)\backend\database\forum.db
2025-11-10 10:32:12,199 - auth_routes - INFO - user_db instance type: <class 'backend.utils.db_users_core.ExtendedUserDatabase'>
2025-11-10 10:32:12,199 - auth_routes - INFO - user_db methods: ['add_user', 'ban_user', 'db_path', 'delete_user', 'get_all_users', 'get_total_users_count', 'get_user_by_email', 'get_user_by_id', 'get_user_by_username', 'get_user_collection_count', 'get_user_count', 'get_user_followers_count', 'get_user_following_count', 'get_user_post_count', 'get_user_posts', 'get_user_profile', 'private_key', 'public_key', 'search_users', 'unban_user', 'update_user_profile', 'verify_user']
2025-11-10 10:32:12,213 - backend.utils.db_core - INFO - 数据库初始化成功，文件路径: D:\接单\1000\论坛网站第4版(1)\backend\database\forum.db
2025-11-10 10:32:12,214 - backend.utils.db_core - INFO - 系统密钥加载成功
2025-11-10 10:32:12,218 - backend.utils.db_core - INFO - 数据库初始化成功，文件路径: D:\接单\1000\论坛网站第4版(1)\backend\database\forum.db
2025-11-10 10:32:12,219 - backend.utils.db_core - INFO - 系统密钥加载成功
2025-11-10 10:32:12,223 - backend.utils.db_core - INFO - 数据库初始化成功，文件路径: D:\接单\1000\论坛网站第4版(1)\backend\database\forum.db
2025-11-10 10:32:12,224 - backend.utils.db_core - INFO - 系统密钥加载成功
2025-11-10 10:32:12,226 - backend.utils.db_core - INFO - 数据库初始化成功，文件路径: D:\接单\1000\论坛网站第4版(1)\backend\database\forum.db
2025-11-10 10:32:12,227 - backend.utils.db_core - INFO - 系统密钥加载成功
2025-11-10 10:32:12,231 - backend.utils.db_core - INFO - 数据库初始化成功，文件路径: D:\接单\1000\论坛网站第4版(1)\backend\database\forum.db
2025-11-10 10:32:12,231 - backend.utils.db_core - INFO - 系统密钥加载成功
2025-11-10 10:32:12,256 - backend.utils.db_core - INFO - 数据库初始化成功，文件路径: D:\接单\1000\论坛网站第4版(1)\backend\database\forum.db
2025-11-10 10:32:12,257 - backend.utils.db_core - INFO - 系统密钥加载成功
2025-11-10 10:32:12,258 - backend.utils.db_core - INFO - [db_users] 初始化UserDatabase，使用的数据库路径: D:\接单\1000\论坛网站第4版(1)\backend\database\forum.db
2025-11-10 10:32:12,684 - backend.utils.database - INFO - 创建主数据库实例，使用路径: D:\接单\1000\论坛网站第4版(1)\backend\database\forum.db
2025-11-10 10:32:12,687 - backend.utils.db_core - INFO - 数据库初始化成功，文件路径: D:\接单\1000\论坛网站第4版(1)\backend\database\forum.db
2025-11-10 10:32:12,687 - backend.utils.db_core - INFO - 系统密钥加载成功
2025-11-10 10:32:12,688 - backend.utils.db_core - INFO - [db_users] 初始化UserDatabase，使用的数据库路径: D:\接单\1000\论坛网站第4版(1)\backend\database\forum.db
2025-11-10 10:32:12,689 - backend.utils.database - INFO - 关注表初始化成功
2025-11-10 10:32:12,691 - backend.utils.database - INFO - 开始初始化示例用户...
2025-11-10 10:32:12,692 - backend.utils.db_core - INFO - 数据库初始化成功，文件路径: D:\接单\1000\论坛网站第4版(1)\backend\database\forum.db
2025-11-10 10:32:12,693 - backend.utils.db_core - INFO - 系统密钥加载成功
2025-11-10 10:32:12,693 - backend.utils.db_core - INFO - [db_users] 初始化UserDatabase，使用的数据库路径: D:\接单\1000\论坛网站第4版(1)\backend\database\forum.db
2025-11-10 10:32:12,694 - sample_users_initializer - INFO - 初始化SampleUserInitializer，使用数据库路径: D:\接单\1000\论坛网站第4版(1)\backend\database\forum.db
2025-11-10 10:32:12,695 - sample_users_initializer - INFO - 用户已存在，跳过添加: 洪汉博
2025-11-10 10:32:12,696 - sample_users_initializer - INFO - 用户已存在，跳过添加: 石皓文
2025-11-10 10:32:12,698 - sample_users_initializer - INFO - 用户已存在，跳过添加: 张心泽
2025-11-10 10:32:12,699 - sample_users_initializer - INFO - 用户已存在，跳过添加: 郑伊萍
2025-11-10 10:32:12,699 - sample_users_initializer - INFO - 用户已存在，跳过添加: 笪媛媛
2025-11-10 10:32:12,702 - sample_users_initializer - INFO - 用户已存在，跳过添加: 孟尚婉
2025-11-10 10:32:12,838 - __main__ - INFO - 启动AI对话助手 v1.0.0
2025-11-10 10:32:12,838 - __main__ - INFO - 服务地址: http://0.0.0.0:8000
2025-11-10 10:32:13,000 - backend.utils.database - INFO - 开始初始化示例用户...
2025-11-10 10:32:13,004 - backend.utils.db_core - INFO - 数据库初始化成功，文件路径: D:\接单\1000\论坛网站第4版(1)\backend\database\forum.db
2025-11-10 10:32:13,006 - backend.utils.db_core - INFO - 系统密钥加载成功
2025-11-10 10:32:13,007 - backend.utils.db_core - INFO - [db_users] 初始化UserDatabase，使用的数据库路径: D:\接单\1000\论坛网站第4版(1)\backend\database\forum.db
2025-11-10 10:32:13,007 - sample_users_initializer - INFO - 初始化SampleUserInitializer，使用数据库路径: D:\接单\1000\论坛网站第4版(1)\backend\database\forum.db
2025-11-10 10:32:13,009 - sample_users_initializer - INFO - 用户已存在，跳过添加: 洪汉博
2025-11-10 10:32:13,011 - sample_users_initializer - INFO - 用户已存在，跳过添加: 石皓文
2025-11-10 10:32:13,014 - sample_users_initializer - INFO - 用户已存在，跳过添加: 张心泽
2025-11-10 10:32:13,015 - sample_users_initializer - INFO - 用户已存在，跳过添加: 郑伊萍
2025-11-10 10:32:13,017 - sample_users_initializer - INFO - 用户已存在，跳过添加: 笪媛媛
2025-11-10 10:32:13,019 - sample_users_initializer - INFO - 用户已存在，跳过添加: 孟尚婉
2025-11-10 10:32:21,399 - backend.api.article_routes - INFO - [文章列表] 获取文章列表 - 页码: 1, 每页: 10, 分类: None, 状态: approved, 搜索: None
2025-11-10 10:32:21,401 - backend.utils.db_core - INFO - 数据库初始化成功，文件路径: D:\接单\1000\论坛网站第4版(1)\backend\database\forum.db
2025-11-10 10:32:21,401 - backend.utils.db_core - INFO - 系统密钥加载成功
2025-11-10 10:32:21,402 - backend.api.article_routes - INFO - [文章列表成功] 返回 10 篇文章，总计 12 篇
